#
# There is insufficient memory for the Java Runtime Environment to continue.
# Native memory allocation (mmap) failed to map 68681728 bytes for committing reserved memory.
# Possible reasons:
#   The system is out of physical RAM or swap space
#   In 32 bit mode, the process size limit was hit
# Possible solutions:
#   Reduce memory load on the system
#   Increase physical memory or swap space
#   Check if swap backing store is full
#   Use 64 bit Java on a 64 bit OS
#   Decrease Java heap size (-Xmx/-Xms)
#   Decrease number of Java threads
#   Decrease Java thread stack sizes (-Xss)
#   Set larger code cache with -XX:ReservedCodeCacheSize=
# This output file may be truncated or incomplete.
#
#  Out of Memory Error (os_linux.cpp:2640), pid=11167, tid=0x00007f96ef8f8700
#
# JRE version: Java(TM) SE Runtime Environment (8.0_181-b13) (build 1.8.0_181-b13)
# Java VM: Java HotSpot(TM) 64-Bit Server VM (25.181-b13 mixed mode linux-amd64 compressed oops)
# Failed to write core dump. Core dumps have been disabled. To enable core dumping, try "ulimit -c unlimited" before starting Java again
#

---------------  T H R E A D  ---------------

Current thread (0x00007f970c079800):  VMThread [stack: 0x00007f96ef7f9000,0x00007f96ef8f9000] [id=11174]

Stack: [0x00007f96ef7f9000,0x00007f96ef8f9000],  sp=0x00007f96ef8f7140,  free space=1016k
Native frames: (J=compiled Java code, j=interpreted, Vv=VM code, C=native code)
V  [libjvm.so+0xad21aa]  VMError::report_and_die()+0x2ba
V  [libjvm.so+0x5022db]  report_vm_out_of_memory(char const*, int, unsigned long, VMErrorType, char const*)+0x8b
V  [libjvm.so+0x92fe33]  os::Linux::commit_memory_impl(char*, unsigned long, bool)+0x123
V  [libjvm.so+0x930059]  os::pd_commit_memory(char*, unsigned long, unsigned long, bool)+0x29
V  [libjvm.so+0x9272ba]  os::commit_memory(char*, unsigned long, unsigned long, bool)+0x2a
V  [libjvm.so+0x99d2e3]  PSVirtualSpace::expand_by(unsigned long)+0x53
V  [libjvm.so+0x99e6e8]  PSYoungGen::resize_generation(unsigned long, unsigned long)+0xf8
V  [libjvm.so+0x99d842]  PSYoungGen::resize(unsigned long, unsigned long)+0x22
V  [libjvm.so+0x99ab1b]  PSScavenge::invoke_no_policy()+0xf3b
V  [libjvm.so+0x99b2a1]  PSScavenge::invoke()+0x41
V  [libjvm.so+0x951d70]  ParallelScavengeHeap::failed_mem_allocate(unsigned long)+0x70
V  [libjvm.so+0xad3c27]  VM_ParallelGCFailedAllocation::doit()+0x97
V  [libjvm.so+0xadb745]  VM_Operation::evaluate()+0x55
V  [libjvm.so+0xad9b0a]  VMThread::evaluate_operation(VM_Operation*)+0xba
V  [libjvm.so+0xad9e8e]  VMThread::loop()+0x1ce
V  [libjvm.so+0xada300]  VMThread::run()+0x70
V  [libjvm.so+0x930198]  java_start(Thread*)+0x108

VM_Operation (0x00007f96ee20caf0): ParallelGCFailedAllocation, mode: safepoint, requested by thread 0x00007f970ca25800


---------------  P R O C E S S  ---------------

Java Threads: ( => current thread )
  0x00007f970ca5a000 JavaThread "/0:0:0:0:0:0:0:1:60238 to /0:0:0:0:0:0:0:1:34795 workers Thread 3" [_thread_in_native, id=11189, stack(0x00007f96edf10000,0x00007f96ee011000)]
  0x00007f970ca55000 JavaThread "/0:0:0:0:0:0:0:1:60238 to /0:0:0:0:0:0:0:1:34795 workers Thread 2" [_thread_blocked, id=11188, stack(0x00007f96ee011000,0x00007f96ee112000)]
  0x00007f970ca25800 JavaThread "Test worker" [_thread_blocked, id=11187, stack(0x00007f96ee112000,0x00007f96ee213000)]
  0x00007f970c105800 JavaThread "Service Thread" daemon [_thread_blocked, id=11181, stack(0x00007f96eece2000,0x00007f96eede3000)]
  0x00007f970c0fa800 JavaThread "C1 CompilerThread2" daemon [_thread_blocked, id=11180, stack(0x00007f96eede4000,0x00007f96eeee4000)]
  0x00007f970c0f8000 JavaThread "C2 CompilerThread1" daemon [_thread_blocked, id=11179, stack(0x00007f96eeee5000,0x00007f96eefe5000)]
  0x00007f970c0f6800 JavaThread "C2 CompilerThread0" daemon [_thread_blocked, id=11178, stack(0x00007f96eefe6000,0x00007f96ef0e6000)]
  0x00007f970c0f4000 JavaThread "Signal Dispatcher" daemon [_thread_blocked, id=11177, stack(0x00007f96ef0e6000,0x00007f96ef1e7000)]
  0x00007f970c086000 JavaThread "Finalizer" daemon [_thread_blocked, id=11176, stack(0x00007f96ef5f6000,0x00007f96ef6f7000)]
  0x00007f970c083800 JavaThread "Reference Handler" daemon [_thread_blocked, id=11175, stack(0x00007f96ef6f7000,0x00007f96ef7f8000)]
  0x00007f970c00b800 JavaThread "main" [_thread_blocked, id=11169, stack(0x00007f97130c5000,0x00007f97131c5000)]

Other Threads:
=>0x00007f970c079800 VMThread [stack: 0x00007f96ef7f9000,0x00007f96ef8f9000] [id=11174]
  0x00007f970c10b000 WatcherThread [stack: 0x00007f96eebe2000,0x00007f96eece2000] [id=11182]

VM state:at safepoint (normal execution)

VM Mutex/Monitor currently owned by a thread:  ([mutex/lock_event])
[0x00007f970c007ec0] Threads_lock - owner thread: 0x00007f970c079800
[0x00007f970c0083c0] Heap_lock - owner thread: 0x00007f970ca25800

Heap:
 PSYoungGen      total 104960K, used 7678K [0x00000000e1500000, 0x00000000e8400000, 0x0000000100000000)
  eden space 97280K, 0% used [0x00000000e1500000,0x00000000e1500000,0x00000000e7400000)
  from space 7680K, 99% used [0x00000000e7400000,0x00000000e7b7fba0,0x00000000e7b80000)
  to   space 6656K, 0% used [0x00000000e7b80000,0x00000000e7b80000,0x00000000e8200000)
 ParOldGen       total 41984K, used 8281K [0x00000000a3e00000, 0x00000000a6700000, 0x00000000e1500000)
  object space 41984K, 19% used [0x00000000a3e00000,0x00000000a4616768,0x00000000a6700000)
 Metaspace       used 27015K, capacity 27974K, committed 28160K, reserved 1073152K
  class space    used 3559K, capacity 3789K, committed 3840K, reserved 1048576K

Card table byte_map: [0x00007f96fc95e000,0x00007f96fcc40000] byte_map_base: 0x00007f96fc43f000

Marking Bits: (ParMarkBitMap*) 0x00007f97125630a0
 Begin Bits: [0x00007f96f51f0000, 0x00007f96f68f8000)
 End Bits:   [0x00007f96f68f8000, 0x00007f96f8000000)

Polling page: 0x00007f97131de000

CodeCache: size=245760Kb used=7476Kb max_used=7487Kb free=238283Kb
 bounds [0x00007f96fd000000, 0x00007f96fd760000, 0x00007f970c000000]
 total_blobs=2584 nmethods=2191 adapters=306
 compilation: enabled

Compilation events (10 events):
Event: 38,336 Thread 0x00007f970c0fa800 nmethod 2203 0x00007f96fd7483d0 code [0x00007f96fd748560, 0x00007f96fd748928]
Event: 38,336 Thread 0x00007f970c0fa800 2197       3       org.springframework.core.env.SystemEnvironmentPropertySource::checkPropertyName (97 bytes)
Event: 38,355 Thread 0x00007f970c0fa800 nmethod 2197 0x00007f96fd7476d0 code [0x00007f96fd7478e0, 0x00007f96fd748178]
Event: 38,355 Thread 0x00007f970c0fa800 2198       3       org.springframework.boot.context.properties.source.ConfigurationPropertyName::getElement (115 bytes)
Event: 38,428 Thread 0x00007f970c0fa800 nmethod 2198 0x00007f96fd74ea50 code [0x00007f96fd74eca0, 0x00007f96fd74f788]
Event: 38,429 Thread 0x00007f970c0fa800 2196       3       org.springframework.boot.logging.logback.LogbackLoggingSystem$1::decide (4 bytes)
Event: 38,432 Thread 0x00007f970c0fa800 nmethod 2196 0x00007f96fd74e710 code [0x00007f96fd74e880, 0x00007f96fd74e9d0]
Event: 38,432 Thread 0x00007f970c0fa800 2194       3       java.util.LinkedHashMap$LinkedKeySet::size (8 bytes)
Event: 38,432 Thread 0x00007f970c0fa800 nmethod 2194 0x00007f96fd74e390 code [0x00007f96fd74e500, 0x00007f96fd74e650]
Event: 38,795 Thread 0x00007f970c0f6800 nmethod 2199 0x00007f96fd752910 code [0x00007f96fd752a60, 0x00007f96fd752ad8]

GC Heap History (10 events):
Event: 2,199 GC heap after
Heap after GC invocations=3 (full 0):
 PSYoungGen      total 28160K, used 3568K [0x00000000e1500000, 0x00000000e4c00000, 0x0000000100000000)
  eden space 24576K, 0% used [0x00000000e1500000,0x00000000e1500000,0x00000000e2d00000)
  from space 3584K, 99% used [0x00000000e2d00000,0x00000000e307c3e0,0x00000000e3080000)
  to   space 3584K, 0% used [0x00000000e4880000,0x00000000e4880000,0x00000000e4c00000)
 ParOldGen       total 64512K, used 2261K [0x00000000a3e00000, 0x00000000a7d00000, 0x00000000e1500000)
  object space 64512K, 3% used [0x00000000a3e00000,0x00000000a4035450,0x00000000a7d00000)
 Metaspace       used 12870K, capacity 13204K, committed 13312K, reserved 1060864K
  class space    used 1611K, capacity 1738K, committed 1792K, reserved 1048576K
}
Event: 2,431 GC heap before
{Heap before GC invocations=4 (full 0):
 PSYoungGen      total 28160K, used 28144K [0x00000000e1500000, 0x00000000e4c00000, 0x0000000100000000)
  eden space 24576K, 100% used [0x00000000e1500000,0x00000000e2d00000,0x00000000e2d00000)
  from space 3584K, 99% used [0x00000000e2d00000,0x00000000e307c3e0,0x00000000e3080000)
  to   space 3584K, 0% used [0x00000000e4880000,0x00000000e4880000,0x00000000e4c00000)
 ParOldGen       total 64512K, used 2261K [0x00000000a3e00000, 0x00000000a7d00000, 0x00000000e1500000)
  object space 64512K, 3% used [0x00000000a3e00000,0x00000000a4035450,0x00000000a7d00000)
 Metaspace       used 14461K, capacity 14938K, committed 15104K, reserved 1062912K
  class space    used 1836K, capacity 1989K, committed 2048K, reserved 1048576K
Event: 2,448 GC heap after
Heap after GC invocations=4 (full 0):
 PSYoungGen      total 52736K, used 3568K [0x00000000e1500000, 0x00000000e4c00000, 0x0000000100000000)
  eden space 49152K, 0% used [0x00000000e1500000,0x00000000e1500000,0x00000000e4500000)
  from space 3584K, 99% used [0x00000000e4880000,0x00000000e4bfc3f0,0x00000000e4c00000)
  to   space 3584K, 0% used [0x00000000e4500000,0x00000000e4500000,0x00000000e4880000)
 ParOldGen       total 64512K, used 3702K [0x00000000a3e00000, 0x00000000a7d00000, 0x00000000e1500000)
  object space 64512K, 5% used [0x00000000a3e00000,0x00000000a419dad8,0x00000000a7d00000)
 Metaspace       used 14461K, capacity 14938K, committed 15104K, reserved 1062912K
  class space    used 1836K, capacity 1989K, committed 2048K, reserved 1048576K
}
Event: 2,709 GC heap before
{Heap before GC invocations=5 (full 0):
 PSYoungGen      total 52736K, used 52720K [0x00000000e1500000, 0x00000000e4c00000, 0x0000000100000000)
  eden space 49152K, 100% used [0x00000000e1500000,0x00000000e4500000,0x00000000e4500000)
  from space 3584K, 99% used [0x00000000e4880000,0x00000000e4bfc3f0,0x00000000e4c00000)
  to   space 3584K, 0% used [0x00000000e4500000,0x00000000e4500000,0x00000000e4880000)
 ParOldGen       total 64512K, used 3702K [0x00000000a3e00000, 0x00000000a7d00000, 0x00000000e1500000)
  object space 64512K, 5% used [0x00000000a3e00000,0x00000000a419dad8,0x00000000a7d00000)
 Metaspace       used 17640K, capacity 18350K, committed 18432K, reserved 1064960K
  class space    used 2381K, capacity 2559K, committed 2560K, reserved 1048576K
Event: 2,722 GC heap after
Heap after GC invocations=5 (full 0):
 PSYoungGen      total 52736K, used 3552K [0x00000000e1500000, 0x00000000e8200000, 0x0000000100000000)
  eden space 49152K, 0% used [0x00000000e1500000,0x00000000e1500000,0x00000000e4500000)
  from space 3584K, 99% used [0x00000000e4500000,0x00000000e48783c0,0x00000000e4880000)
  to   space 6656K, 0% used [0x00000000e7b80000,0x00000000e7b80000,0x00000000e8200000)
 ParOldGen       total 64512K, used 6643K [0x00000000a3e00000, 0x00000000a7d00000, 0x00000000e1500000)
  object space 64512K, 10% used [0x00000000a3e00000,0x00000000a447cfe0,0x00000000a7d00000)
 Metaspace       used 17640K, capacity 18350K, committed 18432K, reserved 1064960K
  class space    used 2381K, capacity 2559K, committed 2560K, reserved 1048576K
}
Event: 2,936 GC heap before
{Heap before GC invocations=6 (full 0):
 PSYoungGen      total 52736K, used 43473K [0x00000000e1500000, 0x00000000e8200000, 0x0000000100000000)
  eden space 49152K, 81% used [0x00000000e1500000,0x00000000e3bfc0e8,0x00000000e4500000)
  from space 3584K, 99% used [0x00000000e4500000,0x00000000e48783c0,0x00000000e4880000)
  to   space 6656K, 0% used [0x00000000e7b80000,0x00000000e7b80000,0x00000000e8200000)
 ParOldGen       total 64512K, used 6643K [0x00000000a3e00000, 0x00000000a7d00000, 0x00000000e1500000)
  object space 64512K, 10% used [0x00000000a3e00000,0x00000000a447cfe0,0x00000000a7d00000)
 Metaspace       used 20571K, capacity 21264K, committed 21296K, reserved 1067008K
  class space    used 2762K, capacity 2928K, committed 2944K, reserved 1048576K
Event: 2,945 GC heap after
Heap after GC invocations=6 (full 0):
 PSYoungGen      total 103936K, used 6651K [0x00000000e1500000, 0x00000000e8400000, 0x0000000100000000)
  eden space 97280K, 0% used [0x00000000e1500000,0x00000000e1500000,0x00000000e7400000)
  from space 6656K, 99% used [0x00000000e7b80000,0x00000000e81fef20,0x00000000e8200000)
  to   space 7680K, 0% used [0x00000000e7400000,0x00000000e7400000,0x00000000e7b80000)
 ParOldGen       total 64512K, used 7110K [0x00000000a3e00000, 0x00000000a7d00000, 0x00000000e1500000)
  object space 64512K, 11% used [0x00000000a3e00000,0x00000000a44f19e0,0x00000000a7d00000)
 Metaspace       used 20571K, capacity 21264K, committed 21296K, reserved 1067008K
  class space    used 2762K, capacity 2928K, committed 2944K, reserved 1048576K
}
Event: 2,945 GC heap before
{Heap before GC invocations=7 (full 1):
 PSYoungGen      total 103936K, used 6651K [0x00000000e1500000, 0x00000000e8400000, 0x0000000100000000)
  eden space 97280K, 0% used [0x00000000e1500000,0x00000000e1500000,0x00000000e7400000)
  from space 6656K, 99% used [0x00000000e7b80000,0x00000000e81fef20,0x00000000e8200000)
  to   space 7680K, 0% used [0x00000000e7400000,0x00000000e7400000,0x00000000e7b80000)
 ParOldGen       total 64512K, used 7110K [0x00000000a3e00000, 0x00000000a7d00000, 0x00000000e1500000)
  object space 64512K, 11% used [0x00000000a3e00000,0x00000000a44f19e0,0x00000000a7d00000)
 Metaspace       used 20571K, capacity 21264K, committed 21296K, reserved 1067008K
  class space    used 2762K, capacity 2928K, committed 2944K, reserved 1048576K
Event: 2,981 GC heap after
Heap after GC invocations=7 (full 1):
 PSYoungGen      total 103936K, used 0K [0x00000000e1500000, 0x00000000e8400000, 0x0000000100000000)
  eden space 97280K, 0% used [0x00000000e1500000,0x00000000e1500000,0x00000000e7400000)
  from space 6656K, 0% used [0x00000000e7b80000,0x00000000e7b80000,0x00000000e8200000)
  to   space 7680K, 0% used [0x00000000e7400000,0x00000000e7400000,0x00000000e7b80000)
 ParOldGen       total 41984K, used 8013K [0x00000000a3e00000, 0x00000000a6700000, 0x00000000e1500000)
  object space 41984K, 19% used [0x00000000a3e00000,0x00000000a45d3668,0x00000000a6700000)
 Metaspace       used 20571K, capacity 21264K, committed 21296K, reserved 1067008K
  class space    used 2762K, capacity 2928K, committed 2944K, reserved 1048576K
}
Event: 39,529 GC heap before
{Heap before GC invocations=8 (full 1):
 PSYoungGen      total 103936K, used 97280K [0x00000000e1500000, 0x00000000e8400000, 0x0000000100000000)
  eden space 97280K, 100% used [0x00000000e1500000,0x00000000e7400000,0x00000000e7400000)
  from space 6656K, 0% used [0x00000000e7b80000,0x00000000e7b80000,0x00000000e8200000)
  to   space 7680K, 0% used [0x00000000e7400000,0x00000000e7400000,0x00000000e7b80000)
 ParOldGen       total 41984K, used 8013K [0x00000000a3e00000, 0x00000000a6700000, 0x00000000e1500000)
  object space 41984K, 19% used [0x00000000a3e00000,0x00000000a45d3668,0x00000000a6700000)
 Metaspace       used 27015K, capacity 27974K, committed 28160K, reserved 1073152K
  class space    used 3559K, capacity 3789K, committed 3840K, reserved 1048576K

Deoptimization events (10 events):
Event: 2,642 Thread 0x00007f970ca25800 Uncommon trap: reason=unstable_if action=reinterpret pc=0x00007f96fd47fc14 method=java.util.concurrent.ConcurrentHashMap.transfer([Ljava/util/concurrent/ConcurrentHashMap$Node;[Ljava/util/concurrent/ConcurrentHashMap$Node;)V @ 277
Event: 2,823 Thread 0x00007f96b81de800 Uncommon trap: reason=bimorphic action=maybe_recompile pc=0x00007f96fd3106d4 method=java.util.HashMap.putVal(ILjava/lang/Object;Ljava/lang/Object;ZZ)Ljava/lang/Object; @ 203
Event: 2,826 Thread 0x00007f96b81de800 Uncommon trap: reason=bimorphic action=maybe_recompile pc=0x00007f96fd3106d4 method=java.util.HashMap.putVal(ILjava/lang/Object;Ljava/lang/Object;ZZ)Ljava/lang/Object; @ 203
Event: 2,828 Thread 0x00007f96b81de800 Uncommon trap: reason=bimorphic action=maybe_recompile pc=0x00007f96fd3106d4 method=java.util.HashMap.putVal(ILjava/lang/Object;Ljava/lang/Object;ZZ)Ljava/lang/Object; @ 203
Event: 3,102 Thread 0x00007f970ca25800 Uncommon trap: reason=unstable_if action=reinterpret pc=0x00007f96fd3f1218 method=java.util.concurrent.ConcurrentHashMap.putVal(Ljava/lang/Object;Ljava/lang/Object;Z)Ljava/lang/Object; @ 113
Event: 3,102 Thread 0x00007f96b81de800 Uncommon trap: reason=unstable_if action=reinterpret pc=0x00007f96fd4b16d8 method=java.util.concurrent.ConcurrentHashMap.transfer([Ljava/util/concurrent/ConcurrentHashMap$Node;[Ljava/util/concurrent/ConcurrentHashMap$Node;)V @ 277
Event: 3,215 Thread 0x00007f96b81de800 Uncommon trap: reason=unstable_if action=reinterpret pc=0x00007f96fd4c6e64 method=jdk.internal.org.objectweb.asm.Type.getArgumentsAndReturnSizes(Ljava/lang/String;)I @ 47
Event: 3,246 Thread 0x00007f970ca25800 Uncommon trap: reason=unstable_if action=reinterpret pc=0x00007f96fd2848cc method=java.util.HashMap.hash(Ljava/lang/Object;)I @ 1
Event: 3,427 Thread 0x00007f970ca25800 Uncommon trap: reason=unstable_if action=reinterpret pc=0x00007f96fd45510c method=java.lang.ThreadLocal$ThreadLocalMap.getEntry(Ljava/lang/ThreadLocal;)Ljava/lang/ThreadLocal$ThreadLocalMap$Entry; @ 29
Event: 4,072 Thread 0x00007f970ca25800 Uncommon trap: reason=unstable_if action=reinterpret pc=0x00007f96fd55fa5c method=java.lang.reflect.Method.equals(Ljava/lang/Object;)Z @ 1

Classes redefined (0 events):
No events

Internal exceptions (10 events):
Event: 4,113 Thread 0x00007f970ca25800 Exception <a 'java/lang/ClassNotFoundException': java/lang/ObjectCustomizer> (0x00000000e6e60f40) thrown at [/HUDSON/workspace/8-2-build-linux-amd64/jdk8u181/11358/hotspot/src/share/vm/classfile/systemDictionary.cpp, line 210]
Event: 4,115 Thread 0x00007f970ca25800 Exception <a 'java/lang/ClassNotFoundException': org/springframework/cloud/bootstrap/config/PropertySourceBootstrapPropertiesCustomizer> (0x00000000e6e9c0f8) thrown at [/HUDSON/workspace/8-2-build-linux-amd64/jdk8u181/11358/hotspot/src/share/vm/classfile/
Event: 8,697 Thread 0x00007f970ca25800 Exception <a 'java/lang/ClassNotFoundException': java/lang/ObjectCustomizer> (0x00000000e6f1dda0) thrown at [/HUDSON/workspace/8-2-build-linux-amd64/jdk8u181/11358/hotspot/src/share/vm/classfile/systemDictionary.cpp, line 210]
Event: 11,931 Thread 0x00007f970ca25800 Exception <a 'java/lang/ClassNotFoundException': org/springframework/cloud/bootstrap/encrypt/EnvironmentDecryptApplicationInitializerCustomizer> (0x00000000e6f5cc50) thrown at [/HUDSON/workspace/8-2-build-linux-amd64/jdk8u181/11358/hotspot/src/share/vm/cl
Event: 17,762 Thread 0x00007f970ca25800 Exception <a 'java/lang/ClassNotFoundException': org/springframework/context/ApplicationContextInitializerCustomizer> (0x00000000e6f962c8) thrown at [/HUDSON/workspace/8-2-build-linux-amd64/jdk8u181/11358/hotspot/src/share/vm/classfile/systemDictionary.cp
Event: 21,783 Thread 0x00007f970ca25800 Exception <a 'java/lang/ClassNotFoundException': org/springframework/core/OrderedCustomizer> (0x00000000e6fb8ba8) thrown at [/HUDSON/workspace/8-2-build-linux-amd64/jdk8u181/11358/hotspot/src/share/vm/classfile/systemDictionary.cpp, line 210]
Event: 29,796 Thread 0x00007f970ca25800 Exception <a 'java/lang/ClassNotFoundException': java/lang/ObjectCustomizer> (0x00000000e7027ee0) thrown at [/HUDSON/workspace/8-2-build-linux-amd64/jdk8u181/11358/hotspot/src/share/vm/classfile/systemDictionary.cpp, line 210]
Event: 29,805 Thread 0x00007f970ca25800 Exception <a 'java/lang/ClassNotFoundException': org/springframework/cloud/context/properties/ConfigurationPropertiesRebinderCustomizer> (0x00000000e7063118) thrown at [/HUDSON/workspace/8-2-build-linux-amd64/jdk8u181/11358/hotspot/src/share/vm/classfile/
Event: 30,085 Thread 0x00007f970ca25800 Exception <a 'java/lang/ClassNotFoundException': org/springframework/context/ApplicationContextAwareCustomizer> (0x00000000e709d6f0) thrown at [/HUDSON/workspace/8-2-build-linux-amd64/jdk8u181/11358/hotspot/src/share/vm/classfile/systemDictionary.cpp, lin
Event: 30,106 Thread 0x00007f970ca25800 Exception <a 'java/lang/ClassNotFoundException': org/springframework/context/ApplicationListenerCustomizer> (0x00000000e70c8620) thrown at [/HUDSON/workspace/8-2-build-linux-amd64/jdk8u181/11358/hotspot/src/share/vm/classfile/systemDictionary.cpp, line 21

Events (10 events):
Event: 38,158 Executing VM operation: RevokeBias
Event: 38,175 Executing VM operation: RevokeBias done
Event: 38,175 Thread 0x00007f96b861a000 Thread exited: 0x00007f96b861a000
Event: 38,623 loading class org/springframework/boot/context/config/ConfigFileApplicationListener$DocumentsCacheKey
Event: 38,630 loading class org/springframework/boot/context/config/ConfigFileApplicationListener$DocumentsCacheKey done
Event: 38,858 loading class org/springframework/boot/env/OriginTrackedPropertiesLoader
Event: 38,866 loading class org/springframework/boot/env/OriginTrackedPropertiesLoader done
Event: 39,372 loading class org/springframework/boot/env/OriginTrackedPropertiesLoader$CharacterReader
Event: 39,379 loading class org/springframework/boot/env/OriginTrackedPropertiesLoader$CharacterReader done
Event: 39,490 Executing VM operation: ParallelGCFailedAllocation


Dynamic libraries:
00400000-00401000 r-xp 00000000 08:05 1459929                            /home/andrey/Программы/jdk1.8.0_181/bin/java
00600000-00601000 rw-p 00000000 08:05 1459929                            /home/andrey/Программы/jdk1.8.0_181/bin/java
01698000-016b9000 rw-p 00000000 00:00 0                                  [heap]
a3e00000-a6700000 rw-p 00000000 00:00 0 
a6700000-e1500000 ---p 00000000 00:00 0 
e1500000-e8400000 rw-p 00000000 00:00 0 
ec580000-100000000 ---p 00000000 00:00 0 
100000000-1003c0000 rw-p 00000000 00:00 0 
1003c0000-140000000 ---p 00000000 00:00 0 
7f96a8000000-7f96a82de000 rw-p 00000000 00:00 0 
7f96a82de000-7f96ac000000 ---p 00000000 00:00 0 
7f96ac000000-7f96ac021000 rw-p 00000000 00:00 0 
7f96ac021000-7f96b0000000 ---p 00000000 00:00 0 
7f96b0000000-7f96b0021000 rw-p 00000000 00:00 0 
7f96b0021000-7f96b4000000 ---p 00000000 00:00 0 
7f96b4000000-7f96b4068000 rw-p 00000000 00:00 0 
7f96b4068000-7f96b8000000 ---p 00000000 00:00 0 
7f96b8000000-7f96b8955000 rw-p 00000000 00:00 0 
7f96b8955000-7f96bc000000 ---p 00000000 00:00 0 
7f96bcfff000-7f96c0000000 rw-p 00000000 00:00 0 
7f96c0000000-7f96c0021000 rw-p 00000000 00:00 0 
7f96c0021000-7f96c4000000 ---p 00000000 00:00 0 
7f96c4000000-7f96c4021000 rw-p 00000000 00:00 0 
7f96c4021000-7f96c8000000 ---p 00000000 00:00 0 
7f96c8000000-7f96c9c78000 rw-p 00000000 00:00 0 
7f96c9c78000-7f96cc000000 ---p 00000000 00:00 0 
7f96cc000000-7f96cca6f000 rw-p 00000000 00:00 0 
7f96cca6f000-7f96d0000000 ---p 00000000 00:00 0 
7f96d0000000-7f96d0021000 rw-p 00000000 00:00 0 
7f96d0021000-7f96d4000000 ---p 00000000 00:00 0 
7f96d4000000-7f96d5a83000 rw-p 00000000 00:00 0 
7f96d5a83000-7f96d8000000 ---p 00000000 00:00 0 
7f96d8000000-7f96d8021000 rw-p 00000000 00:00 0 
7f96d8021000-7f96dc000000 ---p 00000000 00:00 0 
7f96dc000000-7f96dc021000 rw-p 00000000 00:00 0 
7f96dc021000-7f96e0000000 ---p 00000000 00:00 0 
7f96e0000000-7f96e0021000 rw-p 00000000 00:00 0 
7f96e0021000-7f96e4000000 ---p 00000000 00:00 0 
7f96e4000000-7f96e4292000 rw-p 00000000 00:00 0 
7f96e4292000-7f96e8000000 ---p 00000000 00:00 0 
7f96e8000000-7f96e8021000 rw-p 00000000 00:00 0 
7f96e8021000-7f96ec000000 ---p 00000000 00:00 0 
7f96ec433000-7f96ec5f3000 rw-p 00000000 00:00 0 
7f96ec5f3000-7f96ec633000 ---p 00000000 00:00 0 
7f96ec633000-7f96ec833000 rw-p 00000000 00:00 0 
7f96ec833000-7f96eca33000 rw-p 00000000 00:00 0 
7f96eca33000-7f96ecc33000 rw-p 00000000 00:00 0 
7f96ecc33000-7f96ecc3c000 r-xp 00000000 08:05 1730390                    /home/andrey/Программы/jdk1.8.0_181/jre/lib/amd64/libmanagement.so
7f96ecc3c000-7f96ece3b000 ---p 00009000 08:05 1730390                    /home/andrey/Программы/jdk1.8.0_181/jre/lib/amd64/libmanagement.so
7f96ece3b000-7f96ece3c000 rw-p 00008000 08:05 1730390                    /home/andrey/Программы/jdk1.8.0_181/jre/lib/amd64/libmanagement.so
7f96ece3c000-7f96ed03c000 rw-p 00000000 00:00 0 
7f96ed03c000-7f96ed0d1000 r--s 0110e000 08:05 1721128                    /home/andrey/Программы/jdk1.8.0_181/jre/lib/ext/jfxrt.jar
7f96ed0d1000-7f96ed0e8000 r-xp 00000000 08:05 398773                     /lib/x86_64-linux-gnu/libresolv-2.27.so
7f96ed0e8000-7f96ed2e8000 ---p 00017000 08:05 398773                     /lib/x86_64-linux-gnu/libresolv-2.27.so
7f96ed2e8000-7f96ed2e9000 r--p 00017000 08:05 398773                     /lib/x86_64-linux-gnu/libresolv-2.27.so
7f96ed2e9000-7f96ed2ea000 rw-p 00018000 08:05 398773                     /lib/x86_64-linux-gnu/libresolv-2.27.so
7f96ed2ea000-7f96ed2ec000 rw-p 00000000 00:00 0 
7f96ed2ec000-7f96ed2f1000 r-xp 00000000 08:05 398722                     /lib/x86_64-linux-gnu/libnss_dns-2.27.so
7f96ed2f1000-7f96ed4f1000 ---p 00005000 08:05 398722                     /lib/x86_64-linux-gnu/libnss_dns-2.27.so
7f96ed4f1000-7f96ed4f2000 r--p 00005000 08:05 398722                     /lib/x86_64-linux-gnu/libnss_dns-2.27.so
7f96ed4f2000-7f96ed4f3000 rw-p 00006000 08:05 398722                     /lib/x86_64-linux-gnu/libnss_dns-2.27.so
7f96ed4f3000-7f96ed4f5000 r-xp 00000000 08:05 398730                     /lib/x86_64-linux-gnu/libnss_mdns4_minimal.so.2
7f96ed4f5000-7f96ed6f4000 ---p 00002000 08:05 398730                     /lib/x86_64-linux-gnu/libnss_mdns4_minimal.so.2
7f96ed6f4000-7f96ed6f5000 r--p 00001000 08:05 398730                     /lib/x86_64-linux-gnu/libnss_mdns4_minimal.so.2
7f96ed6f5000-7f96ed6f6000 rw-p 00002000 08:05 398730                     /lib/x86_64-linux-gnu/libnss_mdns4_minimal.so.2
7f96ed70e000-7f96ed711000 ---p 00000000 00:00 0 
7f96ed711000-7f96ed80f000 rw-p 00000000 00:00 0 
7f96ed80f000-7f96ed812000 ---p 00000000 00:00 0 
7f96ed812000-7f96edb10000 rw-p 00000000 00:00 0 
7f96edb10000-7f96edd10000 rw-p 00000000 00:00 0 
7f96edd10000-7f96edf10000 rw-p 00000000 00:00 0 
7f96edf10000-7f96edf13000 ---p 00000000 00:00 0 
7f96edf13000-7f96ee011000 rw-p 00000000 00:00 0 
7f96ee011000-7f96ee014000 ---p 00000000 00:00 0 
7f96ee014000-7f96ee112000 rw-p 00000000 00:00 0 
7f96ee112000-7f96ee115000 ---p 00000000 00:00 0 
7f96ee115000-7f96ee213000 rw-p 00000000 00:00 0 
7f96ee213000-7f96ee224000 r-xp 00000000 08:05 1730385                    /home/andrey/Программы/jdk1.8.0_181/jre/lib/amd64/libnio.so
7f96ee224000-7f96ee423000 ---p 00011000 08:05 1730385                    /home/andrey/Программы/jdk1.8.0_181/jre/lib/amd64/libnio.so
7f96ee423000-7f96ee424000 rw-p 00010000 08:05 1730385                    /home/andrey/Программы/jdk1.8.0_181/jre/lib/amd64/libnio.so
7f96ee424000-7f96ee425000 r--s 00001000 08:05 825423                     /home/andrey/.gradle/caches/modules-2/files-2.1/com.esotericsoftware/minlog/1.3.0/ff07b5f1b01d2f92bb00a337f9a94873712f0827/minlog-1.3.0.jar
7f96ee425000-7f96ee432000 r--s 00081000 08:05 824978                     /home/andrey/.gradle/caches/modules-2/files-2.1/io.netty/netty-common/4.1.29.Final/a5d6a735ed07d8f197daa48db7f097cfc971ee5e/netty-common-4.1.29.Final.jar
7f96ee432000-7f96ee433000 r--s 00007000 08:05 824975                     /home/andrey/.gradle/caches/modules-2/files-2.1/io.netty/netty-resolver/4.1.29.Final/bbec1dc913732e4773893c14d795b15d6c1e878e/netty-resolver-4.1.29.Final.jar
7f96ee433000-7f96ee437000 r--s 0003f000 08:05 824974                     /home/andrey/.gradle/caches/modules-2/files-2.1/io.netty/netty-buffer/4.1.29.Final/c3809f72e4b535b343b7dfa3c0c8210dad2fa5ea/netty-buffer-4.1.29.Final.jar
7f96ee437000-7f96ee440000 r--s 00068000 08:05 824973                     /home/andrey/.gradle/caches/modules-2/files-2.1/io.netty/netty-transport/4.1.29.Final/c190b90f70e2ae8a48c068afad709e8728fcaa39/netty-transport-4.1.29.Final.jar
7f96ee440000-7f96ee442000 r--s 00006000 08:05 824972                     /home/andrey/.gradle/caches/modules-2/files-2.1/io.netty/netty-transport-native-unix-common/4.1.29.Final/9c9f88ca57873b3c00489ae74fb80bb0cd02d986/netty-transport-native-unix-common-4.1.29.Final.jar
7f96ee442000-7f96ee449000 r--s 00047000 08:05 824895                     /home/andrey/.gradle/caches/modules-2/files-2.1/io.netty/netty-codec/4.1.29.Final/1651bc2e279216773c234cafe402d68d2a5adc90/netty-codec-4.1.29.Final.jar
7f96ee449000-7f96ee44d000 r--s 0001a000 08:05 824894                     /home/andrey/.gradle/caches/modules-2/files-2.1/io.netty/netty-codec-socks/4.1.29.Final/f687150259de44f0ff7b37a449f1a1bf6f20e992/netty-codec-socks-4.1.29.Final.jar
7f96ee44d000-7f96ee453000 r--s 00039000 08:05 809924                     /home/andrey/.gradle/caches/modules-2/files-2.1/org.apache.logging.log4j/log4j-api/2.10.0/fec5797a55b786184a537abd39c3fa1449d752d6/log4j-api-2.10.0.jar
7f96ee453000-7f96ee45e000 r--s 00069000 08:05 809922                     /home/andrey/.gradle/caches/modules-2/files-2.1/ch.qos.logback/logback-core/1.2.3/864344400c3d4d92dfeb0a305dc87d953677c03c/logback-core-1.2.3.jar
7f96ee45e000-7f96ee463000 r--s 00038000 08:05 823404                     /home/andrey/.gradle/caches/modules-2/files-2.1/org.apache.tomcat.embed/tomcat-embed-el/8.5.34/be71a9a5bdd001db7cf97c47429eec0bdd3b7b88/tomcat-embed-el-8.5.34.jar
7f96ee463000-7f96ee470000 r--s 00083000 08:05 825422                     /home/andrey/.gradle/caches/modules-2/files-2.1/commons-collections/commons-collections/3.2.2/8ad72fe39fa8c91eaaf12aadb21e0c3661fe26d5/commons-collections-3.2.2.jar
7f96ee470000-7f96ee47d000 r--s 00109000 08:05 825421                     /home/andrey/.gradle/caches/modules-2/files-2.1/org.mozilla/rhino/1.7R4/e982f2136574b9a423186fbaeaaa98dc3e5a5288/rhino-1.7R4.jar
7f96ee47d000-7f96ee483000 r--s 00044000 08:05 825420                     /home/andrey/.gradle/caches/modules-2/files-2.1/org.antlr/antlr4-runtime/4.5.1-1/66144204f9d6d7d3f3f775622c2dd7e9bd511d97/antlr4-runtime-4.5.1-1.jar
7f96ee483000-7f96ee486000 r--s 00020000 08:05 824862                     /home/andrey/.gradle/caches/modules-2/files-2.1/io.netty/netty-transport-native-epoll/4.1.29.Final/6a6f8c47911c4f5af0ae210c4c0db17d971f553f/netty-transport-native-epoll-4.1.29.Final-linux-x86_64.jar
7f96ee486000-7f96ee48e000 r--s 00059000 08:05 824859                     /home/andrey/.gradle/caches/modules-2/files-2.1/io.netty/netty-handler/4.1.29.Final/1acf1d94799296a2517533ec75ce7e155e9c4ea7/netty-handler-4.1.29.Final.jar
7f96ee48e000-7f96ee498000 r--s 00080000 08:05 824858                     /home/andrey/.gradle/caches/modules-2/files-2.1/io.netty/netty-codec-http/4.1.29.Final/454688b88cea27a4d407202d1fc79a6522345b5e/netty-codec-http-4.1.29.Final.jar
7f96ee498000-7f96ee49a000 r--s 00004000 08:05 824857                     /home/andrey/.gradle/caches/modules-2/files-2.1/io.netty/netty-handler-proxy/4.1.29.Final/67e9473ac043b4d173ac9d620d43eb428ecc408a/netty-handler-proxy-4.1.29.Final.jar
7f96ee49a000-7f96ee4e5000 r--s 002ff000 08:05 824648                     /home/andrey/.gradle/caches/modules-2/files-2.1/org.bouncycastle/bcprov-jdk15on/1.56/a153c6f9744a3e9dd6feab5e210e1c9861362ec7/bcprov-jdk15on-1.56.jar
7f96ee4e5000-7f96ee4ec000 r--s 0004b000 08:05 825419                     /home/andrey/.gradle/caches/modules-2/files-2.1/commons-codec/commons-codec/1.11/3acb4705652e16236558f0f4f2192cc33c3bd189/commons-codec-1.11.jar
7f96ee4ec000-7f96ee4f3000 r--s 00049000 08:05 825418                     /home/andrey/.gradle/caches/modules-2/files-2.1/org.apache.httpcomponents/httpcore/4.4.10/acc54d9b28bdffe4bbde89ed2e4a1e86b5285e2b/httpcore-4.4.10.jar
7f96ee4f3000-7f96ee4f5000 r--s 00004000 08:05 811861                     /home/andrey/.gradle/caches/modules-2/files-2.1/org.springframework/spring-jcl/5.0.9.RELEASE/bc3b5aaae53f0bc03647e53ecbd98a05b47a4e90/spring-jcl-5.0.9.RELEASE.jar
7f96ee4f5000-7f96ee4f6000 r--s 00004000 08:05 811172                     /home/andrey/.gradle/caches/modules-2/files-2.1/com.vaadin.external.google/android-json/0.0.20131108.vaadin1/fa26d351fe62a6a17f5cda1287c1c6110dec413f/android-json-0.0.20131108.vaadin1.jar
7f96ee4f6000-7f96ee4f8000 r--s 0000c000 08:05 811171                     /home/andrey/.gradle/caches/modules-2/files-2.1/org.objenesis/objenesis/2.6/639033469776fd37c08358c6b92a4761feb2af4b/objenesis-2.6.jar
7f96ee4f8000-7f96ee4ff000 r--s 00051000 08:05 825417                     /home/andrey/.gradle/caches/modules-2/files-2.1/com.esotericsoftware/kryo-shaded/3.0.3/977d6b42d82de551fcf77dad84ef06c2839e3a74/kryo-shaded-3.0.3.jar
7f96ee4ff000-7f96ee501000 r--s 00009000 08:05 811170                     /home/andrey/.gradle/caches/modules-2/files-2.1/net.bytebuddy/byte-buddy-agent/1.7.11/b425a8933ca07edd03c6dbc8bc3b595fba9780de/byte-buddy-agent-1.7.11.jar
7f96ee501000-7f96ee53d000 r--s 00290000 08:05 809936                     /home/andrey/.gradle/caches/modules-2/files-2.1/net.bytebuddy/byte-buddy/1.7.11/f02857a4e2c66ccbe7aaad6100a0a6c461bce9b3/byte-buddy-1.7.11.jar
7f96ee53d000-7f96ee541000 r--s 00167000 08:05 825416                     /home/andrey/.gradle/caches/modules-2/files-2.1/net.java.dev.jna/jna/4.5.2/35d000afbaa4ed425d91873b40f4df9b8236875b/jna-4.5.2.jar
7f96ee541000-7f96ee55b000 r--s 0021f000 08:05 825415                     /home/andrey/.gradle/caches/modules-2/files-2.1/net.java.dev.jna/jna-platform/4.5.2/741853c07152f6c0fef5194efa6b2dabac22e9c0/jna-platform-4.5.2.jar
7f96ee55b000-7f96ee55d000 r--s 00001000 08:05 808875                     /home/andrey/.gradle/caches/modules-2/files-2.1/com.jcraft/jsch.agentproxy.core/0.0.9/1af3741c3a83a71e29b8aa7637979791e50e538b/jsch.agentproxy.core-0.0.9.jar
7f96ee55d000-7f96ee561000 r--s 00025000 08:05 808879                     /home/andrey/.gradle/caches/modules-2/files-2.1/com.googlecode.javaewah/JavaEWAH/1.1.6/94ad16d728b374d65bd897625f3fbb3da223a2b6/JavaEWAH-1.1.6.jar
7f96ee561000-7f96ee562000 r--s 00010000 08:05 808878                     /home/andrey/.gradle/caches/modules-2/files-2.1/com.jcraft/jzlib/1.1.1/a1551373315ffc2f96130a0e5704f74e151777ba/jzlib-1.1.1.jar
7f96ee562000-7f96ee567000 r--s 00040000 08:05 808876                     /home/andrey/.gradle/caches/modules-2/files-2.1/com.jcraft/jsch/0.1.54/da3584329a263616e277e15462b387addd1b208d/jsch-0.1.54.jar
7f96ee567000-7f96ee56c000 r--s 00027000 08:05 825414                     /home/andrey/.gradle/caches/modules-2/files-2.1/dk.brics.automaton/automaton/1.11-8/6ebfa65eb431ff4b715a23be7a750cbc4cc96d0f/automaton-1.11-8.jar
7f96ee56c000-7f96ee5b9000 r--s 0042b000 08:05 825413                     /home/andrey/.gradle/caches/modules-2/files-2.1/org.codehaus.groovy/groovy/2.4.15/74b7e0b99526c569e3a59cb84dbcc6204d601ee6/groovy-2.4.15.jar
7f96ee5b9000-7f96ee5bd000 r--s 00031000 08:05 825412                     /home/andrey/.gradle/caches/modules-2/files-2.1/org.codehaus.groovy/groovy-xml/2.4.15/40865f59469e6b0808c9c304bd17038997220c72/groovy-xml-2.4.15.jar
7f96ee5bd000-7f96ee5c0000 r--s 0001d000 08:05 825411                     /home/andrey/.gradle/caches/modules-2/files-2.1/org.codehaus.groovy/groovy-json/2.4.15/f6f6890181821246398cd44ba1fdf74f55717697/groovy-json-2.4.15.jar
7f96ee5c0000-7f96ee5c1000 r--s 00004000 08:05 825410                     /home/andrey/.gradle/caches/modules-2/files-2.1/org.codehaus.groovy/groovy-nio/2.4.15/e554522a3b38dd9f26dd5709b0ba218552e5b1a9/groovy-nio-2.4.15.jar
7f96ee5c1000-7f96ee5c2000 r--s 00000000 08:05 825409                     /home/andrey/.gradle/caches/modules-2/files-2.1/javax.inject/javax.inject/1/6975da39a7040257bd51d21a231b76c915872d38/javax.inject-1.jar
7f96ee5c2000-7f96ee5c4000 r--s 0000e000 08:05 808885                     /home/andrey/.gradle/caches/modules-2/files-2.1/commons-logging/commons-logging/1.2/4bfc12adfe4842bf07b657f0369c4cb522955686/commons-logging-1.2.jar
7f96ee5c4000-7f96ee5c9000 r--s 00038000 08:05 825408                     /home/andrey/.gradle/caches/modules-2/files-2.1/commons-beanutils/commons-beanutils/1.9.3/c845703de334ddc6b4b3cd26835458cb1cba1f3d/commons-beanutils-1.9.3.jar
7f96ee5c9000-7f96ee5ce000 r--s 0009d000 08:05 1721117                    /home/andrey/Программы/jdk1.8.0_181/jre/lib/jsse.jar
7f96ee5ce000-7f96ee5e4000 r-xp 00000000 08:05 1730382                    /home/andrey/Программы/jdk1.8.0_181/jre/lib/amd64/libnet.so
7f96ee5e4000-7f96ee7e4000 ---p 00016000 08:05 1730382                    /home/andrey/Программы/jdk1.8.0_181/jre/lib/amd64/libnet.so
7f96ee7e4000-7f96ee7e5000 rw-p 00016000 08:05 1730382                    /home/andrey/Программы/jdk1.8.0_181/jre/lib/amd64/libnet.so
7f96ee7e5000-7f96ee7ed000 r--s 00045000 08:05 2766513                    /home/andrey/.gradle/wrapper/dists/gradle-4.8.1-all/6fmj4nezasjg1b7kkmy10xgo2/gradle-4.8.1/lib/plugins/junit-4.12.jar
7f96ee7ed000-7f96ee7f2000 r--s 00041000 08:05 2766406                    /home/andrey/.gradle/wrapper/dists/gradle-4.8.1-all/6fmj4nezasjg1b7kkmy10xgo2/gradle-4.8.1/lib/commons-lang-2.6.jar
7f96ee7f2000-7f96ee7f6000 r--s 00026000 08:05 2766395                    /home/andrey/.gradle/wrapper/dists/gradle-4.8.1-all/6fmj4nezasjg1b7kkmy10xgo2/gradle-4.8.1/lib/kryo-2.20.jar
7f96ee7f6000-7f96ee7fa000 r--s 00012000 08:05 2766412                    /home/andrey/.gradle/wrapper/dists/gradle-4.8.1-all/6fmj4nezasjg1b7kkmy10xgo2/gradle-4.8.1/lib/native-platform-0.14.jar
7f96ee7fa000-7f96ee7fc000 r--s 00000000 08:05 2766400                    /home/andrey/.gradle/wrapper/dists/gradle-4.8.1-all/6fmj4nezasjg1b7kkmy10xgo2/gradle-4.8.1/lib/jul-to-slf4j-1.7.16.jar
7f96ee7fc000-7f96ee7fd000 r--s 00009000 08:05 2766402                    /home/andrey/.gradle/wrapper/dists/gradle-4.8.1-all/6fmj4nezasjg1b7kkmy10xgo2/gradle-4.8.1/lib/slf4j-api-1.7.16.jar
7f96ee7fd000-7f96ee7ff000 r--s 00006000 08:05 2766380                    /home/andrey/.gradle/wrapper/dists/gradle-4.8.1-all/6fmj4nezasjg1b7kkmy10xgo2/gradle-4.8.1/lib/gradle-process-services-4.8.1.jar
7f96ee7ff000-7f96ee801000 r--s 0000e000 08:05 2766545                    /home/andrey/.gradle/wrapper/dists/gradle-4.8.1-all/6fmj4nezasjg1b7kkmy10xgo2/gradle-4.8.1/lib/plugins/junit-platform-commons-1.0.3.jar
7f96ee801000-7f96ee803000 r--s 0000c000 08:05 2766515                    /home/andrey/.gradle/wrapper/dists/gradle-4.8.1-all/6fmj4nezasjg1b7kkmy10xgo2/gradle-4.8.1/lib/plugins/junit-platform-launcher-1.0.3.jar
7f96ee803000-7f96ee806000 r--s 00013000 08:05 2766544                    /home/andrey/.gradle/wrapper/dists/gradle-4.8.1-all/6fmj4nezasjg1b7kkmy10xgo2/gradle-4.8.1/lib/plugins/junit-platform-engine-1.0.3.jar
7f96ee806000-7f96ee807000 r--s 00003000 08:05 2766458                    /home/andrey/.gradle/wrapper/dists/gradle-4.8.1-all/6fmj4nezasjg1b7kkmy10xgo2/gradle-4.8.1/lib/plugins/gradle-testing-junit-platform-4.8.1.jar
7f96ee807000-7f96ee80b000 r--s 0001c000 08:05 2766459                    /home/andrey/.gradle/wrapper/dists/gradle-4.8.1-all/6fmj4nezasjg1b7kkmy10xgo2/gradle-4.8.1/lib/plugins/gradle-testing-jvm-4.8.1.jar
7f96ee80b000-7f96ee813000 r--s 00034000 08:05 2766466                    /home/andrey/.gradle/wrapper/dists/gradle-4.8.1-all/6fmj4nezasjg1b7kkmy10xgo2/gradle-4.8.1/lib/plugins/gradle-testing-base-4.8.1.jar
7f96ee813000-7f96ee816000 r--s 0000c000 08:05 2766383                    /home/andrey/.gradle/wrapper/dists/gradle-4.8.1-all/6fmj4nezasjg1b7kkmy10xgo2/gradle-4.8.1/lib/gradle-native-4.8.1.jar
7f96ee816000-7f96ee818000 r--s 00005000 08:05 2766390                    /home/andrey/.gradle/wrapper/dists/gradle-4.8.1-all/6fmj4nezasjg1b7kkmy10xgo2/gradle-4.8.1/lib/gradle-cli-4.8.1.jar
7f96ee818000-7f96ee824000 r--s 0005f000 08:05 2766388                    /home/andrey/.gradle/wrapper/dists/gradle-4.8.1-all/6fmj4nezasjg1b7kkmy10xgo2/gradle-4.8.1/lib/gradle-base-services-4.8.1.jar
7f96ee824000-7f96ee82b000 r--s 0002b000 08:05 2766387                    /home/andrey/.gradle/wrapper/dists/gradle-4.8.1-all/6fmj4nezasjg1b7kkmy10xgo2/gradle-4.8.1/lib/gradle-messaging-4.8.1.jar
7f96ee82b000-7f96ee832000 r--s 00032000 08:05 2766379                    /home/andrey/.gradle/wrapper/dists/gradle-4.8.1-all/6fmj4nezasjg1b7kkmy10xgo2/gradle-4.8.1/lib/gradle-logging-4.8.1.jar
7f96ee832000-7f96ee872000 r--s 0022a000 08:05 2766375                    /home/andrey/.gradle/wrapper/dists/gradle-4.8.1-all/6fmj4nezasjg1b7kkmy10xgo2/gradle-4.8.1/lib/gradle-core-4.8.1.jar
7f96ee872000-7f96ee87e000 r--s 00036000 08:05 2766377                    /home/andrey/.gradle/wrapper/dists/gradle-4.8.1-all/6fmj4nezasjg1b7kkmy10xgo2/gradle-4.8.1/lib/gradle-core-api-4.8.1.jar
7f96ee87e000-7f96ee888000 r--s 00116000 08:05 1721148                    /home/andrey/Программы/jdk1.8.0_181/jre/lib/ext/localedata.jar
7f96ee888000-7f96ee88d000 r--s 00041000 08:05 825407                     /home/andrey/.gradle/caches/modules-2/files-2.1/commons-lang/commons-lang/2.6/ce1edb914c94ebc388f086c6827e8bdeec71ac2/commons-lang-2.6.jar
7f96ee88d000-7f96ee88f000 r--s 00003000 08:05 825406                     /home/andrey/.gradle/caches/modules-2/files-2.1/com.google.code.findbugs/jsr305/3.0.1/f7be08ec23c21485b9b5a1cf1654c2ec8c58168d/jsr305-3.0.1.jar
7f96ee88f000-7f96ee891000 r--s 0000e000 08:05 809045                     /home/andrey/.gradle/caches/modules-2/files-2.1/com.fasterxml/classmate/1.3.4/3d5f48f10bbe4eb7bd862f10c0583be2e0053c6/classmate-1.3.4.jar
7f96ee891000-7f96ee893000 r--s 0000f000 08:05 809684                     /home/andrey/.gradle/caches/modules-2/files-2.1/org.jboss.logging/jboss-logging/3.3.2.Final/3789d00e859632e6c6206adc0c71625559e6e3b0/jboss-logging-3.3.2.Final.jar
7f96ee893000-7f96ee898000 r--s 00012000 08:05 809683                     /home/andrey/.gradle/caches/modules-2/files-2.1/javax.validation/validation-api/2.0.1.Final/cb855558e6271b1b32e716d24cb85c7f583ce09e/validation-api-2.0.1.Final.jar
7f96ee898000-7f96ee8a9000 r--s 00097000 08:05 824643                     /home/andrey/.gradle/caches/modules-2/files-2.1/org.bouncycastle/bcpkix-jdk15on/1.56/4648af70268b6fdb24674fb1fd7c1fcc73db1231/bcpkix-jdk15on-1.56.jar
7f96ee8a9000-7f96ee8ab000 r--s 00010000 08:05 824642                     /home/andrey/.gradle/caches/modules-2/files-2.1/org.springframework.security/spring-security-crypto/5.0.8.RELEASE/9492d390a7305dd5b509df6d25ac5591b4d206c2/spring-security-crypto-5.0.8.RELEASE.jar
7f96ee8ab000-7f96ee8b2000 r--s 00042000 08:05 809347                     /home/andrey/.gradle/caches/modules-2/files-2.1/org.yaml/snakeyaml/1.19/2d998d3d674b172a588e54ab619854d073f555b5/snakeyaml-1.19.jar
7f96ee8b2000-7f96ee8b4000 r--s 00005000 08:05 809180                     /home/andrey/.gradle/caches/modules-2/files-2.1/javax.annotation/javax.annotation-api/1.3.2/934c04d3cfef185a8008e7bf34331b79730a9d43/javax.annotation-api-1.3.2.jar
7f96ee8b4000-7f96ee8c1000 r--s 000af000 08:05 825405                     /home/andrey/.gradle/caches/modules-2/files-2.1/org.apache.httpcomponents/httpclient/4.5.6/1afe5621985efe90a92d0fbc9be86271efbe796f/httpclient-4.5.6.jar
7f96ee8c1000-7f96ee97f000 r--s 00ac0000 08:05 825403                     /home/andrey/.gradle/caches/modules-2/files-2.1/com.github.tomakehurst/wiremock-standalone/2.18.0/cf7776dc7a0176d4f4a990155d819279078859f9/wiremock-standalone-2.18.0.jar
7f96ee97f000-7f96ee984000 r--s 00022000 08:05 811168                     /home/andrey/.gradle/caches/modules-2/files-2.1/org.xmlunit/xmlunit-core/2.5.1/4ffdb346572a7356f7521cd3119ce5287d2e339d/xmlunit-core-2.5.1.jar
7f96ee984000-7f96ee99c000 r--s 00114000 08:05 811858                     /home/andrey/.gradle/caches/modules-2/files-2.1/org.springframework/spring-core/5.0.9.RELEASE/9f9a828936d81afd49a603bda9cc1aed863a0d85/spring-core-5.0.9.RELEASE.jar
7f96ee99c000-7f96ee9a1000 r--s 00040000 08:05 823400                     /home/andrey/.gradle/caches/modules-2/files-2.1/org.springframework/spring-expression/5.0.9.RELEASE/1f9db5ff3a758102c0434cc3457aa47c50c39a4a/spring-expression-5.0.9.RELEASE.jar
7f96ee9a1000-7f96ee9a5000 r--s 0001c000 08:05 825404                     /home/andrey/.gradle/caches/modules-2/files-2.1/org.springframework.retry/spring-retry/1.2.2.RELEASE/638928732585c450e461f0a132b6834ad7cf3af0/spring-retry-1.2.2.RELEASE.jar
7f96ee9a5000-7f96ee9b2000 r--s 00095000 08:05 823401                     /home/andrey/.gradle/caches/modules-2/files-2.1/org.springframework/spring-beans/5.0.9.RELEASE/65f56fdab1bb90ad059e314d2f2f4cf76f9bdbde/spring-beans-5.0.9.RELEASE.jar
7f96ee9b2000-7f96ee9ba000 r--s 00037000 08:05 823399                     /home/andrey/.gradle/caches/modules-2/files-2.1/org.springframework/spring-tx/5.0.9.RELEASE/d3a13fc3c56bdddd8144a686ed64f0cdb3ad7305/spring-tx-5.0.9.RELEASE.jar
7f96ee9ba000-7f96ee9c3000 r--s 00054000 08:05 825402                     /home/andrey/.gradle/caches/modules-2/files-2.1/org.springframework/spring-messaging/5.0.9.RELEASE/88c39cd3eb5424bd83a77c84a35c5f382f5e3838/spring-messaging-5.0.9.RELEASE.jar
7f96ee9c3000-7f96ee9cc000 r--s 00051000 08:05 823370                     /home/andrey/.gradle/caches/modules-2/files-2.1/org.springframework/spring-aop/5.0.9.RELEASE/98003b099697fe46b6bdf18c7e3f66d7a1381060/spring-aop-5.0.9.RELEASE.jar
7f96ee9cc000-7f96ee9e6000 r--s 000f1000 08:05 823369                     /home/andrey/.gradle/caches/modules-2/files-2.1/org.springframework/spring-context/5.0.9.RELEASE/2501e55acb6c2e84667cda3f845d1d00a0dc4e05/spring-context-5.0.9.RELEASE.jar
7f96ee9e6000-7f96ee9fb000 r--s 000d0000 08:05 823367                     /home/andrey/.gradle/caches/modules-2/files-2.1/org.springframework.boot/spring-boot/2.0.5.RELEASE/19a4624cbd89a318d10c79f289c6c816043850fb/spring-boot-2.0.5.RELEASE.jar
7f96ee9fb000-7f96eea08000 r--s 00087000 08:05 823934                     /home/andrey/.gradle/caches/modules-2/files-2.1/org.springframework/spring-test/5.0.9.RELEASE/218c8648f898453be92d550252e0ce2a84b54375/spring-test-5.0.9.RELEASE.jar
7f96eea08000-7f96eea0a000 r--s 00006000 08:05 811165                     /home/andrey/.gradle/caches/modules-2/files-2.1/org.skyscreamer/jsonassert/1.5.0/6c9d5fe2f59da598d9aefc1cfc6528ff3cf32df3/jsonassert-1.5.0.jar
7f96eea0a000-7f96eea0c000 r--s 00009000 08:05 811164                     /home/andrey/.gradle/caches/modules-2/files-2.1/org.hamcrest/hamcrest-core/1.3/42a25dc3219429f0e5d060061f71acb49bf010a0/hamcrest-core-1.3.jar
7f96eea0c000-7f96eea0d000 r--s 0000c000 08:05 811163                     /home/andrey/.gradle/caches/modules-2/files-2.1/org.hamcrest/hamcrest-library/1.3/4785a3c21320980282f9f33d0d1264a69040538f/hamcrest-library-1.3.jar
7f96eea0d000-7f96eea1d000 r--s 00075000 08:05 811162                     /home/andrey/.gradle/caches/modules-2/files-2.1/org.mockito/mockito-core/2.15.0/b84bfbbc29cd22c9529409627af6ea2897f4fa85/mockito-core-2.15.0.jar
7f96eea1d000-7f96eea72000 r--s 00367000 08:05 811161                     /home/andrey/.gradle/caches/modules-2/files-2.1/org.assertj/assertj-core/3.9.1/c5ce126b15f28d56cd8f960c1a6a058b9c9aea87/assertj-core-3.9.1.jar
7f96eea72000-7f96eea77000 r--s 0002b000 08:05 823917                     /home/andrey/.gradle/caches/modules-2/files-2.1/org.springframework.boot/spring-boot-test/2.0.5.RELEASE/ce6353f33217982357a6bdba6576015ea333304c/spring-boot-test-2.0.5.RELEASE.jar
7f96eea77000-7f96eea78000 r--s 00001000 08:05 808873                     /home/andrey/.gradle/caches/modules-2/files-2.1/com.jcraft/jsch.agentproxy.usocket-jna/0.0.9/100522438a57b4c0d15db112fc8a08d17f48080a/jsch.agentproxy.usocket-jna-0.0.9.jar
7f96eea78000-7f96eea7a000 r--s 00000000 08:05 808870                     /home/andrey/.gradle/caches/modules-2/files-2.1/com.jcraft/jsch.agentproxy.jsch/0.0.9/26f5c718216f1668f674816e580aa7c92f2660ad/jsch.agentproxy.jsch-0.0.9.jar
7f96eea7a000-7f96eea7c000 r--s 00000000 08:05 808872                     /home/andrey/.gradle/caches/modules-2/files-2.1/com.jcraft/jsch.agentproxy.sshagent/0.0.9/2ecca436463287682d16c3fa628bd7cca426cf6f/jsch.agentproxy.sshagent-0.0.9.jar
7f96eea7c000-7f96eea84000 r--s 00045000 08:05 811175                     /home/andrey/.gradle/caches/modules-2/files-2.1/junit/junit/4.12/2973d150c0dc1fefe998f834810d68f278ea58ec/junit-4.12.jar
7f96eea84000-7f96eeab6000 r--s 00282000 08:05 825401                     /home/andrey/.gradle/caches/modules-2/files-2.1/org.springframework.cloud/spring-cloud-contract-shade/2.0.1.RELEASE/ccced3ca9635ee67935faf406a5949961717de43/spring-cloud-contract-shade-2.0.1.RELEASE.jar
7f96eeab6000-7f96eeab7000 r--s 00000000 08:05 824656                     /home/andrey/.gradle/caches/modules-2/files-2.1/org.reactivestreams/reactive-streams/1.0.2/323964c36556eb0e6209f65c1cef72b53b461ab8/reactive-streams-1.0.2.jar
7f96eeab7000-7f96eeacb000 r--s 00136000 08:05 824647                     /home/andrey/.gradle/caches/modules-2/files-2.1/io.projectreactor/reactor-core/3.1.9.RELEASE/5281f98208db5835c5b59c1e384602ea3ad05322/reactor-core-3.1.9.RELEASE.jar
7f96eeacb000-7f96eeae6000 r--s 00120000 08:05 825400                     /home/andrey/.gradle/caches/modules-2/files-2.1/org.springframework.integration/spring-integration-core/5.0.8.RELEASE/1418ee37dadfb0ca12df39d5d96d0e3f3ad7c584/spring-integration-core-5.0.8.RELEASE.jar
7f96eeae6000-7f96eeae9000 r--s 0000e000 08:05 825399                     /home/andrey/.gradle/caches/modules-2/files-2.1/org.springframework.integration/spring-integration-jmx/5.0.8.RELEASE/1c93eeb24c7ababa913e215e1b5b87887d20f86f/spring-integration-jmx-5.0.8.RELEASE.jar
7f96eeae9000-7f96eeaee000 r--s 0003f000 08:05 824644                     /home/andrey/.gradle/caches/modules-2/files-2.1/io.projectreactor.ipc/reactor-netty/0.7.9.RELEASE/7167a222a039cf93c5a7750ada171f6cf32fc4e3/reactor-netty-0.7.9.RELEASE.jar
7f96eeaee000-7f96eeb19000 r--s 001f5000 08:05 825398                     /home/andrey/.gradle/caches/modules-2/files-2.1/com.google.guava/guava/16.0/aca09d2e5e8416bf91550e72281958e35460be52/guava-16.0.jar
7f96eeb19000-7f96eeb32000 r--s 001bf000 08:05 812601                     /home/andrey/.gradle/caches/modules-2/files-2.1/org.aspectj/aspectjweaver/1.8.13/ad94df2a28d658a40dc27bbaff6a1ce5fbf04e9b/aspectjweaver-1.8.13.jar
7f96eeb32000-7f96eeb34000 r--s 0000c000 08:05 811174                     /home/andrey/.gradle/caches/modules-2/files-2.1/org.ow2.asm/asm/5.0.4/da08b8cce7bbf903602a25a3a163ae252435795/asm-5.0.4.jar
7f96eeb34000-7f96eeb36000 r--s 00006000 08:05 811173                     /home/andrey/.gradle/caches/modules-2/files-2.1/net.minidev/accessors-smart/1.2/c592b500269bfde36096641b01238a8350f8aa31/accessors-smart-1.2.jar
7f96eeb36000-7f96eeb39000 r--s 0001b000 08:05 811169                     /home/andrey/.gradle/caches/modules-2/files-2.1/net.minidev/json-smart/2.3/7396407491352ce4fa30de92efb158adb76b5b/json-smart-2.3.jar
7f96eeb39000-7f96eeb41000 r--s 00072000 08:05 809028                     /home/andrey/.gradle/caches/modules-2/files-2.1/org.apache.commons/commons-lang3/3.7/557edd918fd41f9260963583ebf5a61a43a6b423/commons-lang3-3.7.jar
7f96eeb41000-7f96eeb44000 r--s 0001d000 08:05 825397                     /home/andrey/.gradle/caches/modules-2/files-2.1/org.apache.commons/commons-text/1.1/c336bf600f44b88af356c8a85eef4af822b06a4d/commons-text-1.1.jar
7f96eeb44000-7f96eeb47000 r--s 0000e000 08:05 809925                     /home/andrey/.gradle/caches/modules-2/files-2.1/com.fasterxml.jackson.core/jackson-annotations/2.9.0/7c10d545325e3a6e72e06381afe469fd40eb701/jackson-annotations-2.9.0.jar
7f96eeb47000-7f96eeb4c000 r--s 0004b000 08:05 809934                     /home/andrey/.gradle/caches/modules-2/files-2.1/com.fasterxml.jackson.core/jackson-core/2.9.6/4e393793c37c77e042ccc7be5a914ae39251b365/jackson-core-2.9.6.jar
7f96eeb4c000-7f96eeb5f000 r--s 00137000 08:05 809679                     /home/andrey/.gradle/caches/modules-2/files-2.1/com.fasterxml.jackson.core/jackson-databind/2.9.6/cfa4f316351a91bfd95cb0644c6a2c95f52db1fc/jackson-databind-2.9.6.jar
7f96eeb5f000-7f96eeb61000 r--s 00006000 08:05 825396                     /home/andrey/.gradle/caches/modules-2/files-2.1/org.springframework/spring-tuple/1.0.0.RELEASE/5feaacebc66a885e9f2017063586df2300ce5c68/spring-tuple-1.0.0.RELEASE.jar
7f96eeb61000-7f96eeb62000 r--s 00001000 08:05 825394                     /home/andrey/.gradle/caches/modules-2/files-2.1/org.springframework.integration/spring-integration-tuple/1.0.0.RELEASE/4ac09adb2ab6857604784b3e61ef02bcdc974928/spring-integration-tuple-1.0.0.RELEASE.jar
7f96eeb62000-7f96eeb64000 r--s 00001000 08:05 809380                     /home/andrey/.gradle/caches/modules-2/files-2.1/com.fasterxml.jackson.module/jackson-module-parameter-names/2.9.6/129acd77a4b6ee30d62d3a0899b1344c8ec2bff8/jackson-module-parameter-names-2.9.6.jar
7f96eeb64000-7f96eeb67000 r--s 00016000 08:05 809376                     /home/andrey/.gradle/caches/modules-2/files-2.1/com.fasterxml.jackson.datatype/jackson-datatype-jsr310/2.9.6/ea54f6193d224e5e5732bbd4262327eb465397c2/jackson-datatype-jsr310-2.9.6.jar
7f96eeb67000-7f96eeb69000 r--s 00007000 08:05 809374                     /home/andrey/.gradle/caches/modules-2/files-2.1/com.fasterxml.jackson.datatype/jackson-datatype-jdk8/2.9.6/456895fc91bf7180b216fead220373e6278230c9/jackson-datatype-jdk8-2.9.6.jar
7f96eeb69000-7f96eeb6c000 r--s 00021000 08:05 825395                     /home/andrey/.gradle/caches/modules-2/files-2.1/com.fasterxml.jackson.module/jackson-module-afterburner/2.9.6/ced04832c2d8924a596de9f00894c7372ee93694/jackson-module-afterburner-2.9.6.jar
7f96eeb6c000-7f96eeb6e000 r--s 0001a000 08:05 825393                     /home/andrey/.gradle/caches/modules-2/files-2.1/org.hdrhistogram/HdrHistogram/2.1.9/e4631ce165eb400edecfa32e03d3f1be53dee754/HdrHistogram-2.1.9.jar
7f96eeb6e000-7f96eeb86000 r--s 000fc000 08:05 825392                     /home/andrey/.gradle/caches/modules-2/files-2.1/io.reactivex/rxjava/1.2.0/42bfaf64c94f3848ebf5cf1c2ea4ec9d1b3ac6c8/rxjava-1.2.0.jar
7f96eeb86000-7f96eeb88000 r--s 00009000 08:05 809063                     /home/andrey/.gradle/caches/modules-2/files-2.1/org.slf4j/slf4j-api/1.7.25/da76ca59f6a57ee3102f8f9bd9cee742973efa8a/slf4j-api-1.7.25.jar
7f96eeb88000-7f96eeb8a000 r--s 00000000 08:05 809044                     /home/andrey/.gradle/caches/modules-2/files-2.1/org.slf4j/jul-to-slf4j/1.7.25/af5364cd6679bfffb114f0dec8a157aaa283b76/jul-to-slf4j-1.7.25.jar
7f96eeb8a000-7f96eeb8c000 r--s 00003000 08:05 809041                     /home/andrey/.gradle/caches/modules-2/files-2.1/org.apache.logging.log4j/log4j-to-slf4j/2.10.0/f7e631ccf49cfc0aefa4a2a728da7d374c05bd3c/log4j-to-slf4j-2.10.0.jar
7f96eeb8c000-7f96eeb92000 r--s 00041000 08:05 809040                     /home/andrey/.gradle/caches/modules-2/files-2.1/ch.qos.logback/logback-classic/1.2.3/7c4f3c474fb2c041d8028740440937705ebb473a/logback-classic-1.2.3.jar
7f96eeb92000-7f96eeb99000 r--s 0004b000 08:05 825391                     /home/andrey/.gradle/caches/modules-2/files-2.1/com.github.jknack/handlebars/4.0.6/ccf00179b6648523e5c64b9b5fb783d89e42401b/handlebars-4.0.6.jar
7f96eeb99000-7f96eebc0000 r--s 00267000 08:05 808868                     /home/andrey/.gradle/caches/modules-2/files-2.1/org.eclipse.jgit/org.eclipse.jgit/4.11.0.201803080745-r/4ae44a6157e1bc4c5b373be0c274a8f1d9badd76/org.eclipse.jgit-4.11.0.201803080745-r.jar
7f96eebc0000-7f96eebe1000 r--s 000fe000 08:05 823365                     /home/andrey/.gradle/caches/modules-2/files-2.1/org.springframework.boot/spring-boot-autoconfigure/2.0.5.RELEASE/e5588642799e0c0c04638e255c3d3f31ba400ff4/spring-boot-autoconfigure-2.0.5.RELEASE.jar
7f96eebe1000-7f96eebe2000 ---p 00000000 00:00 0 
7f96eebe2000-7f96eece2000 rw-p 00000000 00:00 0 
7f96eece2000-7f96eece5000 ---p 00000000 00:00 0 
7f96eece5000-7f96eede3000 rw-p 00000000 00:00 0 
7f96eede3000-7f96eede4000 ---p 00000000 00:00 0 
7f96eede4000-7f96eede7000 ---p 00000000 00:00 0 
7f96eede7000-7f96eeee4000 rw-p 00000000 00:00 0 
7f96eeee4000-7f96eeee5000 ---p 00000000 00:00 0 
7f96eeee5000-7f96eeee8000 ---p 00000000 00:00 0 
7f96eeee8000-7f96eefe5000 rw-p 00000000 00:00 0 
7f96eefe5000-7f96eefe6000 ---p 00000000 00:00 0 
7f96eefe6000-7f96eefe9000 ---p 00000000 00:00 0 
7f96eefe9000-7f96ef0e6000 rw-p 00000000 00:00 0 
7f96ef0e6000-7f96ef0e9000 ---p 00000000 00:00 0 
7f96ef0e9000-7f96ef1e7000 rw-p 00000000 00:00 0 
7f96ef1e7000-7f96ef5f6000 r--p 00000000 08:05 3283857                    /usr/lib/locale/locale-archive
7f96ef5f6000-7f96ef5f9000 ---p 00000000 00:00 0 
7f96ef5f9000-7f96ef6f7000 rw-p 00000000 00:00 0 
7f96ef6f7000-7f96ef6fa000 ---p 00000000 00:00 0 
7f96ef6fa000-7f96ef7f8000 rw-p 00000000 00:00 0 
7f96ef7f8000-7f96ef7f9000 ---p 00000000 00:00 0 
7f96ef7f9000-7f96f0000000 rw-p 00000000 00:00 0 
7f96f0000000-7f96f0021000 rw-p 00000000 00:00 0 
7f96f0021000-7f96f4000000 ---p 00000000 00:00 0 
7f96f4000000-7f96f4001000 r--s 00000000 08:05 823368                     /home/andrey/.gradle/caches/modules-2/files-2.1/org.springframework.boot/spring-boot-starter-logging/2.0.5.RELEASE/c353e0b9591d0765c687ff0a678478cbebfd5c23/spring-boot-starter-logging-2.0.5.RELEASE.jar
7f96f4001000-7f96f4003000 r--s 00002000 08:05 824635                     /home/andrey/.gradle/caches/modules-2/files-2.1/org.synchronoss.cloud/nio-stream-storage/1.1.3/986dba5f6e5eed20f0dba6ddc8e8a64a9ebdc2f3/nio-stream-storage-1.1.3.jar
7f96f4003000-7f96f4009000 r--s 00031000 08:05 811158                     /home/andrey/.gradle/caches/modules-2/files-2.1/com.jayway.jsonpath/json-path/2.4.0/765a4401ceb2dc8d40553c2075eb80a8fa35c2ae/json-path-2.4.0.jar
7f96f4009000-7f96f400a000 r--s 00003000 08:05 825390                     /home/andrey/.gradle/caches/modules-2/files-2.1/com.toomuchcoding.jsonassert/jsonassert/0.4.13/f51fd672aab53730f907404b3c663c608150e540/jsonassert-0.4.13.jar
7f96f400a000-7f96f400e000 r--s 00033000 08:05 825389                     /home/andrey/.gradle/caches/modules-2/files-2.1/org.springframework.cloud/spring-cloud-contract-spec/2.0.1.RELEASE/7aaf8b67070a264efe42adbfdf3038b6a819f854/spring-cloud-contract-spec-2.0.1.RELEASE.jar
7f96f400e000-7f96f4015000 r--s 00050000 08:05 825388                     /home/andrey/.gradle/caches/modules-2/files-2.1/commons-configuration/commons-configuration/1.8/6cce40435bcd8018018f16898de01976b319941a/commons-configuration-1.8.jar
7f96f4015000-7f96f4019000 r--s 0001f000 08:05 825387                     /home/andrey/.gradle/caches/modules-2/files-2.1/com.netflix.archaius/archaius-core/0.7.6/be0c1024d08ad68ec25f9f32b0e9df1ab7ecb45b/archaius-core-0.7.6.jar
7f96f4019000-7f96f401b000 r--s 00002000 08:05 825386                     /home/andrey/.gradle/caches/modules-2/files-2.1/org.springframework.cloud/spring-cloud-netflix-archaius/2.0.1.RELEASE/61f2e557d66e11c320189eaec11074b47c786f89/spring-cloud-netflix-archaius-2.0.1.RELEASE.jar
7f96f401b000-7f96f4022000 r--s 00020000 08:05 823916                     /home/andrey/.gradle/caches/modules-2/files-2.1/org.springframework.boot/spring-boot-test-autoconfigure/2.0.5.RELEASE/54d5e8f9e88c6236fe164474f0aed5a8a1052c43/spring-boot-test-autoconfigure-2.0.5.RELEASE.jar
7f96f4022000-7f96f4024000 r--s 0000c000 08:05 824634                     /home/andrey/.gradle/caches/modules-2/files-2.1/org.synchronoss.cloud/nio-multipart-parser/1.1.0/c6c417fec6612584b1c34d4dd98c5a4e47e8c754/nio-multipart-parser-1.1.0.jar
7f96f4024000-7f96f403e000 r--s 0011b000 08:05 823366                     /home/andrey/.gradle/caches/modules-2/files-2.1/org.springframework/spring-web/5.0.9.RELEASE/1ea3aab93340849313fa74ec626ddaf1fff9ed8e/spring-web-5.0.9.RELEASE.jar
7f96f403e000-7f96f404d000 r--s 00099000 08:05 824633                     /home/andrey/.gradle/caches/modules-2/files-2.1/org.springframework/spring-webflux/5.0.9.RELEASE/18cb6f4030f08544155651eb362bcc2c6c3a666c/spring-webflux-5.0.9.RELEASE.jar
7f96f404d000-7f96f406a000 r--s 000fe000 08:05 823363                     /home/andrey/.gradle/caches/modules-2/files-2.1/org.hibernate.validator/hibernate-validator/6.0.12.Final/478003e61b056c1f97840ba3e62ff31cdc89597/hibernate-validator-6.0.12.Final.jar
7f96f406a000-7f96f406b000 r--s 00000000 08:05 824640                     /home/andrey/.gradle/caches/modules-2/files-2.1/org.springframework.boot/spring-boot-starter-reactor-netty/2.0.5.RELEASE/baa5267f2780271176b2a8aba66bac3acb7c4c/spring-boot-starter-reactor-netty-2.0.5.RELEASE.jar
7f96f406b000-7f96f406e000 r--s 00016000 08:05 824639                     /home/andrey/.gradle/caches/modules-2/files-2.1/io.projectreactor.addons/reactor-extra/3.1.7.RELEASE/d054e554351ce8dbc35a2290e125a1a947d91392/reactor-extra-3.1.7.RELEASE.jar
7f96f406e000-7f96f406f000 r--s 00004000 08:05 824638                     /home/andrey/.gradle/caches/modules-2/files-2.1/org.springframework.security/spring-security-rsa/1.0.5.RELEASE/31bd1111ada2f455eb0f492ed09e39deda18ca99/spring-security-rsa-1.0.5.RELEASE.jar
7f96f406f000-7f96f4074000 r--s 0001b000 08:05 824637                     /home/andrey/.gradle/caches/modules-2/files-2.1/org.springframework.cloud/spring-cloud-commons/2.0.1.RELEASE/302b01ad5b666d2314e6462804ddd7325acf6b75/spring-cloud-commons-2.0.1.RELEASE.jar
7f96f4074000-7f96f4078000 r--s 00016000 08:05 824636                     /home/andrey/.gradle/caches/modules-2/files-2.1/org.springframework.cloud/spring-cloud-context/2.0.1.RELEASE/a0d15068d4100c9a03c1e67f802c71007a933277/spring-cloud-context-2.0.1.RELEASE.jar
7f96f4078000-7f96f4079000 r--s 00000000 08:05 823359                     /home/andrey/.gradle/caches/modules-2/files-2.1/org.springframework.boot/spring-boot-starter/2.0.5.RELEASE/1f53487a373be18d064a5815e9bac9882ef15cdc/spring-boot-starter-2.0.5.RELEASE.jar
7f96f4079000-7f96f407a000 r--s 00000000 08:05 825384                     /home/andrey/.gradle/caches/modules-2/files-2.1/org.springframework.boot/spring-boot-starter-validation/2.0.5.RELEASE/a6a23c289fbde9f94979f69492a268bc6564df7/spring-boot-starter-validation-2.0.5.RELEASE.jar
7f96f407a000-7f96f4081000 r--s 00038000 08:05 825385                     /home/andrey/.gradle/caches/modules-2/files-2.1/org.springframework.cloud/spring-cloud-stream/2.0.1.RELEASE/21c072dac876747039527088a4a409da57f8e572/spring-cloud-stream-2.0.1.RELEASE.jar
7f96f4081000-7f96f4082000 r--s 00000000 08:05 823357                     /home/andrey/.gradle/caches/modules-2/files-2.1/org.springframework.boot/spring-boot-starter-aop/2.0.5.RELEASE/6bc1e8bcc849772d48cae1e8278cd2b471361698/spring-boot-starter-aop-2.0.5.RELEASE.jar
7f96f4082000-7f96f4087000 r--s 0001d000 08:05 825383                     /home/andrey/.gradle/caches/modules-2/files-2.1/org.eclipse.aether/aether-api/1.0.2.v20150114/839f93a5213fb3e233b09bfd6d6b95669f7043c0/aether-api-1.0.2.v20150114.jar
7f96f4087000-7f96f408a000 r--s 0000e000 08:05 825381                     /home/andrey/.gradle/caches/modules-2/files-2.1/org.springframework.cloud/spring-cloud-contract-wiremock/2.0.1.RELEASE/146045dad900852593d082802b33c891988dd29a/spring-cloud-contract-wiremock-2.0.1.RELEASE.jar
7f96f408a000-7f96f4097000 r--s 00087000 08:05 825382                     /home/andrey/.gradle/caches/modules-2/files-2.1/org.springframework.cloud/spring-cloud-contract-verifier/2.0.1.RELEASE/dc54f38dae8a6ed9c4c24046419180718841353e/spring-cloud-contract-verifier-2.0.1.RELEASE.jar
7f96f4097000-7f96f4099000 r--s 00004000 08:05 825380                     /home/andrey/.gradle/caches/modules-2/files-2.1/org.springframework.cloud/spring-cloud-stream-test-support/2.0.1.RELEASE/524d092ce2911be612b4322b6bcde9c71138a3c0/spring-cloud-stream-test-support-2.0.1.RELEASE.jar
7f96f4099000-7f96f409e000 r--s 00030000 08:05 825379                     /home/andrey/.gradle/caches/modules-2/files-2.1/org.springframework.cloud/spring-cloud-contract-stub-runner/2.0.1.RELEASE/35f1e04c72f3de1a0e3a50ad83b8d2fbc88404cb/spring-cloud-contract-stub-runner-2.0.1.RELEASE.jar
7f96f409e000-7f96f40a0000 r--s 00003000 08:05 825378                     /home/andrey/.gradle/caches/modules-2/files-2.1/io.reactivex/rxjava-reactive-streams/1.2.1/dac56d021c092c34662943dae3ab1432542005/rxjava-reactive-streams-1.2.1.jar
7f96f40a0000-7f96f40ac000 r--s 00068000 08:05 825377                     /home/andrey/.gradle/caches/modules-2/files-2.1/com.netflix.hystrix/hystrix-core/1.5.12/75379b6671fcaa9cec33035df684a68ec7741ca6/hystrix-core-1.5.12.jar
7f96f40ac000-7f96f4816000 rw-p 00000000 00:00 0 
7f96f4816000-7f96f49f0000 r--s 03d6b000 08:05 1720755                    /home/andrey/Программы/jdk1.8.0_181/jre/lib/rt.jar
7f96f49f0000-7f96f8000000 rw-p 00000000 00:00 0 
7f96f8000000-7f96f8021000 rw-p 00000000 00:00 0 
7f96f8021000-7f96fc000000 ---p 00000000 00:00 0 
7f96fc000000-7f96fc001000 r--s 00000000 08:05 823405                     /home/andrey/.gradle/caches/modules-2/files-2.1/org.springframework.boot/spring-boot-starter-json/2.0.5.RELEASE/d0052ded4733ceb1fb7d927238f22f9a92099227/spring-boot-starter-json-2.0.5.RELEASE.jar
7f96fc001000-7f96fc003000 r--s 00007000 08:05 825376                     /home/andrey/.gradle/caches/modules-2/files-2.1/com.netflix.hystrix/hystrix-serialization/1.5.12/ef4a2758e5bc6cf42ae848d4ba3d5363e0a2b27/hystrix-serialization-1.5.12.jar
7f96fc003000-7f96fc009000 r--s 00026000 08:05 825375                     /home/andrey/.gradle/caches/modules-2/files-2.1/com.netflix.hystrix/hystrix-javanica/1.5.12/5e4d888e0dba811e8ac3a9dbc8cbcc511734ace4/hystrix-javanica-1.5.12.jar
7f96fc009000-7f96fc00b000 r--s 0000c000 08:05 825374                     /home/andrey/.gradle/caches/modules-2/files-2.1/com.netflix.hystrix/hystrix-metrics-event-stream/1.5.12/3b3beae83ab5e8c10154c9e9581d7c210276e227/hystrix-metrics-event-stream-1.5.12.jar
7f96fc00b000-7f96fc00f000 r--s 00016000 08:05 825373                     /home/andrey/.gradle/caches/modules-2/files-2.1/org.springframework.cloud/spring-cloud-netflix-ribbon/2.0.1.RELEASE/57cf27d40bec021566d0084243179ad862879abc/spring-cloud-netflix-ribbon-2.0.1.RELEASE.jar
7f96fc00f000-7f96fc017000 r--s 00049000 08:05 824979                     /home/andrey/.gradle/caches/modules-2/files-2.1/org.springframework.cloud/spring-cloud-gateway-core/2.0.1.RELEASE/521032f7224a04026f50566ea6af188737e2f545/spring-cloud-gateway-core-2.0.1.RELEASE.jar
7f96fc017000-7f96fc46f000 rw-p 00000000 00:00 0 
7f96fc46f000-7f96fc470000 ---p 00000000 00:00 0 
7f96fc470000-7f96fc570000 rw-p 00000000 00:00 0 
7f96fc570000-7f96fc571000 ---p 00000000 00:00 0 
7f96fc571000-7f96fc671000 rw-p 00000000 00:00 0 
7f96fc671000-7f96fc672000 ---p 00000000 00:00 0 
7f96fc672000-7f96fc787000 rw-p 00000000 00:00 0 
7f96fc787000-7f96fc95e000 ---p 00000000 00:00 0 
7f96fc95e000-7f96fc973000 rw-p 00000000 00:00 0 
7f96fc973000-7f96fcb49000 ---p 00000000 00:00 0 
7f96fcb49000-7f96fcb81000 rw-p 00000000 00:00 0 
7f96fcb81000-7f96fcc3f000 ---p 00000000 00:00 0 
7f96fcc3f000-7f96fcc5e000 rw-p 00000000 00:00 0 
7f96fcc5e000-7f96fd000000 ---p 00000000 00:00 0 
7f96fd000000-7f96fd760000 rwxp 00000000 00:00 0 
7f96fd760000-7f970c000000 ---p 00000000 00:00 0 
7f970c000000-7f970ca8e000 rw-p 00000000 00:00 0 
7f970ca8e000-7f9710000000 ---p 00000000 00:00 0 
7f9710000000-7f971004f000 rw-p 00000000 00:00 0 
7f971004f000-7f9710050000 ---p 00000000 00:00 0 
7f9710050000-7f9710150000 rw-p 00000000 00:00 0 
7f9710150000-7f971016b000 r-xp 00000000 08:05 1730378                    /home/andrey/Программы/jdk1.8.0_181/jre/lib/amd64/libzip.so
7f971016b000-7f971036b000 ---p 0001b000 08:05 1730378                    /home/andrey/Программы/jdk1.8.0_181/jre/lib/amd64/libzip.so
7f971036b000-7f971036c000 rw-p 0001b000 08:05 1730378                    /home/andrey/Программы/jdk1.8.0_181/jre/lib/amd64/libzip.so
7f971036c000-7f9710377000 r-xp 00000000 08:05 398724                     /lib/x86_64-linux-gnu/libnss_files-2.27.so
7f9710377000-7f9710576000 ---p 0000b000 08:05 398724                     /lib/x86_64-linux-gnu/libnss_files-2.27.so
7f9710576000-7f9710577000 r--p 0000a000 08:05 398724                     /lib/x86_64-linux-gnu/libnss_files-2.27.so
7f9710577000-7f9710578000 rw-p 0000b000 08:05 398724                     /lib/x86_64-linux-gnu/libnss_files-2.27.so
7f9710578000-7f971057e000 rw-p 00000000 00:00 0 
7f971057e000-7f9710595000 r-xp 00000000 08:05 398718                     /lib/x86_64-linux-gnu/libnsl-2.27.so
7f9710595000-7f9710794000 ---p 00017000 08:05 398718                     /lib/x86_64-linux-gnu/libnsl-2.27.so
7f9710794000-7f9710795000 r--p 00016000 08:05 398718                     /lib/x86_64-linux-gnu/libnsl-2.27.so
7f9710795000-7f9710796000 rw-p 00017000 08:05 398718                     /lib/x86_64-linux-gnu/libnsl-2.27.so
7f9710796000-7f9710798000 rw-p 00000000 00:00 0 
7f9710798000-7f97107a3000 r-xp 00000000 08:05 398735                     /lib/x86_64-linux-gnu/libnss_nis-2.27.so
7f97107a3000-7f97109a2000 ---p 0000b000 08:05 398735                     /lib/x86_64-linux-gnu/libnss_nis-2.27.so
7f97109a2000-7f97109a3000 r--p 0000a000 08:05 398735                     /lib/x86_64-linux-gnu/libnss_nis-2.27.so
7f97109a3000-7f97109a4000 rw-p 0000b000 08:05 398735                     /lib/x86_64-linux-gnu/libnss_nis-2.27.so
7f97109a4000-7f97109ac000 r-xp 00000000 08:05 398720                     /lib/x86_64-linux-gnu/libnss_compat-2.27.so
7f97109ac000-7f9710bac000 ---p 00008000 08:05 398720                     /lib/x86_64-linux-gnu/libnss_compat-2.27.so
7f9710bac000-7f9710bad000 r--p 00008000 08:05 398720                     /lib/x86_64-linux-gnu/libnss_compat-2.27.so
7f9710bad000-7f9710bae000 rw-p 00009000 08:05 398720                     /lib/x86_64-linux-gnu/libnss_compat-2.27.so
7f9710bae000-7f9710bd9000 r-xp 00000000 08:05 1730372                    /home/andrey/Программы/jdk1.8.0_181/jre/lib/amd64/libjava.so
7f9710bd9000-7f9710dd8000 ---p 0002b000 08:05 1730372                    /home/andrey/Программы/jdk1.8.0_181/jre/lib/amd64/libjava.so
7f9710dd8000-7f9710dda000 rw-p 0002a000 08:05 1730372                    /home/andrey/Программы/jdk1.8.0_181/jre/lib/amd64/libjava.so
7f9710dda000-7f9710de7000 r-xp 00000000 08:05 1730377                    /home/andrey/Программы/jdk1.8.0_181/jre/lib/amd64/libverify.so
7f9710de7000-7f9710fe7000 ---p 0000d000 08:05 1730377                    /home/andrey/Программы/jdk1.8.0_181/jre/lib/amd64/libverify.so
7f9710fe7000-7f9710fe9000 rw-p 0000d000 08:05 1730377                    /home/andrey/Программы/jdk1.8.0_181/jre/lib/amd64/libverify.so
7f9710fe9000-7f9710ff0000 r-xp 00000000 08:05 398775                     /lib/x86_64-linux-gnu/librt-2.27.so
7f9710ff0000-7f97111ef000 ---p 00007000 08:05 398775                     /lib/x86_64-linux-gnu/librt-2.27.so
7f97111ef000-7f97111f0000 r--p 00006000 08:05 398775                     /lib/x86_64-linux-gnu/librt-2.27.so
7f97111f0000-7f97111f1000 rw-p 00007000 08:05 398775                     /lib/x86_64-linux-gnu/librt-2.27.so
7f97111f1000-7f971138e000 r-xp 00000000 08:05 398697                     /lib/x86_64-linux-gnu/libm-2.27.so
7f971138e000-7f971158d000 ---p 0019d000 08:05 398697                     /lib/x86_64-linux-gnu/libm-2.27.so
7f971158d000-7f971158e000 r--p 0019c000 08:05 398697                     /lib/x86_64-linux-gnu/libm-2.27.so
7f971158e000-7f971158f000 rw-p 0019d000 08:05 398697                     /lib/x86_64-linux-gnu/libm-2.27.so
7f971158f000-7f971226b000 r-xp 00000000 08:05 1730354                    /home/andrey/Программы/jdk1.8.0_181/jre/lib/amd64/server/libjvm.so
7f971226b000-7f971246b000 ---p 00cdc000 08:05 1730354                    /home/andrey/Программы/jdk1.8.0_181/jre/lib/amd64/server/libjvm.so
7f971246b000-7f9712545000 rw-p 00cdc000 08:05 1730354                    /home/andrey/Программы/jdk1.8.0_181/jre/lib/amd64/server/libjvm.so
7f9712545000-7f9712590000 rw-p 00000000 00:00 0 
7f9712590000-7f9712777000 r-xp 00000000 08:05 398634                     /lib/x86_64-linux-gnu/libc-2.27.so
7f9712777000-7f9712977000 ---p 001e7000 08:05 398634                     /lib/x86_64-linux-gnu/libc-2.27.so
7f9712977000-7f971297b000 r--p 001e7000 08:05 398634                     /lib/x86_64-linux-gnu/libc-2.27.so
7f971297b000-7f971297d000 rw-p 001eb000 08:05 398634                     /lib/x86_64-linux-gnu/libc-2.27.so
7f971297d000-7f9712981000 rw-p 00000000 00:00 0 
7f9712981000-7f9712984000 r-xp 00000000 08:05 398657                     /lib/x86_64-linux-gnu/libdl-2.27.so
7f9712984000-7f9712b83000 ---p 00003000 08:05 398657                     /lib/x86_64-linux-gnu/libdl-2.27.so
7f9712b83000-7f9712b84000 r--p 00002000 08:05 398657                     /lib/x86_64-linux-gnu/libdl-2.27.so
7f9712b84000-7f9712b85000 rw-p 00003000 08:05 398657                     /lib/x86_64-linux-gnu/libdl-2.27.so
7f9712b85000-7f9712b9b000 r-xp 00000000 08:05 2360992                    /home/andrey/Программы/jdk1.8.0_181/lib/amd64/jli/libjli.so
7f9712b9b000-7f9712d9a000 ---p 00016000 08:05 2360992                    /home/andrey/Программы/jdk1.8.0_181/lib/amd64/jli/libjli.so
7f9712d9a000-7f9712d9b000 rw-p 00015000 08:05 2360992                    /home/andrey/Программы/jdk1.8.0_181/lib/amd64/jli/libjli.so
7f9712d9b000-7f9712db5000 r-xp 00000000 08:05 398767                     /lib/x86_64-linux-gnu/libpthread-2.27.so
7f9712db5000-7f9712fb4000 ---p 0001a000 08:05 398767                     /lib/x86_64-linux-gnu/libpthread-2.27.so
7f9712fb4000-7f9712fb5000 r--p 00019000 08:05 398767                     /lib/x86_64-linux-gnu/libpthread-2.27.so
7f9712fb5000-7f9712fb6000 rw-p 0001a000 08:05 398767                     /lib/x86_64-linux-gnu/libpthread-2.27.so
7f9712fb6000-7f9712fba000 rw-p 00000000 00:00 0 
7f9712fba000-7f9712fe1000 r-xp 00000000 08:05 398606                     /lib/x86_64-linux-gnu/ld-2.27.so
7f9712fe1000-7f9712fe2000 r--s 00000000 08:05 823915                     /home/andrey/.gradle/caches/modules-2/files-2.1/org.springframework.boot/spring-boot-starter-test/2.0.5.RELEASE/ab04ca2e76f6a8e786001352a81a10e4b0e7fbc8/spring-boot-starter-test-2.0.5.RELEASE.jar
7f9712fe2000-7f97130c4000 rw-p 00000000 00:00 0 
7f97130c4000-7f97130c5000 ---p 00000000 00:00 0 
7f97130c5000-7f97130c8000 ---p 00000000 00:00 0 
7f97130c8000-7f97131c7000 rw-p 00000000 00:00 0 
7f97131c7000-7f97131c9000 r--s 00005000 08:05 825369                     /home/andrey/.gradle/caches/modules-2/files-2.1/org.springframework.cloud/spring-cloud-netflix-core/2.0.1.RELEASE/e9bed492d241092e2d6da60a6b44532f5443c592/spring-cloud-netflix-core-2.0.1.RELEASE.jar
7f97131c9000-7f97131ca000 r--s 00000000 08:05 824627                     /home/andrey/.gradle/caches/modules-2/files-2.1/org.springframework.boot/spring-boot-starter-webflux/2.0.5.RELEASE/c7ff5031bd64fd28320dd46780376da4852d44a8/spring-boot-starter-webflux-2.0.5.RELEASE.jar
7f97131ca000-7f97131cb000 r--s 00000000 08:05 824629                     /home/andrey/.gradle/caches/modules-2/files-2.1/org.springframework.cloud/spring-cloud-starter/2.0.1.RELEASE/221e7d87368cc7cd69a89d0a73be7fa17151e340/spring-cloud-starter-2.0.1.RELEASE.jar
7f97131cb000-7f97131cc000 r--s 00000000 08:05 825370                     /home/andrey/.gradle/caches/modules-2/files-2.1/org.springframework.cloud/spring-cloud-starter-netflix-archaius/2.0.1.RELEASE/c03a70287c597da9e2cf2b543a294fcd31e15a7a/spring-cloud-starter-netflix-archaius-2.0.1.RELEASE.jar
7f97131cc000-7f97131d1000 r--s 00036000 08:05 809015                     /home/andrey/.gradle/caches/modules-2/files-2.1/com.google.code.gson/gson/2.8.5/f645ed69d595b24d4cf8b3fbb64cc505bede8829/gson-2.8.5.jar
7f97131d1000-7f97131d2000 r--s 00000000 08:05 825372                     /home/andrey/.gradle/caches/modules-2/files-2.1/org.springframework.cloud/spring-cloud-starter-contract-stub-runner/2.0.1.RELEASE/55cb07d3380985973cc571e11282595cabf11a7b/spring-cloud-starter-contract-stub-runner-2.0.1.RELEASE.jar
7f97131d2000-7f97131d3000 r--s 00000000 08:05 825371                     /home/andrey/.gradle/caches/modules-2/files-2.1/org.springframework.cloud/spring-cloud-starter-netflix-hystrix/2.0.1.RELEASE/febdacec9d017e8be650665d06648b3999bdb6b2/spring-cloud-starter-netflix-hystrix-2.0.1.RELEASE.jar
7f97131d3000-7f97131d4000 r--s 00000000 08:05 824628                     /home/andrey/.gradle/caches/modules-2/files-2.1/org.springframework.cloud/spring-cloud-starter-gateway/2.0.1.RELEASE/3ec331b804a072556b5db6a0ffd5239e619e4a7d/spring-cloud-starter-gateway-2.0.1.RELEASE.jar
7f97131d4000-7f97131d5000 r--s 00009000 08:05 2776711                    /home/andrey/.gradle/caches/4.8.1/workerMain/gradle-worker.jar
7f97131d5000-7f97131dd000 rw-s 00000000 08:05 2118283                    /tmp/hsperfdata_andrey/11167
7f97131dd000-7f97131de000 rw-p 00000000 00:00 0 
7f97131de000-7f97131df000 ---p 00000000 00:00 0 
7f97131df000-7f97131e1000 rw-p 00000000 00:00 0 
7f97131e1000-7f97131e2000 r--p 00027000 08:05 398606                     /lib/x86_64-linux-gnu/ld-2.27.so
7f97131e2000-7f97131e3000 rw-p 00028000 08:05 398606                     /lib/x86_64-linux-gnu/ld-2.27.so
7f97131e3000-7f97131e4000 rw-p 00000000 00:00 0 
7ffcaa2e2000-7ffcaa303000 rw-p 00000000 00:00 0                          [stack]
7ffcaa395000-7ffcaa398000 r--p 00000000 00:00 0                          [vvar]
7ffcaa398000-7ffcaa39a000 r-xp 00000000 00:00 0                          [vdso]
ffffffffff600000-ffffffffff601000 r-xp 00000000 00:00 0                  [vsyscall]

VM Arguments:
jvm_args: -Djava.security.manager=worker.org.gradle.process.internal.worker.child.BootstrapSecurityManager -Dorg.gradle.native=false -Dfile.encoding=UTF-8 -Duser.country=RU -Duser.language=ru -Duser.variant -ea 
java_command: worker.org.gradle.process.internal.worker.GradleWorkerMain 'Gradle Test Executor 2'
java_class_path (initial): /home/andrey/.gradle/caches/4.8.1/workerMain/gradle-worker.jar
Launcher Type: SUN_STANDARD

Environment Variables:
JAVA_HOME=/home/andrey/Программы/jdk1.8.0_181/
JRE_HOME=/home/andrey/Программы/jdk1.8.0_181/jre
PATH=/usr/local/sbin:/usr/local/bin:/usr/sbin:/usr/bin:/sbin:/bin:/usr/games:/usr/local/games:/snap/bin:/home/andrey/Программы/jdk1.8.0_181/bin:/home/andrey/Программы/jdk1.8.0_181/jre/bin
SHELL=/bin/bash
DISPLAY=:0

Signal Handlers:
SIGSEGV: [libjvm.so+0xad2a40], sa_mask[0]=11111111011111111101111111111110, sa_flags=SA_RESTART|SA_SIGINFO
SIGBUS: [libjvm.so+0xad2a40], sa_mask[0]=11111111011111111101111111111110, sa_flags=SA_RESTART|SA_SIGINFO
SIGFPE: [libjvm.so+0x92a610], sa_mask[0]=11111111011111111101111111111110, sa_flags=SA_RESTART|SA_SIGINFO
SIGPIPE: [libjvm.so+0x92a610], sa_mask[0]=11111111011111111101111111111110, sa_flags=SA_RESTART|SA_SIGINFO
SIGXFSZ: [libjvm.so+0x92a610], sa_mask[0]=11111111011111111101111111111110, sa_flags=SA_RESTART|SA_SIGINFO
SIGILL: [libjvm.so+0x92a610], sa_mask[0]=11111111011111111101111111111110, sa_flags=SA_RESTART|SA_SIGINFO
SIGUSR1: SIG_DFL, sa_mask[0]=00000000000000000000000000000000, sa_flags=none
SIGUSR2: [libjvm.so+0x92be70], sa_mask[0]=00100000000000000000000000000000, sa_flags=SA_RESTART|SA_SIGINFO
SIGHUP: [libjvm.so+0x92d270], sa_mask[0]=11111111011111111101111111111110, sa_flags=SA_RESTART|SA_SIGINFO
SIGINT: [libjvm.so+0x92d270], sa_mask[0]=11111111011111111101111111111110, sa_flags=SA_RESTART|SA_SIGINFO
SIGTERM: [libjvm.so+0x92d270], sa_mask[0]=11111111011111111101111111111110, sa_flags=SA_RESTART|SA_SIGINFO
SIGQUIT: [libjvm.so+0x92d270], sa_mask[0]=11111111011111111101111111111110, sa_flags=SA_RESTART|SA_SIGINFO


---------------  S Y S T E M  ---------------

OS:DISTRIB_ID=LinuxMint
DISTRIB_RELEASE=19
DISTRIB_CODENAME=tara
DISTRIB_DESCRIPTION="Linux Mint 19 Tara"

uname:Linux 4.15.0-20-generic #21-Ubuntu SMP Tue Apr 24 06:16:15 UTC 2018 x86_64
libc:glibc 2.27 NPTL 2.27 
rlimit: STACK 8192k, CORE 0k, NPROC 23310, NOFILE 1048576, AS infinity
load average:18,31 5,64 2,24

/proc/meminfo:
MemTotal:        6029436 kB
MemFree:          114644 kB
MemAvailable:      12720 kB
Buffers:             256 kB
Cached:            57876 kB
SwapCached:        14664 kB
Active:          4855396 kB
Inactive:         701660 kB
Active(anon):    4850884 kB
Inactive(anon):   693084 kB
Active(file):       4512 kB
Inactive(file):     8576 kB
Unevictable:         360 kB
Mlocked:             360 kB
SwapTotal:       2097148 kB
SwapFree:              0 kB
Dirty:               176 kB
Writeback:             0 kB
AnonPages:       5485200 kB
Mapped:            78576 kB
Shmem:             44836 kB
Slab:             109980 kB
SReclaimable:      44636 kB
SUnreclaim:        65344 kB
KernelStack:       18912 kB
PageTables:        88692 kB
NFS_Unstable:          0 kB
Bounce:                0 kB
WritebackTmp:          0 kB
CommitLimit:     5111864 kB
Committed_AS:   16098760 kB
VmallocTotal:   34359738367 kB
VmallocUsed:           0 kB
VmallocChunk:          0 kB
HardwareCorrupted:     0 kB
AnonHugePages:         0 kB
ShmemHugePages:        0 kB
ShmemPmdMapped:        0 kB
CmaTotal:              0 kB
CmaFree:               0 kB
HugePages_Total:       0
HugePages_Free:        0
HugePages_Rsvd:        0
HugePages_Surp:        0
Hugepagesize:       2048 kB
DirectMap4k:      395008 kB
DirectMap2M:     5822464 kB
DirectMap1G:     1048576 kB


CPU:total 4 (initial active 4) (2 cores per cpu, 2 threads per core) family 6 model 69 stepping 1, cmov, cx8, fxsr, mmx, sse, sse2, sse3, ssse3, sse4.1, sse4.2, popcnt, avx, avx2, aes, clmul, erms, lzcnt, ht, tsc, tscinvbit, bmi1, bmi2

/proc/cpuinfo:
processor	: 0
vendor_id	: GenuineIntel
cpu family	: 6
model		: 69
model name	: Intel(R) Core(TM) i7-4510U CPU @ 2.00GHz
stepping	: 1
microcode	: 0x1c
cpu MHz		: 2750.371
cache size	: 4096 KB
physical id	: 0
siblings	: 4
core id		: 0
cpu cores	: 2
apicid		: 0
initial apicid	: 0
fpu		: yes
fpu_exception	: yes
cpuid level	: 13
wp		: yes
flags		: fpu vme de pse tsc msr pae mce cx8 apic sep mtrr pge mca cmov pat pse36 clflush dts acpi mmx fxsr sse sse2 ss ht tm pbe syscall nx pdpe1gb rdtscp lm constant_tsc arch_perfmon pebs bts rep_good nopl xtopology nonstop_tsc cpuid aperfmperf pni pclmulqdq dtes64 monitor ds_cpl vmx est tm2 ssse3 sdbg fma cx16 xtpr pdcm pcid sse4_1 sse4_2 movbe popcnt aes xsave avx f16c rdrand lahf_lm abm cpuid_fault epb invpcid_single pti tpr_shadow vnmi flexpriority ept vpid fsgsbase tsc_adjust bmi1 avx2 smep bmi2 erms invpcid xsaveopt dtherm ida arat pln pts
bugs		: cpu_meltdown spectre_v1 spectre_v2
bogomips	: 5187.96
clflush size	: 64
cache_alignment	: 64
address sizes	: 39 bits physical, 48 bits virtual
power management:

processor	: 1
vendor_id	: GenuineIntel
cpu family	: 6
model		: 69
model name	: Intel(R) Core(TM) i7-4510U CPU @ 2.00GHz
stepping	: 1
microcode	: 0x1c
cpu MHz		: 2743.312
cache size	: 4096 KB
physical id	: 0
siblings	: 4
core id		: 0
cpu cores	: 2
apicid		: 1
initial apicid	: 1
fpu		: yes
fpu_exception	: yes
cpuid level	: 13
wp		: yes
flags		: fpu vme de pse tsc msr pae mce cx8 apic sep mtrr pge mca cmov pat pse36 clflush dts acpi mmx fxsr sse sse2 ss ht tm pbe syscall nx pdpe1gb rdtscp lm constant_tsc arch_perfmon pebs bts rep_good nopl xtopology nonstop_tsc cpuid aperfmperf pni pclmulqdq dtes64 monitor ds_cpl vmx est tm2 ssse3 sdbg fma cx16 xtpr pdcm pcid sse4_1 sse4_2 movbe popcnt aes xsave avx f16c rdrand lahf_lm abm cpuid_fault epb invpcid_single pti tpr_shadow vnmi flexpriority ept vpid fsgsbase tsc_adjust bmi1 avx2 smep bmi2 erms invpcid xsaveopt dtherm ida arat pln pts
bugs		: cpu_meltdown spectre_v1 spectre_v2
bogomips	: 5187.96
clflush size	: 64
cache_alignment	: 64
address sizes	: 39 bits physical, 48 bits virtual
power management:

processor	: 2
vendor_id	: GenuineIntel
cpu family	: 6
model		: 69
model name	: Intel(R) Core(TM) i7-4510U CPU @ 2.00GHz
stepping	: 1
microcode	: 0x1c
cpu MHz		: 2770.748
cache size	: 4096 KB
physical id	: 0
siblings	: 4
core id		: 1
cpu cores	: 2
apicid		: 2
initial apicid	: 2
fpu		: yes
fpu_exception	: yes
cpuid level	: 13
wp		: yes
flags		: fpu vme de pse tsc msr pae mce cx8 apic sep mtrr pge mca cmov pat pse36 clflush dts acpi mmx fxsr sse sse2 ss ht tm pbe syscall nx pdpe1gb rdtscp lm constant_tsc arch_perfmon pebs bts rep_good nopl xtopology nonstop_tsc cpuid aperfmperf pni pclmulqdq dtes64 monitor ds_cpl vmx est tm2 ssse3 sdbg fma cx16 xtpr pdcm pcid sse4_1 sse4_2 movbe popcnt aes xsave avx f16c rdrand lahf_lm abm cpuid_fault epb invpcid_single pti tpr_shadow vnmi flexpriority ept vpid fsgsbase tsc_adjust bmi1 avx2 smep bmi2 erms invpcid xsaveopt dtherm ida arat pln pts
bugs		: cpu_meltdown spectre_v1 spectre_v2
bogomips	: 5187.96
clflush size	: 64
cache_alignment	: 64
address sizes	: 39 bits physical, 48 bits virtual
power management:

processor	: 3
vendor_id	: GenuineIntel
cpu family	: 6
model		: 69
model name	: Intel(R) Core(TM) i7-4510U CPU @ 2.00GHz
stepping	: 1
microcode	: 0x1c
cpu MHz		: 2787.424
cache size	: 4096 KB
physical id	: 0
siblings	: 4
core id		: 1
cpu cores	: 2
apicid		: 3
initial apicid	: 3
fpu		: yes
fpu_exception	: yes
cpuid level	: 13
wp		: yes
flags		: fpu vme de pse tsc msr pae mce cx8 apic sep mtrr pge mca cmov pat pse36 clflush dts acpi mmx fxsr sse sse2 ss ht tm pbe syscall nx pdpe1gb rdtscp lm constant_tsc arch_perfmon pebs bts rep_good nopl xtopology nonstop_tsc cpuid aperfmperf pni pclmulqdq dtes64 monitor ds_cpl vmx est tm2 ssse3 sdbg fma cx16 xtpr pdcm pcid sse4_1 sse4_2 movbe popcnt aes xsave avx f16c rdrand lahf_lm abm cpuid_fault epb invpcid_single pti tpr_shadow vnmi flexpriority ept vpid fsgsbase tsc_adjust bmi1 avx2 smep bmi2 erms invpcid xsaveopt dtherm ida arat pln pts
bugs		: cpu_meltdown spectre_v1 spectre_v2
bogomips	: 5187.96
clflush size	: 64
cache_alignment	: 64
address sizes	: 39 bits physical, 48 bits virtual
power management:



Memory: 4k page, physical 6029436k(114280k free), swap 2097148k(0k free)

vm_info: Java HotSpot(TM) 64-Bit Server VM (25.181-b13) for linux-amd64 JRE (1.8.0_181-b13), built on Jul  7 2018 00:56:38 by "java_re" with gcc 4.3.0 20080428 (Red Hat 4.3.0-8)

time: Tue Oct 16 00:19:06 2018
elapsed time: 41 seconds (0d 0h 0m 41s)

