#
# There is insufficient memory for the Java Runtime Environment to continue.
# Native memory allocation (mmap) failed to map 28311552 bytes for committing reserved memory.
# Possible reasons:
#   The system is out of physical RAM or swap space
#   In 32 bit mode, the process size limit was hit
# Possible solutions:
#   Reduce memory load on the system
#   Increase physical memory or swap space
#   Check if swap backing store is full
#   Use 64 bit Java on a 64 bit OS
#   Decrease Java heap size (-Xmx/-Xms)
#   Decrease number of Java threads
#   Decrease Java thread stack sizes (-Xss)
#   Set larger code cache with -XX:ReservedCodeCacheSize=
# This output file may be truncated or incomplete.
#
#  Out of Memory Error (os_linux.cpp:2640), pid=21082, tid=0x00007fa108bfb700
#
# JRE version: Java(TM) SE Runtime Environment (8.0_181-b13) (build 1.8.0_181-b13)
# Java VM: Java HotSpot(TM) 64-Bit Server VM (25.181-b13 mixed mode linux-amd64 compressed oops)
# Failed to write core dump. Core dumps have been disabled. To enable core dumping, try "ulimit -c unlimited" before starting Java again
#

---------------  T H R E A D  ---------------

Current thread (0x00007fa11807e000):  VMThread [stack: 0x00007fa108afc000,0x00007fa108bfc000] [id=21090]

Stack: [0x00007fa108afc000,0x00007fa108bfc000],  sp=0x00007fa108bfa020,  free space=1016k
Native frames: (J=compiled Java code, j=interpreted, Vv=VM code, C=native code)
V  [libjvm.so+0xad21aa]  VMError::report_and_die()+0x2ba
V  [libjvm.so+0x5022db]  report_vm_out_of_memory(char const*, int, unsigned long, VMErrorType, char const*)+0x8b
V  [libjvm.so+0x92fe33]  os::Linux::commit_memory_impl(char*, unsigned long, bool)+0x123
V  [libjvm.so+0x930059]  os::pd_commit_memory(char*, unsigned long, unsigned long, bool)+0x29
V  [libjvm.so+0x9272ba]  os::commit_memory(char*, unsigned long, unsigned long, bool)+0x2a
V  [libjvm.so+0x99d2e3]  PSVirtualSpace::expand_by(unsigned long)+0x53
V  [libjvm.so+0x98dba0]  PSOldGen::expand(unsigned long)+0x170
V  [libjvm.so+0x98ddab]  PSOldGen::resize(unsigned long)+0x1cb
V  [libjvm.so+0x995ab1]  PSParallelCompact::invoke_no_policy(bool)+0x991
V  [libjvm.so+0x995da3]  PSParallelCompact::invoke(bool)+0x63
V  [libjvm.so+0x488e34]  CollectedHeap::collect_as_vm_thread(GCCause::Cause)+0x114
V  [libjvm.so+0xad3631]  VM_CollectForMetadataAllocation::doit()+0x161
V  [libjvm.so+0xadb745]  VM_Operation::evaluate()+0x55
V  [libjvm.so+0xad9b0a]  VMThread::evaluate_operation(VM_Operation*)+0xba
V  [libjvm.so+0xad9e8e]  VMThread::loop()+0x1ce
V  [libjvm.so+0xada300]  VMThread::run()+0x70
V  [libjvm.so+0x930198]  java_start(Thread*)+0x108

VM_Operation (0x00007fa0c1f92550): CollectForMetadataAllocation, mode: safepoint, requested by thread 0x00007fa11961e000


---------------  P R O C E S S  ---------------

Java Threads: ( => current thread )
  0x00007fa118010000 JavaThread "DestroyJavaVM" [_thread_blocked, id=21085, stack(0x00007fa1215d1000,0x00007fa1216d1000)]
  0x00007fa119663800 JavaThread "http-nio-8082-AsyncTimeout" daemon [_thread_blocked, id=21132, stack(0x00007fa0c148e000,0x00007fa0c158f000)]
  0x00007fa119662000 JavaThread "http-nio-8082-Acceptor-0" daemon [_thread_in_native, id=21131, stack(0x00007fa0c158f000,0x00007fa0c1690000)]
  0x00007fa11965f800 JavaThread "http-nio-8082-ClientPoller-1" daemon [_thread_blocked, id=21130, stack(0x00007fa0c1690000,0x00007fa0c1791000)]
  0x00007fa119644800 JavaThread "http-nio-8082-ClientPoller-0" daemon [_thread_blocked, id=21129, stack(0x00007fa0c1791000,0x00007fa0c1892000)]
  0x00007fa119629800 JavaThread "http-nio-8082-exec-10" daemon [_thread_blocked, id=21128, stack(0x00007fa0c1892000,0x00007fa0c1993000)]
  0x00007fa119627800 JavaThread "http-nio-8082-exec-9" daemon [_thread_blocked, id=21127, stack(0x00007fa0c1993000,0x00007fa0c1a94000)]
  0x00007fa119626000 JavaThread "http-nio-8082-exec-8" daemon [_thread_blocked, id=21126, stack(0x00007fa0c1a94000,0x00007fa0c1b95000)]
  0x00007fa119624000 JavaThread "http-nio-8082-exec-7" daemon [_thread_blocked, id=21125, stack(0x00007fa0c1b95000,0x00007fa0c1c96000)]
  0x00007fa119622000 JavaThread "http-nio-8082-exec-6" daemon [_thread_blocked, id=21124, stack(0x00007fa0c1c96000,0x00007fa0c1d97000)]
  0x00007fa119620000 JavaThread "http-nio-8082-exec-5" daemon [_thread_blocked, id=21123, stack(0x00007fa0c1d97000,0x00007fa0c1e98000)]
  0x00007fa11961e000 JavaThread "http-nio-8082-exec-4" daemon [_thread_blocked, id=21122, stack(0x00007fa0c1e98000,0x00007fa0c1f99000)]
  0x00007fa11961c000 JavaThread "http-nio-8082-exec-3" daemon [_thread_blocked, id=21121, stack(0x00007fa0c1f99000,0x00007fa0c209a000)]
  0x00007fa11961a000 JavaThread "http-nio-8082-exec-2" daemon [_thread_blocked, id=21120, stack(0x00007fa0c209a000,0x00007fa0c219b000)]
  0x00007fa119618800 JavaThread "http-nio-8082-exec-1" daemon [_thread_blocked, id=21119, stack(0x00007fa0c219b000,0x00007fa0c229c000)]
  0x00007fa119616800 JavaThread "NioBlockingSelector.BlockPoller-1" daemon [_thread_blocked, id=21118, stack(0x00007fa0c229c000,0x00007fa0c239d000)]
  0x00007fa118f81800 JavaThread "HikariPool-1 housekeeper" daemon [_thread_blocked, id=21107, stack(0x00007fa0c329e000,0x00007fa0c339f000)]
  0x00007fa118f7a000 JavaThread "PostgreSQL-JDBC-SharedTimer-1" daemon [_thread_blocked, id=21106, stack(0x00007fa0c339f000,0x00007fa0c34a0000)]
  0x00007fa118e5c800 JavaThread "container-0" [_thread_blocked, id=21104, stack(0x00007fa0c3cff000,0x00007fa0c3e00000)]
  0x00007fa118e5a800 JavaThread "ContainerBackgroundProcessor[StandardEngine[Tomcat]]" daemon [_thread_blocked, id=21103, stack(0x00007fa0f809f000,0x00007fa0f81a0000)]
  0x00007fa1180d9000 JavaThread "Service Thread" daemon [_thread_blocked, id=21097, stack(0x00007fa1010ef000,0x00007fa1011f0000)]
  0x00007fa1180c3800 JavaThread "C1 CompilerThread2" daemon [_thread_blocked, id=21096, stack(0x00007fa1080e7000,0x00007fa1081e7000)]
  0x00007fa1180c2000 JavaThread "C2 CompilerThread1" daemon [_thread_blocked, id=21095, stack(0x00007fa1081e8000,0x00007fa1082e8000)]
  0x00007fa1180bf000 JavaThread "C2 CompilerThread0" daemon [_thread_blocked, id=21094, stack(0x00007fa1082e9000,0x00007fa1083e9000)]
  0x00007fa1180bd800 JavaThread "Signal Dispatcher" daemon [_thread_blocked, id=21093, stack(0x00007fa1083e9000,0x00007fa1084ea000)]
  0x00007fa11808a800 JavaThread "Finalizer" daemon [_thread_blocked, id=21092, stack(0x00007fa1088f9000,0x00007fa1089fa000)]
  0x00007fa118088000 JavaThread "Reference Handler" daemon [_thread_blocked, id=21091, stack(0x00007fa1089fa000,0x00007fa108afb000)]

Other Threads:
=>0x00007fa11807e000 VMThread [stack: 0x00007fa108afc000,0x00007fa108bfc000] [id=21090]
  0x00007fa1180dd800 WatcherThread [stack: 0x00007fa100fef000,0x00007fa1010ef000] [id=21098]

VM state:at safepoint (normal execution)

VM Mutex/Monitor currently owned by a thread:  ([mutex/lock_event])
[0x00007fa11800c000] ExpandHeap_lock - owner thread: 0x00007fa11807e000
[0x00007fa11800c680] Threads_lock - owner thread: 0x00007fa11807e000
[0x00007fa11800cb80] Heap_lock - owner thread: 0x00007fa11961e000

Heap:
 PSYoungGen      total 186880K, used 0K [0x00000000e1500000, 0x00000000ee000000, 0x0000000100000000)
  eden space 167936K, 0% used [0x00000000e1500000,0x00000000e1500000,0x00000000eb900000)
  from space 18944K, 0% used [0x00000000ecd80000,0x00000000ecd80000,0x00000000ee000000)
  to   space 19968K, 0% used [0x00000000eb900000,0x00000000eb900000,0x00000000ecc80000)
 ParOldGen       total 78336K, used 27377K [0x00000000a3e00000, 0x00000000a8a80000, 0x00000000e1500000)
  object space 78336K, 34% used [0x00000000a3e00000,0x00000000a58bc4b0,0x00000000a8a80000)
 Metaspace       used 56600K, capacity 59052K, committed 59160K, reserved 1099776K
  class space    used 7482K, capacity 7914K, committed 7984K, reserved 1048576K

Card table byte_map: [0x00007fa11dfba000,0x00007fa11e29c000] byte_map_base: 0x00007fa11da9b000

Marking Bits: (ParMarkBitMap*) 0x00007fa120a6f0a0
 Begin Bits: [0x00007fa1011f0000, 0x00007fa1028f8000)
 End Bits:   [0x00007fa1028f8000, 0x00007fa104000000)

Polling page: 0x00007fa1216ea000

CodeCache: size=245760Kb used=14384Kb max_used=15756Kb free=231375Kb
 bounds [0x00007fa109000000, 0x00007fa109fe0000, 0x00007fa118000000]
 total_blobs=4779 nmethods=4257 adapters=435
 compilation: enabled

Compilation events (10 events):
Event: 149,852 Thread 0x00007fa1180bf000 5041   !   4       java.util.regex.Pattern::matcher (44 bytes)
Event: 149,928 Thread 0x00007fa1180bf000 nmethod 5041 0x00007fa109a7d750 code [0x00007fa109a7d8c0, 0x00007fa109a7dd38]
Event: 152,583 Thread 0x00007fa1180c3800 5042       1       org.hibernate.internal.SessionFactoryImpl::isClosed (5 bytes)
Event: 152,854 Thread 0x00007fa1180c3800 nmethod 5042 0x00007fa1094f04d0 code [0x00007fa1094f0620, 0x00007fa1094f0730]
Event: 152,898 Thread 0x00007fa1180c3800 5043       1       org.hibernate.persister.entity.AbstractEntityPersister::getFactory (5 bytes)
Event: 153,004 Thread 0x00007fa1180c3800 nmethod 5043 0x00007fa109429910 code [0x00007fa109429a60, 0x00007fa109429b70]
Event: 153,103 Thread 0x00007fa1180c3800 5045   !   3       sun.security.ssl.CipherBox::decrypt (325 bytes)
Event: 153,331 Thread 0x00007fa1180c2000 5048       4       java.util.BitSet::get (69 bytes)
Event: 153,369 Thread 0x00007fa1180c3800 nmethod 5045 0x00007fa1098af010 code [0x00007fa1098af400, 0x00007fa1098b1938]
Event: 153,376 Thread 0x00007fa1180c3800 5047   !   3       sun.security.ssl.InputRecord::decrypt (303 bytes)

GC Heap History (10 events):
Event: 3,937 GC heap after
Heap after GC invocations=10 (full 1):
 PSYoungGen      total 120320K, used 12022K [0x00000000e1500000, 0x00000000ebc00000, 0x0000000100000000)
  eden space 107008K, 0% used [0x00000000e1500000,0x00000000e1500000,0x00000000e7d80000)
  from space 13312K, 90% used [0x00000000e7d80000,0x00000000e893db48,0x00000000e8a80000)
  to   space 14848K, 0% used [0x00000000ead80000,0x00000000ead80000,0x00000000ebc00000)
 ParOldGen       total 48128K, used 11983K [0x00000000a3e00000, 0x00000000a6d00000, 0x00000000e1500000)
  object space 48128K, 24% used [0x00000000a3e00000,0x00000000a49b3fd0,0x00000000a6d00000)
 Metaspace       used 33930K, capacity 35370K, committed 35496K, reserved 1081344K
  class space    used 4385K, capacity 4655K, committed 4656K, reserved 1048576K
}
Event: 3,937 GC heap before
{Heap before GC invocations=11 (full 2):
 PSYoungGen      total 120320K, used 12022K [0x00000000e1500000, 0x00000000ebc00000, 0x0000000100000000)
  eden space 107008K, 0% used [0x00000000e1500000,0x00000000e1500000,0x00000000e7d80000)
  from space 13312K, 90% used [0x00000000e7d80000,0x00000000e893db48,0x00000000e8a80000)
  to   space 14848K, 0% used [0x00000000ead80000,0x00000000ead80000,0x00000000ebc00000)
 ParOldGen       total 48128K, used 11983K [0x00000000a3e00000, 0x00000000a6d00000, 0x00000000e1500000)
  object space 48128K, 24% used [0x00000000a3e00000,0x00000000a49b3fd0,0x00000000a6d00000)
 Metaspace       used 33930K, capacity 35370K, committed 35496K, reserved 1081344K
  class space    used 4385K, capacity 4655K, committed 4656K, reserved 1048576K
Event: 4,017 GC heap after
Heap after GC invocations=11 (full 2):
 PSYoungGen      total 120320K, used 0K [0x00000000e1500000, 0x00000000ebc00000, 0x0000000100000000)
  eden space 107008K, 0% used [0x00000000e1500000,0x00000000e1500000,0x00000000e7d80000)
  from space 13312K, 0% used [0x00000000e7d80000,0x00000000e7d80000,0x00000000e8a80000)
  to   space 14848K, 0% used [0x00000000ead80000,0x00000000ead80000,0x00000000ebc00000)
 ParOldGen       total 78336K, used 18094K [0x00000000a3e00000, 0x00000000a8a80000, 0x00000000e1500000)
  object space 78336K, 23% used [0x00000000a3e00000,0x00000000a4fab870,0x00000000a8a80000)
 Metaspace       used 33930K, capacity 35370K, committed 35496K, reserved 1081344K
  class space    used 4385K, capacity 4655K, committed 4656K, reserved 1048576K
}
Event: 5,771 GC heap before
{Heap before GC invocations=12 (full 2):
 PSYoungGen      total 120320K, used 107008K [0x00000000e1500000, 0x00000000ebc00000, 0x0000000100000000)
  eden space 107008K, 100% used [0x00000000e1500000,0x00000000e7d80000,0x00000000e7d80000)
  from space 13312K, 0% used [0x00000000e7d80000,0x00000000e7d80000,0x00000000e8a80000)
  to   space 14848K, 0% used [0x00000000ead80000,0x00000000ead80000,0x00000000ebc00000)
 ParOldGen       total 78336K, used 18094K [0x00000000a3e00000, 0x00000000a8a80000, 0x00000000e1500000)
  object space 78336K, 23% used [0x00000000a3e00000,0x00000000a4fab870,0x00000000a8a80000)
 Metaspace       used 46939K, capacity 48554K, committed 49072K, reserved 1091584K
  class space    used 6197K, capacity 6529K, committed 6576K, reserved 1048576K
Event: 5,785 GC heap after
Heap after GC invocations=12 (full 2):
 PSYoungGen      total 149504K, used 14643K [0x00000000e1500000, 0x00000000ebc00000, 0x0000000100000000)
  eden space 134656K, 0% used [0x00000000e1500000,0x00000000e1500000,0x00000000e9880000)
  from space 14848K, 98% used [0x00000000ead80000,0x00000000ebbcce60,0x00000000ebc00000)
  to   space 16896K, 0% used [0x00000000e9b00000,0x00000000e9b00000,0x00000000eab80000)
 ParOldGen       total 78336K, used 18110K [0x00000000a3e00000, 0x00000000a8a80000, 0x00000000e1500000)
  object space 78336K, 23% used [0x00000000a3e00000,0x00000000a4faf870,0x00000000a8a80000)
 Metaspace       used 46939K, capacity 48554K, committed 49072K, reserved 1091584K
  class space    used 6197K, capacity 6529K, committed 6576K, reserved 1048576K
}
Event: 7,113 GC heap before
{Heap before GC invocations=13 (full 2):
 PSYoungGen      total 149504K, used 149299K [0x00000000e1500000, 0x00000000ebc00000, 0x0000000100000000)
  eden space 134656K, 100% used [0x00000000e1500000,0x00000000e9880000,0x00000000e9880000)
  from space 14848K, 98% used [0x00000000ead80000,0x00000000ebbcce60,0x00000000ebc00000)
  to   space 16896K, 0% used [0x00000000e9b00000,0x00000000e9b00000,0x00000000eab80000)
 ParOldGen       total 78336K, used 18110K [0x00000000a3e00000, 0x00000000a8a80000, 0x00000000e1500000)
  object space 78336K, 23% used [0x00000000a3e00000,0x00000000a4faf870,0x00000000a8a80000)
 Metaspace       used 52775K, capacity 55042K, committed 55344K, reserved 1097728K
  class space    used 7012K, capacity 7421K, committed 7472K, reserved 1048576K
Event: 7,146 GC heap after
Heap after GC invocations=13 (full 2):
 PSYoungGen      total 154112K, used 16086K [0x00000000e1500000, 0x00000000ee000000, 0x0000000100000000)
  eden space 137216K, 0% used [0x00000000e1500000,0x00000000e1500000,0x00000000e9b00000)
  from space 16896K, 95% used [0x00000000e9b00000,0x00000000eaab5a38,0x00000000eab80000)
  to   space 18944K, 0% used [0x00000000ecd80000,0x00000000ecd80000,0x00000000ee000000)
 ParOldGen       total 78336K, used 18118K [0x00000000a3e00000, 0x00000000a8a80000, 0x00000000e1500000)
  object space 78336K, 23% used [0x00000000a3e00000,0x00000000a4fb1870,0x00000000a8a80000)
 Metaspace       used 52775K, capacity 55042K, committed 55344K, reserved 1097728K
  class space    used 7012K, capacity 7421K, committed 7472K, reserved 1048576K
}
Event: 153,386 GC heap before
{Heap before GC invocations=14 (full 2):
 PSYoungGen      total 154112K, used 63323K [0x00000000e1500000, 0x00000000ee000000, 0x0000000100000000)
  eden space 137216K, 34% used [0x00000000e1500000,0x00000000e43213d0,0x00000000e9b00000)
  from space 16896K, 95% used [0x00000000e9b00000,0x00000000eaab5a38,0x00000000eab80000)
  to   space 18944K, 0% used [0x00000000ecd80000,0x00000000ecd80000,0x00000000ee000000)
 ParOldGen       total 78336K, used 18118K [0x00000000a3e00000, 0x00000000a8a80000, 0x00000000e1500000)
  object space 78336K, 23% used [0x00000000a3e00000,0x00000000a4fb1870,0x00000000a8a80000)
 Metaspace       used 56600K, capacity 59052K, committed 59160K, reserved 1099776K
  class space    used 7482K, capacity 7914K, committed 7984K, reserved 1048576K
Event: 154,179 GC heap after
Heap after GC invocations=14 (full 2):
 PSYoungGen      total 186880K, used 14294K [0x00000000e1500000, 0x00000000ee000000, 0x0000000100000000)
  eden space 167936K, 0% used [0x00000000e1500000,0x00000000e1500000,0x00000000eb900000)
  from space 18944K, 75% used [0x00000000ecd80000,0x00000000edb75ac0,0x00000000ee000000)
  to   space 19968K, 0% used [0x00000000eb900000,0x00000000eb900000,0x00000000ecc80000)
 ParOldGen       total 78336K, used 18126K [0x00000000a3e00000, 0x00000000a8a80000, 0x00000000e1500000)
  object space 78336K, 23% used [0x00000000a3e00000,0x00000000a4fb3870,0x00000000a8a80000)
 Metaspace       used 56600K, capacity 59052K, committed 59160K, reserved 1099776K
  class space    used 7482K, capacity 7914K, committed 7984K, reserved 1048576K
}
Event: 154,208 GC heap before
{Heap before GC invocations=15 (full 3):
 PSYoungGen      total 186880K, used 14294K [0x00000000e1500000, 0x00000000ee000000, 0x0000000100000000)
  eden space 167936K, 0% used [0x00000000e1500000,0x00000000e1500000,0x00000000eb900000)
  from space 18944K, 75% used [0x00000000ecd80000,0x00000000edb75ac0,0x00000000ee000000)
  to   space 19968K, 0% used [0x00000000eb900000,0x00000000eb900000,0x00000000ecc80000)
 ParOldGen       total 78336K, used 18126K [0x00000000a3e00000, 0x00000000a8a80000, 0x00000000e1500000)
  object space 78336K, 23% used [0x00000000a3e00000,0x00000000a4fb3870,0x00000000a8a80000)
 Metaspace       used 56600K, capacity 59052K, committed 59160K, reserved 1099776K
  class space    used 7482K, capacity 7914K, committed 7984K, reserved 1048576K

Deoptimization events (10 events):
Event: 34,397 Thread 0x00007fa119618800 Uncommon trap: reason=bimorphic action=maybe_recompile pc=0x00007fa109bcdc10 method=java.util.Hashtable.addEntry(ILjava/lang/Object;Ljava/lang/Object;I)V @ 38
Event: 34,538 Thread 0x00007fa119618800 Uncommon trap: reason=bimorphic action=maybe_recompile pc=0x00007fa1093031c8 method=java.util.Hashtable.get(Ljava/lang/Object;)Ljava/lang/Object; @ 45
Event: 34,563 Thread 0x00007fa119618800 Uncommon trap: reason=bimorphic action=maybe_recompile pc=0x00007fa1093031c8 method=java.util.Hashtable.get(Ljava/lang/Object;)Ljava/lang/Object; @ 45
Event: 34,582 Thread 0x00007fa119618800 Uncommon trap: reason=unstable_if action=reinterpret pc=0x00007fa109b765fc method=java.util.regex.Pattern$BmpCharProperty.match(Ljava/util/regex/Matcher;ILjava/lang/CharSequence;)Z @ 34
Event: 37,399 Thread 0x00007fa119618800 Uncommon trap: reason=bimorphic action=maybe_recompile pc=0x00007fa109acd344 method=java.util.AbstractList$Itr.next()Ljava/lang/Object; @ 14
Event: 37,560 Thread 0x00007fa119618800 Uncommon trap: reason=bimorphic action=maybe_recompile pc=0x00007fa10918d678 method=java.util.concurrent.ConcurrentHashMap.putVal(Ljava/lang/Object;Ljava/lang/Object;Z)Ljava/lang/Object; @ 192
Event: 37,567 Thread 0x00007fa119618800 Uncommon trap: reason=bimorphic action=maybe_recompile pc=0x00007fa10918d678 method=java.util.concurrent.ConcurrentHashMap.putVal(Ljava/lang/Object;Ljava/lang/Object;Z)Ljava/lang/Object; @ 192
Event: 37,567 Thread 0x00007fa119618800 Uncommon trap: reason=bimorphic action=maybe_recompile pc=0x00007fa10918d678 method=java.util.concurrent.ConcurrentHashMap.putVal(Ljava/lang/Object;Ljava/lang/Object;Z)Ljava/lang/Object; @ 192
Event: 37,567 Thread 0x00007fa119618800 Uncommon trap: reason=bimorphic action=maybe_recompile pc=0x00007fa10918d678 method=java.util.concurrent.ConcurrentHashMap.putVal(Ljava/lang/Object;Ljava/lang/Object;Z)Ljava/lang/Object; @ 192
Event: 149,845 Thread 0x00007fa11961e000 Uncommon trap: reason=unstable_if action=reinterpret pc=0x00007fa109679f04 method=java.nio.Buffer.limit(I)Ljava/nio/Buffer; @ 33

Classes redefined (0 events):
No events

Internal exceptions (10 events):
Event: 33,560 Thread 0x00007fa119618800 Exception <a 'java/lang/ClassNotFoundException': org/springframework/web/servlet/view/DefaultRequestToViewNameTranslatorCustomizer> (0x00000000e2ceb1c8) thrown at [/HUDSON/workspace/8-2-build-linux-amd64/jdk8u181/11358/hotspot/src/share/vm/classfile/syste
Event: 33,561 Thread 0x00007fa119618800 Exception <a 'java/lang/ClassNotFoundException': org/springframework/web/servlet/RequestToViewNameTranslatorCustomizer> (0x00000000e2d14480) thrown at [/HUDSON/workspace/8-2-build-linux-amd64/jdk8u181/11358/hotspot/src/share/vm/classfile/systemDictionary.
Event: 33,575 Thread 0x00007fa119618800 Exception <a 'java/lang/ClassNotFoundException': java/lang/ObjectCustomizer> (0x00000000e2d4dcd0) thrown at [/HUDSON/workspace/8-2-build-linux-amd64/jdk8u181/11358/hotspot/src/share/vm/classfile/systemDictionary.cpp, line 210]
Event: 33,576 Thread 0x00007fa119618800 Exception <a 'java/lang/ClassNotFoundException': org/springframework/web/servlet/support/AbstractFlashMapManagerCustomizer> (0x00000000e2d696d0) thrown at [/HUDSON/workspace/8-2-build-linux-amd64/jdk8u181/11358/hotspot/src/share/vm/classfile/systemDiction
Event: 33,576 Thread 0x00007fa119618800 Exception <a 'java/lang/ClassNotFoundException': org/springframework/web/servlet/support/SessionFlashMapManagerCustomizer> (0x00000000e2d89020) thrown at [/HUDSON/workspace/8-2-build-linux-amd64/jdk8u181/11358/hotspot/src/share/vm/classfile/systemDictiona
Event: 33,577 Thread 0x00007fa119618800 Exception <a 'java/lang/ClassNotFoundException': org/springframework/web/servlet/FlashMapManagerCustomizer> (0x00000000e2da0f20) thrown at [/HUDSON/workspace/8-2-build-linux-amd64/jdk8u181/11358/hotspot/src/share/vm/classfile/systemDictionary.cpp, line 21
Event: 34,780 Thread 0x00007fa119618800 Exception <a 'java/lang/NoSuchMethodError': java.lang.Object.lambda$mapIfAllPresent$6(Ljava/util/Optional;Ljava/util/function/BiFunction;Ljava/lang/Object;)Ljava/util/Optional;> (0x00000000e39cbad0) thrown at [/HUDSON/workspace/8-2-build-linux-amd64/jdk8u
Event: 34,780 Thread 0x00007fa119618800 Exception <a 'java/lang/NoSuchMethodError': java.lang.Object.lambda$null$5(Ljava/util/function/BiFunction;Ljava/lang/Object;Ljava/lang/Object;)Ljava/lang/Object;> (0x00000000e39d03f0) thrown at [/HUDSON/workspace/8-2-build-linux-amd64/jdk8u181/11358/hotsp
Event: 112,176 Thread 0x00007fa11961c000 Exception <a 'java/lang/ClassNotFoundException': java/lang/ObjectCustomizer> (0x00000000e3f2f7e8) thrown at [/HUDSON/workspace/8-2-build-linux-amd64/jdk8u181/11358/hotspot/src/share/vm/classfile/systemDictionary.cpp, line 210]
Event: 112,181 Thread 0x00007fa11961c000 Exception <a 'java/lang/ClassNotFoundException': rsoi/lab2/entity/RouteCustomizer> (0x00000000e3f44a78) thrown at [/HUDSON/workspace/8-2-build-linux-amd64/jdk8u181/11358/hotspot/src/share/vm/classfile/systemDictionary.cpp, line 210]

Events (10 events):
Event: 153,085 Thread 0x00007fa1180c3800 flushing nmethod 0x00007fa109705cd0
Event: 153,085 Thread 0x00007fa1180c3800 flushing nmethod 0x00007fa1097220d0
Event: 153,088 Thread 0x00007fa1180c3800 flushing nmethod 0x00007fa10972de90
Event: 153,090 Thread 0x00007fa1180c3800 flushing nmethod 0x00007fa109764710
Event: 153,352 loading class com/fasterxml/jackson/databind/introspect/POJOPropertiesCollector
Event: 153,352 loading class com/fasterxml/jackson/databind/introspect/POJOPropertiesCollector done
Event: 153,374 Thread 0x00007fa1180c3800 flushing nmethod 0x00007fa1097a5fd0
Event: 153,376 Thread 0x00007fa1180c3800 flushing nmethod 0x00007fa1097f1890
Event: 153,376 Thread 0x00007fa1180c3800 flushing nmethod 0x00007fa109801390
Event: 153,376 Executing VM operation: CollectForMetadataAllocation


Dynamic libraries:
00400000-00401000 r-xp 00000000 08:05 1459929                            /home/andrey/Программы/jdk1.8.0_181/bin/java
00600000-00601000 rw-p 00000000 08:05 1459929                            /home/andrey/Программы/jdk1.8.0_181/bin/java
0066b000-0068c000 rw-p 00000000 00:00 0                                  [heap]
a3e00000-a8a80000 rw-p 00000000 00:00 0 
aa580000-e1500000 ---p 00000000 00:00 0 
e1500000-ee000000 rw-p 00000000 00:00 0 
ee000000-100000000 ---p 00000000 00:00 0 
100000000-1007cc000 rw-p 00000000 00:00 0 
1007cc000-140000000 ---p 00000000 00:00 0 
7fa084000000-7fa084021000 rw-p 00000000 00:00 0 
7fa084021000-7fa088000000 ---p 00000000 00:00 0 
7fa088000000-7fa088021000 rw-p 00000000 00:00 0 
7fa088021000-7fa08c000000 ---p 00000000 00:00 0 
7fa08c000000-7fa08c021000 rw-p 00000000 00:00 0 
7fa08c021000-7fa090000000 ---p 00000000 00:00 0 
7fa090000000-7fa090028000 rw-p 00000000 00:00 0 
7fa090028000-7fa094000000 ---p 00000000 00:00 0 
7fa094000000-7fa094021000 rw-p 00000000 00:00 0 
7fa094021000-7fa098000000 ---p 00000000 00:00 0 
7fa098000000-7fa098021000 rw-p 00000000 00:00 0 
7fa098021000-7fa09c000000 ---p 00000000 00:00 0 
7fa09c000000-7fa09c021000 rw-p 00000000 00:00 0 
7fa09c021000-7fa0a0000000 ---p 00000000 00:00 0 
7fa0a0000000-7fa0a00de000 rw-p 00000000 00:00 0 
7fa0a00de000-7fa0a4000000 ---p 00000000 00:00 0 
7fa0a4000000-7fa0a4021000 rw-p 00000000 00:00 0 
7fa0a4021000-7fa0a8000000 ---p 00000000 00:00 0 
7fa0a8000000-7fa0a8163000 rw-p 00000000 00:00 0 
7fa0a8163000-7fa0ac000000 ---p 00000000 00:00 0 
7fa0ac000000-7fa0ac021000 rw-p 00000000 00:00 0 
7fa0ac021000-7fa0b0000000 ---p 00000000 00:00 0 
7fa0b0000000-7fa0b0297000 rw-p 00000000 00:00 0 
7fa0b0297000-7fa0b4000000 ---p 00000000 00:00 0 
7fa0b4000000-7fa0b4021000 rw-p 00000000 00:00 0 
7fa0b4021000-7fa0b8000000 ---p 00000000 00:00 0 
7fa0b8000000-7fa0b8021000 rw-p 00000000 00:00 0 
7fa0b8021000-7fa0bc000000 ---p 00000000 00:00 0 
7fa0bc000000-7fa0bc021000 rw-p 00000000 00:00 0 
7fa0bc021000-7fa0c0000000 ---p 00000000 00:00 0 
7fa0c128e000-7fa0c1488000 rw-p 00000000 00:00 0 
7fa0c1488000-7fa0c148e000 ---p 00000000 00:00 0 
7fa0c148e000-7fa0c1491000 ---p 00000000 00:00 0 
7fa0c1491000-7fa0c158f000 rw-p 00000000 00:00 0 
7fa0c158f000-7fa0c1592000 ---p 00000000 00:00 0 
7fa0c1592000-7fa0c1690000 rw-p 00000000 00:00 0 
7fa0c1690000-7fa0c1693000 ---p 00000000 00:00 0 
7fa0c1693000-7fa0c1791000 rw-p 00000000 00:00 0 
7fa0c1791000-7fa0c1794000 ---p 00000000 00:00 0 
7fa0c1794000-7fa0c1892000 rw-p 00000000 00:00 0 
7fa0c1892000-7fa0c1895000 ---p 00000000 00:00 0 
7fa0c1895000-7fa0c1993000 rw-p 00000000 00:00 0 
7fa0c1993000-7fa0c1996000 ---p 00000000 00:00 0 
7fa0c1996000-7fa0c1a94000 rw-p 00000000 00:00 0 
7fa0c1a94000-7fa0c1a97000 ---p 00000000 00:00 0 
7fa0c1a97000-7fa0c1b95000 rw-p 00000000 00:00 0 
7fa0c1b95000-7fa0c1b98000 ---p 00000000 00:00 0 
7fa0c1b98000-7fa0c1c96000 rw-p 00000000 00:00 0 
7fa0c1c96000-7fa0c1c99000 ---p 00000000 00:00 0 
7fa0c1c99000-7fa0c1d97000 rw-p 00000000 00:00 0 
7fa0c1d97000-7fa0c1d9a000 ---p 00000000 00:00 0 
7fa0c1d9a000-7fa0c1e98000 rw-p 00000000 00:00 0 
7fa0c1e98000-7fa0c1e9b000 ---p 00000000 00:00 0 
7fa0c1e9b000-7fa0c1f99000 rw-p 00000000 00:00 0 
7fa0c1f99000-7fa0c1f9c000 ---p 00000000 00:00 0 
7fa0c1f9c000-7fa0c209a000 rw-p 00000000 00:00 0 
7fa0c209a000-7fa0c209d000 ---p 00000000 00:00 0 
7fa0c209d000-7fa0c219b000 rw-p 00000000 00:00 0 
7fa0c219b000-7fa0c219e000 ---p 00000000 00:00 0 
7fa0c219e000-7fa0c229c000 rw-p 00000000 00:00 0 
7fa0c229c000-7fa0c229f000 ---p 00000000 00:00 0 
7fa0c229f000-7fa0c259d000 rw-p 00000000 00:00 0 
7fa0c259d000-7fa0c279d000 rw-p 00000000 00:00 0 
7fa0c279d000-7fa0c299d000 rw-p 00000000 00:00 0 
7fa0c299d000-7fa0c2b9d000 rw-p 00000000 00:00 0 
7fa0c2b9d000-7fa0c2d9d000 rw-p 00000000 00:00 0 
7fa0c2d9d000-7fa0c2f9d000 rw-p 00000000 00:00 0 
7fa0c2f9d000-7fa0c319d000 rw-p 00000000 00:00 0 
7fa0c319d000-7fa0c31a0000 ---p 00000000 00:00 0 
7fa0c31a0000-7fa0c329e000 rw-p 00000000 00:00 0 
7fa0c329e000-7fa0c32a1000 ---p 00000000 00:00 0 
7fa0c32a1000-7fa0c339f000 rw-p 00000000 00:00 0 
7fa0c339f000-7fa0c33a2000 ---p 00000000 00:00 0 
7fa0c33a2000-7fa0c36a0000 rw-p 00000000 00:00 0 
7fa0c36a0000-7fa0c36b7000 r-xp 00000000 08:05 398671                     /lib/x86_64-linux-gnu/libgcc_s.so.1
7fa0c36b7000-7fa0c38b6000 ---p 00017000 08:05 398671                     /lib/x86_64-linux-gnu/libgcc_s.so.1
7fa0c38b6000-7fa0c38b7000 r--p 00016000 08:05 398671                     /lib/x86_64-linux-gnu/libgcc_s.so.1
7fa0c38b7000-7fa0c38b8000 rw-p 00017000 08:05 398671                     /lib/x86_64-linux-gnu/libgcc_s.so.1
7fa0c38b8000-7fa0c38ea000 r-xp 00000000 08:05 1729870                    /home/andrey/Программы/jdk1.8.0_181/jre/lib/amd64/libsunec.so
7fa0c38ea000-7fa0c3ae9000 ---p 00032000 08:05 1729870                    /home/andrey/Программы/jdk1.8.0_181/jre/lib/amd64/libsunec.so
7fa0c3ae9000-7fa0c3aef000 rw-p 00031000 08:05 1729870                    /home/andrey/Программы/jdk1.8.0_181/jre/lib/amd64/libsunec.so
7fa0c3aef000-7fa0c3cff000 rw-p 00000000 00:00 0 
7fa0c3cff000-7fa0c3d02000 ---p 00000000 00:00 0 
7fa0c3d02000-7fa0c4000000 rw-p 00000000 00:00 0 
7fa0c4000000-7fa0c437d000 rw-p 00000000 00:00 0 
7fa0c437d000-7fa0c8000000 ---p 00000000 00:00 0 
7fa0c8000000-7fa0c8072000 rw-p 00000000 00:00 0 
7fa0c8072000-7fa0cc000000 ---p 00000000 00:00 0 
7fa0cc000000-7fa0cc021000 rw-p 00000000 00:00 0 
7fa0cc021000-7fa0d0000000 ---p 00000000 00:00 0 
7fa0d0000000-7fa0d0021000 rw-p 00000000 00:00 0 
7fa0d0021000-7fa0d4000000 ---p 00000000 00:00 0 
7fa0d4000000-7fa0d58d9000 rw-p 00000000 00:00 0 
7fa0d58d9000-7fa0d8000000 ---p 00000000 00:00 0 
7fa0d8000000-7fa0d90c1000 rw-p 00000000 00:00 0 
7fa0d90c1000-7fa0dc000000 ---p 00000000 00:00 0 
7fa0dc000000-7fa0dc021000 rw-p 00000000 00:00 0 
7fa0dc021000-7fa0e0000000 ---p 00000000 00:00 0 
7fa0e0000000-7fa0e16ca000 rw-p 00000000 00:00 0 
7fa0e16ca000-7fa0e4000000 ---p 00000000 00:00 0 
7fa0e4000000-7fa0e4021000 rw-p 00000000 00:00 0 
7fa0e4021000-7fa0e8000000 ---p 00000000 00:00 0 
7fa0e8000000-7fa0e8021000 rw-p 00000000 00:00 0 
7fa0e8021000-7fa0ec000000 ---p 00000000 00:00 0 
7fa0ec000000-7fa0ec021000 rw-p 00000000 00:00 0 
7fa0ec021000-7fa0f0000000 ---p 00000000 00:00 0 
7fa0f0000000-7fa0f02b3000 rw-p 00000000 00:00 0 
7fa0f02b3000-7fa0f4000000 ---p 00000000 00:00 0 
7fa0f4000000-7fa0f4021000 rw-p 00000000 00:00 0 
7fa0f4021000-7fa0f8000000 ---p 00000000 00:00 0 
7fa0f809f000-7fa0f80a2000 ---p 00000000 00:00 0 
7fa0f80a2000-7fa0f83a0000 rw-p 00000000 00:00 0 
7fa0f83ee000-7fa0f85ee000 rw-p 00000000 00:00 0 
7fa0f85ee000-7fa0f87ee000 rw-p 00000000 00:00 0 
7fa0f87ee000-7fa0f89ee000 rw-p 00000000 00:00 0 
7fa0f89ee000-7fa0f8bee000 rw-p 00000000 00:00 0 
7fa0f8bee000-7fa0f8dee000 rw-p 00000000 00:00 0 
7fa0f8dee000-7fa0f8dff000 r-xp 00000000 08:05 1730385                    /home/andrey/Программы/jdk1.8.0_181/jre/lib/amd64/libnio.so
7fa0f8dff000-7fa0f8ffe000 ---p 00011000 08:05 1730385                    /home/andrey/Программы/jdk1.8.0_181/jre/lib/amd64/libnio.so
7fa0f8ffe000-7fa0f8fff000 rw-p 00010000 08:05 1730385                    /home/andrey/Программы/jdk1.8.0_181/jre/lib/amd64/libnio.so
7fa0f8fff000-7fa0fc000000 rw-p 00000000 00:00 0 
7fa0fc000000-7fa0fc02b000 rw-p 00000000 00:00 0 
7fa0fc02b000-7fa100000000 ---p 00000000 00:00 0 
7fa100095000-7fa10009a000 r--s 0003f000 08:05 1721149                    /home/andrey/Программы/jdk1.8.0_181/jre/lib/ext/sunjce_provider.jar
7fa10009a000-7fa10009c000 r--s 00009000 08:05 1721118                    /home/andrey/Программы/jdk1.8.0_181/jre/lib/ext/sunec.jar
7fa10009c000-7fa10009f000 r--s 0001a000 08:05 1730398                    /home/andrey/Программы/jdk1.8.0_181/jre/lib/jce.jar
7fa10009f000-7fa1000a4000 r--s 002f9000 08:05 1720753                    /home/andrey/Программы/jdk1.8.0_181/jre/lib/charsets.jar
7fa1000a4000-7fa1000a9000 r--s 0009d000 08:05 1721117                    /home/andrey/Программы/jdk1.8.0_181/jre/lib/jsse.jar
7fa1000a9000-7fa1000ac000 ---p 00000000 00:00 0 
7fa1000ac000-7fa1003aa000 rw-p 00000000 00:00 0 
7fa1003aa000-7fa1005aa000 rw-p 00000000 00:00 0 
7fa1005aa000-7fa1007aa000 rw-p 00000000 00:00 0 
7fa1007aa000-7fa1007c0000 r-xp 00000000 08:05 1730382                    /home/andrey/Программы/jdk1.8.0_181/jre/lib/amd64/libnet.so
7fa1007c0000-7fa1009c0000 ---p 00016000 08:05 1730382                    /home/andrey/Программы/jdk1.8.0_181/jre/lib/amd64/libnet.so
7fa1009c0000-7fa1009c1000 rw-p 00016000 08:05 1730382                    /home/andrey/Программы/jdk1.8.0_181/jre/lib/amd64/libnet.so
7fa1009c1000-7fa1009ca000 r-xp 00000000 08:05 1730390                    /home/andrey/Программы/jdk1.8.0_181/jre/lib/amd64/libmanagement.so
7fa1009ca000-7fa100bc9000 ---p 00009000 08:05 1730390                    /home/andrey/Программы/jdk1.8.0_181/jre/lib/amd64/libmanagement.so
7fa100bc9000-7fa100bca000 rw-p 00008000 08:05 1730390                    /home/andrey/Программы/jdk1.8.0_181/jre/lib/amd64/libmanagement.so
7fa100bca000-7fa100c5f000 r--s 0110e000 08:05 1721128                    /home/andrey/Программы/jdk1.8.0_181/jre/lib/ext/jfxrt.jar
7fa100c5f000-7fa100e5f000 rw-p 00000000 00:00 0 
7fa100e5f000-7fa100e62000 ---p 00000000 00:00 0 
7fa100e62000-7fa100f60000 rw-p 00000000 00:00 0 
7fa100f60000-7fa100f6a000 r--s 00116000 08:05 1721148                    /home/andrey/Программы/jdk1.8.0_181/jre/lib/ext/localedata.jar
7fa100f6a000-7fa100f70000 r--s 00039000 08:05 809924                     /home/andrey/.gradle/caches/modules-2/files-2.1/org.apache.logging.log4j/log4j-api/2.10.0/fec5797a55b786184a537abd39c3fa1449d752d6/log4j-api-2.10.0.jar
7fa100f70000-7fa100f7b000 r--s 00069000 08:05 809922                     /home/andrey/.gradle/caches/modules-2/files-2.1/ch.qos.logback/logback-core/1.2.3/864344400c3d4d92dfeb0a305dc87d953677c03c/logback-core-1.2.3.jar
7fa100f7b000-7fa100f80000 r--s 0004b000 08:05 809934                     /home/andrey/.gradle/caches/modules-2/files-2.1/com.fasterxml.jackson.core/jackson-core/2.9.6/4e393793c37c77e042ccc7be5a914ae39251b365/jackson-core-2.9.6.jar
7fa100f80000-7fa100f83000 r--s 0000e000 08:05 809925                     /home/andrey/.gradle/caches/modules-2/files-2.1/com.fasterxml.jackson.core/jackson-annotations/2.9.0/7c10d545325e3a6e72e06381afe469fd40eb701/jackson-annotations-2.9.0.jar
7fa100f83000-7fa100f85000 r--s 00004000 08:05 811861                     /home/andrey/.gradle/caches/modules-2/files-2.1/org.springframework/spring-jcl/5.0.9.RELEASE/bc3b5aaae53f0bc03647e53ecbd98a05b47a4e90/spring-jcl-5.0.9.RELEASE.jar
7fa100f85000-7fa100f8a000 r--s 00012000 08:05 809683                     /home/andrey/.gradle/caches/modules-2/files-2.1/javax.validation/validation-api/2.0.1.Final/cb855558e6271b1b32e716d24cb85c7f583ce09e/validation-api-2.0.1.Final.jar
7fa100f8a000-7fa100f8f000 r--s 00038000 08:05 823404                     /home/andrey/.gradle/caches/modules-2/files-2.1/org.apache.tomcat.embed/tomcat-embed-el/8.5.34/be71a9a5bdd001db7cf97c47429eec0bdd3b7b88/tomcat-embed-el-8.5.34.jar
7fa100f8f000-7fa100fb9000 r--s 002d5000 08:05 823403                     /home/andrey/.gradle/caches/modules-2/files-2.1/org.apache.tomcat.embed/tomcat-embed-core/8.5.34/a038040d68a90397f95dd1e11b979fe364a5000f/tomcat-embed-core-8.5.34.jar
7fa100fb9000-7fa100fbe000 r--s 0003a000 08:05 823402                     /home/andrey/.gradle/caches/modules-2/files-2.1/org.apache.tomcat.embed/tomcat-embed-websocket/8.5.34/5f86906367c2540b21e6aeecc277d2ce9ec939b0/tomcat-embed-websocket-8.5.34.jar
7fa100fbe000-7fa100fd1000 r--s 00137000 08:05 809679                     /home/andrey/.gradle/caches/modules-2/files-2.1/com.fasterxml.jackson.core/jackson-databind/2.9.6/cfa4f316351a91bfd95cb0644c6a2c95f52db1fc/jackson-databind-2.9.6.jar
7fa100fd1000-7fa100fd3000 r--s 00001000 08:05 809380                     /home/andrey/.gradle/caches/modules-2/files-2.1/com.fasterxml.jackson.module/jackson-module-parameter-names/2.9.6/129acd77a4b6ee30d62d3a0899b1344c8ec2bff8/jackson-module-parameter-names-2.9.6.jar
7fa100fd3000-7fa100fd6000 r--s 00016000 08:05 809376                     /home/andrey/.gradle/caches/modules-2/files-2.1/com.fasterxml.jackson.datatype/jackson-datatype-jsr310/2.9.6/ea54f6193d224e5e5732bbd4262327eb465397c2/jackson-datatype-jsr310-2.9.6.jar
7fa100fd6000-7fa100fd8000 r--s 00007000 08:05 809374                     /home/andrey/.gradle/caches/modules-2/files-2.1/com.fasterxml.jackson.datatype/jackson-datatype-jdk8/2.9.6/456895fc91bf7180b216fead220373e6278230c9/jackson-datatype-jdk8-2.9.6.jar
7fa100fd8000-7fa100fda000 r--s 00009000 08:05 809063                     /home/andrey/.gradle/caches/modules-2/files-2.1/org.slf4j/slf4j-api/1.7.25/da76ca59f6a57ee3102f8f9bd9cee742973efa8a/slf4j-api-1.7.25.jar
7fa100fda000-7fa100fdc000 r--s 00000000 08:05 809044                     /home/andrey/.gradle/caches/modules-2/files-2.1/org.slf4j/jul-to-slf4j/1.7.25/af5364cd6679bfffb114f0dec8a157aaa283b76/jul-to-slf4j-1.7.25.jar
7fa100fdc000-7fa100fde000 r--s 00003000 08:05 809041                     /home/andrey/.gradle/caches/modules-2/files-2.1/org.apache.logging.log4j/log4j-to-slf4j/2.10.0/f7e631ccf49cfc0aefa4a2a728da7d374c05bd3c/log4j-to-slf4j-2.10.0.jar
7fa100fde000-7fa100fe4000 r--s 00041000 08:05 809040                     /home/andrey/.gradle/caches/modules-2/files-2.1/ch.qos.logback/logback-classic/1.2.3/7c4f3c474fb2c041d8028740440937705ebb473a/logback-classic-1.2.3.jar
7fa100fe4000-7fa100fe9000 r--s 00048000 08:05 812817                     /home/andrey/.gradle/caches/modules-2/files-2.1/dom4j/dom4j/1.6.1/5d3ccc056b6f056dbf0dddfdf43894b9065a8f94/dom4j-1.6.1.jar
7fa100fe9000-7fa100feb000 r--s 0000e000 08:05 809045                     /home/andrey/.gradle/caches/modules-2/files-2.1/com.fasterxml/classmate/1.3.4/3d5f48f10bbe4eb7bd862f10c0583be2e0053c6/classmate-1.3.4.jar
7fa100feb000-7fa100fee000 r--s 0002b000 08:05 812816                     /home/andrey/.gradle/caches/modules-2/files-2.1/org.jboss/jandex/2.0.3.Final/bfc4d6257dbff7a33a357f0de116be6ff951d849/jandex-2.0.3.Final.jar
7fa100fee000-7fa100fef000 ---p 00000000 00:00 0 
7fa100fef000-7fa1010ef000 rw-p 00000000 00:00 0 
7fa1010ef000-7fa1010f2000 ---p 00000000 00:00 0 
7fa1010f2000-7fa104000000 rw-p 00000000 00:00 0 
7fa104000000-7fa104021000 rw-p 00000000 00:00 0 
7fa104021000-7fa108000000 ---p 00000000 00:00 0 
7fa108001000-7fa108006000 r--s 00068000 08:05 812604                     /home/andrey/.gradle/caches/modules-2/files-2.1/antlr/antlr/2.7.7/83cd2cd674a217ade95a4bb83a8a14f351f48bd0/antlr-2.7.7.jar
7fa108006000-7fa108010000 r--s 000ab000 08:05 812603                     /home/andrey/.gradle/caches/modules-2/files-2.1/org.javassist/javassist/3.22.0-GA/3e83394258ae2089be7219b971ec21a8288528ad/javassist-3.22.0-GA.jar
7fa108010000-7fa108015000 r--s 00017000 08:05 812602                     /home/andrey/.gradle/caches/modules-2/files-2.1/org.hibernate.javax.persistence/hibernate-jpa-2.1-api/1.0.2.Final/52afb5762c704a6b586e27742470c08f91877fc1/hibernate-jpa-2.1-api-1.0.2.Final.jar
7fa108015000-7fa108017000 r--s 0000f000 08:05 809684                     /home/andrey/.gradle/caches/modules-2/files-2.1/org.jboss.logging/jboss-logging/3.3.2.Final/3789d00e859632e6c6206adc0c71625559e6e3b0/jboss-logging-3.3.2.Final.jar
7fa108017000-7fa10801b000 r--s 00020000 08:05 812401                     /home/andrey/.gradle/caches/modules-2/files-2.1/com.zaxxer/HikariCP/2.7.9/a83113d2c091d0d0f853dad3217bd7df3beb6ae3/HikariCP-2.7.9.jar
7fa10801b000-7fa108034000 r--s 001bf000 08:05 812601                     /home/andrey/.gradle/caches/modules-2/files-2.1/org.aspectj/aspectjweaver/1.8.13/ad94df2a28d658a40dc27bbaff6a1ce5fbf04e9b/aspectjweaver-1.8.13.jar
7fa108034000-7fa10803b000 r--s 00042000 08:05 809347                     /home/andrey/.gradle/caches/modules-2/files-2.1/org.yaml/snakeyaml/1.19/2d998d3d674b172a588e54ab619854d073f555b5/snakeyaml-1.19.jar
7fa10803b000-7fa108053000 r--s 00114000 08:05 811858                     /home/andrey/.gradle/caches/modules-2/files-2.1/org.springframework/spring-core/5.0.9.RELEASE/9f9a828936d81afd49a603bda9cc1aed863a0d85/spring-core-5.0.9.RELEASE.jar
7fa108053000-7fa108058000 r--s 00040000 08:05 823400                     /home/andrey/.gradle/caches/modules-2/files-2.1/org.springframework/spring-expression/5.0.9.RELEASE/1f9db5ff3a758102c0434cc3457aa47c50c39a4a/spring-expression-5.0.9.RELEASE.jar
7fa108058000-7fa108065000 r--s 00095000 08:05 823401                     /home/andrey/.gradle/caches/modules-2/files-2.1/org.springframework/spring-beans/5.0.9.RELEASE/65f56fdab1bb90ad059e314d2f2f4cf76f9bdbde/spring-beans-5.0.9.RELEASE.jar
7fa108065000-7fa10806d000 r--s 00037000 08:05 823399                     /home/andrey/.gradle/caches/modules-2/files-2.1/org.springframework/spring-tx/5.0.9.RELEASE/d3a13fc3c56bdddd8144a686ed64f0cdb3ad7305/spring-tx-5.0.9.RELEASE.jar
7fa10806d000-7fa108084000 r--s 000f2000 08:05 823398                     /home/andrey/.gradle/caches/modules-2/files-2.1/org.springframework.data/spring-data-commons/2.0.10.RELEASE/64d4e58a2b16b9446d51a2650058d821a5bce98d/spring-data-commons-2.0.10.RELEASE.jar
7fa108084000-7fa10808d000 r--s 00059000 08:05 823372                     /home/andrey/.gradle/caches/modules-2/files-2.1/org.springframework/spring-jdbc/5.0.9.RELEASE/2f38726ef2f5ecb72af7e915dac43177b01a8f53/spring-jdbc-5.0.9.RELEASE.jar
7fa10808d000-7fa108096000 r--s 00051000 08:05 823370                     /home/andrey/.gradle/caches/modules-2/files-2.1/org.springframework/spring-aop/5.0.9.RELEASE/98003b099697fe46b6bdf18c7e3f66d7a1381060/spring-aop-5.0.9.RELEASE.jar
7fa108096000-7fa1080b0000 r--s 000f1000 08:05 823369                     /home/andrey/.gradle/caches/modules-2/files-2.1/org.springframework/spring-context/5.0.9.RELEASE/2501e55acb6c2e84667cda3f845d1d00a0dc4e05/spring-context-5.0.9.RELEASE.jar
7fa1080b0000-7fa1080c5000 r--s 000d0000 08:05 823367                     /home/andrey/.gradle/caches/modules-2/files-2.1/org.springframework.boot/spring-boot/2.0.5.RELEASE/19a4624cbd89a318d10c79f289c6c816043850fb/spring-boot-2.0.5.RELEASE.jar
7fa1080c5000-7fa1080e6000 r--s 000fe000 08:05 823365                     /home/andrey/.gradle/caches/modules-2/files-2.1/org.springframework.boot/spring-boot-autoconfigure/2.0.5.RELEASE/e5588642799e0c0c04638e255c3d3f31ba400ff4/spring-boot-autoconfigure-2.0.5.RELEASE.jar
7fa1080e6000-7fa1080e7000 ---p 00000000 00:00 0 
7fa1080e7000-7fa1080ea000 ---p 00000000 00:00 0 
7fa1080ea000-7fa1081e7000 rw-p 00000000 00:00 0 
7fa1081e7000-7fa1081e8000 ---p 00000000 00:00 0 
7fa1081e8000-7fa1081eb000 ---p 00000000 00:00 0 
7fa1081eb000-7fa1082e8000 rw-p 00000000 00:00 0 
7fa1082e8000-7fa1082e9000 ---p 00000000 00:00 0 
7fa1082e9000-7fa1082ec000 ---p 00000000 00:00 0 
7fa1082ec000-7fa1083e9000 rw-p 00000000 00:00 0 
7fa1083e9000-7fa1083ec000 ---p 00000000 00:00 0 
7fa1083ec000-7fa1084ea000 rw-p 00000000 00:00 0 
7fa1084ea000-7fa1088f9000 r--p 00000000 08:05 3283857                    /usr/lib/locale/locale-archive
7fa1088f9000-7fa1088fc000 ---p 00000000 00:00 0 
7fa1088fc000-7fa1089fa000 rw-p 00000000 00:00 0 
7fa1089fa000-7fa1089fd000 ---p 00000000 00:00 0 
7fa1089fd000-7fa108afb000 rw-p 00000000 00:00 0 
7fa108afb000-7fa108afc000 ---p 00000000 00:00 0 
7fa108afc000-7fa109000000 rw-p 00000000 00:00 0 
7fa109000000-7fa109fe0000 rwxp 00000000 00:00 0 
7fa109fe0000-7fa118000000 ---p 00000000 00:00 0 
7fa118000000-7fa119669000 rw-p 00000000 00:00 0 
7fa119669000-7fa11c000000 ---p 00000000 00:00 0 
7fa11c000000-7fa11c003000 r--s 00010000 08:05 812600                     /home/andrey/.gradle/caches/modules-2/files-2.1/org.hibernate.common/hibernate-commons-annotations/5.0.1.Final/71e1cff3fcb20d3b3af4f3363c3ddb24d33c6879/hibernate-commons-annotations-5.0.1.Final.jar
7fa11c003000-7fa11c007000 r--s 0002b000 08:05 823371                     /home/andrey/.gradle/caches/modules-2/files-2.1/org.springframework/spring-orm/5.0.9.RELEASE/bb9265effd7c903f4cc1c98d16b4188b7827a1cc/spring-orm-5.0.9.RELEASE.jar
7fa11c007000-7fa11c009000 r--s 00005000 08:05 809180                     /home/andrey/.gradle/caches/modules-2/files-2.1/javax.annotation/javax.annotation-api/1.3.2/934c04d3cfef185a8008e7bf34331b79730a9d43/javax.annotation-api-1.3.2.jar
7fa11c009000-7fa11c00a000 r--s 00000000 08:05 823368                     /home/andrey/.gradle/caches/modules-2/files-2.1/org.springframework.boot/spring-boot-starter-logging/2.0.5.RELEASE/c353e0b9591d0765c687ff0a678478cbebfd5c23/spring-boot-starter-logging-2.0.5.RELEASE.jar
7fa11c00a000-7fa11c024000 r--s 0011b000 08:05 823366                     /home/andrey/.gradle/caches/modules-2/files-2.1/org.springframework/spring-web/5.0.9.RELEASE/1ea3aab93340849313fa74ec626ddaf1fff9ed8e/spring-web-5.0.9.RELEASE.jar
7fa11c024000-7fa11c033000 r--s 000b3000 08:05 823364                     /home/andrey/.gradle/caches/modules-2/files-2.1/org.springframework/spring-webmvc/5.0.9.RELEASE/c18346caaeb8dc648c4cc01874996fd9fef76664/spring-webmvc-5.0.9.RELEASE.jar
7fa11c033000-7fa11c050000 r--s 000fe000 08:05 823363                     /home/andrey/.gradle/caches/modules-2/files-2.1/org.hibernate.validator/hibernate-validator/6.0.12.Final/478003e61b056c1f97840ba3e62ff31cdc89597/hibernate-validator-6.0.12.Final.jar
7fa11c050000-7fa11c051000 r--s 00000000 08:05 823362                     /home/andrey/.gradle/caches/modules-2/files-2.1/org.springframework.boot/spring-boot-starter-tomcat/2.0.5.RELEASE/eaac8a5d73b45400bc88cd7f6b5c99b5f0d5e9b7/spring-boot-starter-tomcat-2.0.5.RELEASE.jar
7fa11c051000-7fa11c053000 r--s 0000a000 08:05 823361                     /home/andrey/.gradle/caches/modules-2/files-2.1/org.springframework/spring-aspects/5.0.9.RELEASE/dfb2da4c573391d8e8a482f08bdf4d38398e2bb0/spring-aspects-5.0.9.RELEASE.jar
7fa11c053000-7fa11c05b000 r--s 0004c000 08:05 823360                     /home/andrey/.gradle/caches/modules-2/files-2.1/org.springframework.data/spring-data-jpa/2.0.10.RELEASE/a6e644c363d050c6c90f078f4f0ac66892f60d54/spring-data-jpa-2.0.10.RELEASE.jar
7fa11c05b000-7fa11c0d9000 r--s 005f0000 08:05 812395                     /home/andrey/.gradle/caches/modules-2/files-2.1/org.hibernate/hibernate-core/5.2.17.Final/f2dc36470e7a2ffcf6106bb1625ecf5b54bb5f65/hibernate-core-5.2.17.Final.jar
7fa11c0d9000-7fa11c0db000 r--s 00006000 08:05 812396                     /home/andrey/.gradle/caches/modules-2/files-2.1/javax.transaction/javax.transaction-api/1.2/d81aff979d603edd90dcd8db2abc1f4ce6479e3e/javax.transaction-api-1.2.jar
7fa11c0db000-7fa11c0dc000 r--s 00000000 08:05 823359                     /home/andrey/.gradle/caches/modules-2/files-2.1/org.springframework.boot/spring-boot-starter/2.0.5.RELEASE/1f53487a373be18d064a5815e9bac9882ef15cdc/spring-boot-starter-2.0.5.RELEASE.jar
7fa11c0dc000-7fa11cc99000 rw-p 00000000 00:00 0 
7fa11cc99000-7fa11ce73000 r--s 03d6b000 08:05 1720755                    /home/andrey/Программы/jdk1.8.0_181/jre/lib/rt.jar
7fa11ce73000-7fa11d9ca000 rw-p 00000000 00:00 0 
7fa11d9ca000-7fa11d9cb000 ---p 00000000 00:00 0 
7fa11d9cb000-7fa11dacb000 rw-p 00000000 00:00 0 
7fa11dacb000-7fa11dacc000 ---p 00000000 00:00 0 
7fa11dacc000-7fa11dbcc000 rw-p 00000000 00:00 0 
7fa11dbcc000-7fa11dbcd000 ---p 00000000 00:00 0 
7fa11dbcd000-7fa11dccd000 rw-p 00000000 00:00 0 
7fa11dccd000-7fa11dcce000 ---p 00000000 00:00 0 
7fa11dcce000-7fa11ddf5000 rw-p 00000000 00:00 0 
7fa11ddf5000-7fa11dfba000 ---p 00000000 00:00 0 
7fa11dfba000-7fa11dfe1000 rw-p 00000000 00:00 0 
7fa11dfe1000-7fa11e1a5000 ---p 00000000 00:00 0 
7fa11e1a5000-7fa11e20b000 rw-p 00000000 00:00 0 
7fa11e20b000-7fa11e29b000 ---p 00000000 00:00 0 
7fa11e29b000-7fa11e2dc000 rw-p 00000000 00:00 0 
7fa11e2dc000-7fa11e65c000 ---p 00000000 00:00 0 
7fa11e65c000-7fa11e677000 r-xp 00000000 08:05 1730378                    /home/andrey/Программы/jdk1.8.0_181/jre/lib/amd64/libzip.so
7fa11e677000-7fa11e877000 ---p 0001b000 08:05 1730378                    /home/andrey/Программы/jdk1.8.0_181/jre/lib/amd64/libzip.so
7fa11e877000-7fa11e878000 rw-p 0001b000 08:05 1730378                    /home/andrey/Программы/jdk1.8.0_181/jre/lib/amd64/libzip.so
7fa11e878000-7fa11e883000 r-xp 00000000 08:05 398724                     /lib/x86_64-linux-gnu/libnss_files-2.27.so
7fa11e883000-7fa11ea82000 ---p 0000b000 08:05 398724                     /lib/x86_64-linux-gnu/libnss_files-2.27.so
7fa11ea82000-7fa11ea83000 r--p 0000a000 08:05 398724                     /lib/x86_64-linux-gnu/libnss_files-2.27.so
7fa11ea83000-7fa11ea84000 rw-p 0000b000 08:05 398724                     /lib/x86_64-linux-gnu/libnss_files-2.27.so
7fa11ea84000-7fa11ea8a000 rw-p 00000000 00:00 0 
7fa11ea8a000-7fa11eaa1000 r-xp 00000000 08:05 398718                     /lib/x86_64-linux-gnu/libnsl-2.27.so
7fa11eaa1000-7fa11eca0000 ---p 00017000 08:05 398718                     /lib/x86_64-linux-gnu/libnsl-2.27.so
7fa11eca0000-7fa11eca1000 r--p 00016000 08:05 398718                     /lib/x86_64-linux-gnu/libnsl-2.27.so
7fa11eca1000-7fa11eca2000 rw-p 00017000 08:05 398718                     /lib/x86_64-linux-gnu/libnsl-2.27.so
7fa11eca2000-7fa11eca4000 rw-p 00000000 00:00 0 
7fa11eca4000-7fa11ecaf000 r-xp 00000000 08:05 398735                     /lib/x86_64-linux-gnu/libnss_nis-2.27.so
7fa11ecaf000-7fa11eeae000 ---p 0000b000 08:05 398735                     /lib/x86_64-linux-gnu/libnss_nis-2.27.so
7fa11eeae000-7fa11eeaf000 r--p 0000a000 08:05 398735                     /lib/x86_64-linux-gnu/libnss_nis-2.27.so
7fa11eeaf000-7fa11eeb0000 rw-p 0000b000 08:05 398735                     /lib/x86_64-linux-gnu/libnss_nis-2.27.so
7fa11eeb0000-7fa11eeb8000 r-xp 00000000 08:05 398720                     /lib/x86_64-linux-gnu/libnss_compat-2.27.so
7fa11eeb8000-7fa11f0b8000 ---p 00008000 08:05 398720                     /lib/x86_64-linux-gnu/libnss_compat-2.27.so
7fa11f0b8000-7fa11f0b9000 r--p 00008000 08:05 398720                     /lib/x86_64-linux-gnu/libnss_compat-2.27.so
7fa11f0b9000-7fa11f0ba000 rw-p 00009000 08:05 398720                     /lib/x86_64-linux-gnu/libnss_compat-2.27.so
7fa11f0ba000-7fa11f0e5000 r-xp 00000000 08:05 1730372                    /home/andrey/Программы/jdk1.8.0_181/jre/lib/amd64/libjava.so
7fa11f0e5000-7fa11f2e4000 ---p 0002b000 08:05 1730372                    /home/andrey/Программы/jdk1.8.0_181/jre/lib/amd64/libjava.so
7fa11f2e4000-7fa11f2e6000 rw-p 0002a000 08:05 1730372                    /home/andrey/Программы/jdk1.8.0_181/jre/lib/amd64/libjava.so
7fa11f2e6000-7fa11f2f3000 r-xp 00000000 08:05 1730377                    /home/andrey/Программы/jdk1.8.0_181/jre/lib/amd64/libverify.so
7fa11f2f3000-7fa11f4f3000 ---p 0000d000 08:05 1730377                    /home/andrey/Программы/jdk1.8.0_181/jre/lib/amd64/libverify.so
7fa11f4f3000-7fa11f4f5000 rw-p 0000d000 08:05 1730377                    /home/andrey/Программы/jdk1.8.0_181/jre/lib/amd64/libverify.so
7fa11f4f5000-7fa11f4fc000 r-xp 00000000 08:05 398775                     /lib/x86_64-linux-gnu/librt-2.27.so
7fa11f4fc000-7fa11f6fb000 ---p 00007000 08:05 398775                     /lib/x86_64-linux-gnu/librt-2.27.so
7fa11f6fb000-7fa11f6fc000 r--p 00006000 08:05 398775                     /lib/x86_64-linux-gnu/librt-2.27.so
7fa11f6fc000-7fa11f6fd000 rw-p 00007000 08:05 398775                     /lib/x86_64-linux-gnu/librt-2.27.so
7fa11f6fd000-7fa11f89a000 r-xp 00000000 08:05 398697                     /lib/x86_64-linux-gnu/libm-2.27.so
7fa11f89a000-7fa11fa99000 ---p 0019d000 08:05 398697                     /lib/x86_64-linux-gnu/libm-2.27.so
7fa11fa99000-7fa11fa9a000 r--p 0019c000 08:05 398697                     /lib/x86_64-linux-gnu/libm-2.27.so
7fa11fa9a000-7fa11fa9b000 rw-p 0019d000 08:05 398697                     /lib/x86_64-linux-gnu/libm-2.27.so
7fa11fa9b000-7fa120777000 r-xp 00000000 08:05 1730354                    /home/andrey/Программы/jdk1.8.0_181/jre/lib/amd64/server/libjvm.so
7fa120777000-7fa120977000 ---p 00cdc000 08:05 1730354                    /home/andrey/Программы/jdk1.8.0_181/jre/lib/amd64/server/libjvm.so
7fa120977000-7fa120a51000 rw-p 00cdc000 08:05 1730354                    /home/andrey/Программы/jdk1.8.0_181/jre/lib/amd64/server/libjvm.so
7fa120a51000-7fa120a9c000 rw-p 00000000 00:00 0 
7fa120a9c000-7fa120c83000 r-xp 00000000 08:05 398634                     /lib/x86_64-linux-gnu/libc-2.27.so
7fa120c83000-7fa120e83000 ---p 001e7000 08:05 398634                     /lib/x86_64-linux-gnu/libc-2.27.so
7fa120e83000-7fa120e87000 r--p 001e7000 08:05 398634                     /lib/x86_64-linux-gnu/libc-2.27.so
7fa120e87000-7fa120e89000 rw-p 001eb000 08:05 398634                     /lib/x86_64-linux-gnu/libc-2.27.so
7fa120e89000-7fa120e8d000 rw-p 00000000 00:00 0 
7fa120e8d000-7fa120e90000 r-xp 00000000 08:05 398657                     /lib/x86_64-linux-gnu/libdl-2.27.so
7fa120e90000-7fa12108f000 ---p 00003000 08:05 398657                     /lib/x86_64-linux-gnu/libdl-2.27.so
7fa12108f000-7fa121090000 r--p 00002000 08:05 398657                     /lib/x86_64-linux-gnu/libdl-2.27.so
7fa121090000-7fa121091000 rw-p 00003000 08:05 398657                     /lib/x86_64-linux-gnu/libdl-2.27.so
7fa121091000-7fa1210a7000 r-xp 00000000 08:05 2360992                    /home/andrey/Программы/jdk1.8.0_181/lib/amd64/jli/libjli.so
7fa1210a7000-7fa1212a6000 ---p 00016000 08:05 2360992                    /home/andrey/Программы/jdk1.8.0_181/lib/amd64/jli/libjli.so
7fa1212a6000-7fa1212a7000 rw-p 00015000 08:05 2360992                    /home/andrey/Программы/jdk1.8.0_181/lib/amd64/jli/libjli.so
7fa1212a7000-7fa1212c1000 r-xp 00000000 08:05 398767                     /lib/x86_64-linux-gnu/libpthread-2.27.so
7fa1212c1000-7fa1214c0000 ---p 0001a000 08:05 398767                     /lib/x86_64-linux-gnu/libpthread-2.27.so
7fa1214c0000-7fa1214c1000 r--p 00019000 08:05 398767                     /lib/x86_64-linux-gnu/libpthread-2.27.so
7fa1214c1000-7fa1214c2000 rw-p 0001a000 08:05 398767                     /lib/x86_64-linux-gnu/libpthread-2.27.so
7fa1214c2000-7fa1214c6000 rw-p 00000000 00:00 0 
7fa1214c6000-7fa1214ed000 r-xp 00000000 08:05 398606                     /lib/x86_64-linux-gnu/ld-2.27.so
7fa1214ed000-7fa1214ee000 r--s 00000000 08:05 823405                     /home/andrey/.gradle/caches/modules-2/files-2.1/org.springframework.boot/spring-boot-starter-json/2.0.5.RELEASE/d0052ded4733ceb1fb7d927238f22f9a92099227/spring-boot-starter-json-2.0.5.RELEASE.jar
7fa1214ee000-7fa1215d0000 rw-p 00000000 00:00 0 
7fa1215d0000-7fa1215d1000 ---p 00000000 00:00 0 
7fa1215d1000-7fa1215d4000 ---p 00000000 00:00 0 
7fa1215d4000-7fa1216d3000 rw-p 00000000 00:00 0 
7fa1216d3000-7fa1216d4000 r--s 00000000 08:05 823358                     /home/andrey/.gradle/caches/modules-2/files-2.1/org.springframework.boot/spring-boot-starter-jdbc/2.0.5.RELEASE/9a5370acc7c5e17f4a00578211fbbd212b9a8329/spring-boot-starter-jdbc-2.0.5.RELEASE.jar
7fa1216d4000-7fa1216d5000 r--s 00000000 08:05 823357                     /home/andrey/.gradle/caches/modules-2/files-2.1/org.springframework.boot/spring-boot-starter-aop/2.0.5.RELEASE/6bc1e8bcc849772d48cae1e8278cd2b471361698/spring-boot-starter-aop-2.0.5.RELEASE.jar
7fa1216d5000-7fa1216d6000 r--s 00000000 08:05 823356                     /home/andrey/.gradle/caches/modules-2/files-2.1/org.springframework.boot/spring-boot-starter-web/2.0.5.RELEASE/52daa1f1509bd637a737206e54c06a17aabb9504/spring-boot-starter-web-2.0.5.RELEASE.jar
7fa1216d6000-7fa1216d7000 r--s 00000000 08:05 823355                     /home/andrey/.gradle/caches/modules-2/files-2.1/org.springframework.boot/spring-boot-starter-data-jpa/2.0.5.RELEASE/c99b58e8ada11478aa5d0c3065745b7e887f094e/spring-boot-starter-data-jpa-2.0.5.RELEASE.jar
7fa1216d7000-7fa1216e1000 r--s 000c0000 08:05 823942                     /home/andrey/.gradle/caches/modules-2/files-2.1/org.postgresql/postgresql/42.2.5/951b7eda125f3137538a94e2cbdcf744088ad4c2/postgresql-42.2.5.jar
7fa1216e1000-7fa1216e9000 rw-s 00000000 08:05 3015536                    /tmp/hsperfdata_andrey/21082
7fa1216e9000-7fa1216ea000 rw-p 00000000 00:00 0 
7fa1216ea000-7fa1216eb000 ---p 00000000 00:00 0 
7fa1216eb000-7fa1216ed000 rw-p 00000000 00:00 0 
7fa1216ed000-7fa1216ee000 r--p 00027000 08:05 398606                     /lib/x86_64-linux-gnu/ld-2.27.so
7fa1216ee000-7fa1216ef000 rw-p 00028000 08:05 398606                     /lib/x86_64-linux-gnu/ld-2.27.so
7fa1216ef000-7fa1216f0000 rw-p 00000000 00:00 0 
7fff1b4c2000-7fff1b4e5000 rw-p 00000000 00:00 0                          [stack]
7fff1b5c7000-7fff1b5ca000 r--p 00000000 00:00 0                          [vvar]
7fff1b5ca000-7fff1b5cc000 r-xp 00000000 00:00 0                          [vdso]
ffffffffff600000-ffffffffff601000 r-xp 00000000 00:00 0                  [vsyscall]

VM Arguments:
jvm_args: -Dfile.encoding=UTF-8 -Duser.country=RU -Duser.language=ru -Duser.variant 
java_command: rsoi.lab2.Lab2Application
java_class_path (initial): /home/andrey/Рабочий стол/Projects/RSOI/lab2/services/routeService/build/classes/java/main:/home/andrey/Рабочий стол/Projects/RSOI/lab2/services/routeService/build/resources/main:/home/andrey/.gradle/caches/modules-2/files-2.1/org.postgresql/postgresql/42.2.5/951b7eda125f3137538a94e2cbdcf744088ad4c2/postgresql-42.2.5.jar:/home/andrey/.gradle/caches/modules-2/files-2.1/org.springframework.boot/spring-boot-starter-data-jpa/2.0.5.RELEASE/c99b58e8ada11478aa5d0c3065745b7e887f094e/spring-boot-starter-data-jpa-2.0.5.RELEASE.jar:/home/andrey/.gradle/caches/modules-2/files-2.1/org.springframework.boot/spring-boot-starter-web/2.0.5.RELEASE/52daa1f1509bd637a737206e54c06a17aabb9504/spring-boot-starter-web-2.0.5.RELEASE.jar:/home/andrey/.gradle/caches/modules-2/files-2.1/org.springframework.boot/spring-boot-starter-aop/2.0.5.RELEASE/6bc1e8bcc849772d48cae1e8278cd2b471361698/spring-boot-starter-aop-2.0.5.RELEASE.jar:/home/andrey/.gradle/caches/modules-2/files-2.1/org.springframework.boot/spring-boot-starter-jdbc/2.0.5.RELEASE/9a5370acc7c5e17f4a00578211fbbd212b9a8329/spring-boot-starter-jdbc-2.0.5.RELEASE.jar:/home/andrey/.gradle/caches/modules-2/files-2.1/org.springframework.boot/spring-boot-starter-json/2.0.5.RELEASE/d0052ded4733ceb1fb7d927238f22f9a92099227/spring-boot-starter-json-2.0.5.RELEASE.jar:/home/andrey/.gradle/caches/modules-2/files-2.1/org.springframework.boot/spring-boot-starter/2.0.5.RELEASE/1f53487a373be18d064a5815e9bac9882ef15cdc/spring-boot-starter-2.0.5.RELEASE.jar:/home/andrey/.gradle/caches/modules-2/files-2.1/javax.transaction/javax.transaction-api/1.2/d81aff979d603edd90dcd8db2abc1f4ce6479e3e/javax.transaction-api-1.2.jar:/home/andrey/.gradle/caches/modules-2/files-2.1/org.hibernate/hibernate-core/5.2.17.Final/f2dc36470e7a2ffcf6106bb1625ecf5b54bb5f65/hibernate-core-5.2.17.Final.jar:/home/andrey/.gradle/caches/modules-2/files-2.1/org.springframework.data/spring-data-jpa/2.0.10.RELEASE/a6e644c363d050c6c90f078f4f
Launcher Type: SUN_STANDARD

Environment Variables:
JAVA_HOME=/home/andrey/Программы/jdk1.8.0_181/
JRE_HOME=/home/andrey/Программы/jdk1.8.0_181/jre
PATH=/usr/local/sbin:/usr/local/bin:/usr/sbin:/usr/bin:/sbin:/bin:/usr/games:/usr/local/games:/snap/bin:/home/andrey/Программы/jdk1.8.0_181/bin:/home/andrey/Программы/jdk1.8.0_181/jre/bin
SHELL=/bin/bash
DISPLAY=:0

Signal Handlers:
SIGSEGV: [libjvm.so+0xad2a40], sa_mask[0]=11111111011111111101111111111110, sa_flags=SA_RESTART|SA_SIGINFO
SIGBUS: [libjvm.so+0xad2a40], sa_mask[0]=11111111011111111101111111111110, sa_flags=SA_RESTART|SA_SIGINFO
SIGFPE: [libjvm.so+0x92a610], sa_mask[0]=11111111011111111101111111111110, sa_flags=SA_RESTART|SA_SIGINFO
SIGPIPE: [libjvm.so+0x92a610], sa_mask[0]=11111111011111111101111111111110, sa_flags=SA_RESTART|SA_SIGINFO
SIGXFSZ: [libjvm.so+0x92a610], sa_mask[0]=11111111011111111101111111111110, sa_flags=SA_RESTART|SA_SIGINFO
SIGILL: [libjvm.so+0x92a610], sa_mask[0]=11111111011111111101111111111110, sa_flags=SA_RESTART|SA_SIGINFO
SIGUSR1: SIG_DFL, sa_mask[0]=00000000000000000000000000000000, sa_flags=none
SIGUSR2: [libjvm.so+0x92be70], sa_mask[0]=00100000000000000000000000000000, sa_flags=SA_RESTART|SA_SIGINFO
SIGHUP: [libjvm.so+0x92d270], sa_mask[0]=11111111011111111101111111111110, sa_flags=SA_RESTART|SA_SIGINFO
SIGINT: [libjvm.so+0x92d270], sa_mask[0]=11111111011111111101111111111110, sa_flags=SA_RESTART|SA_SIGINFO
SIGTERM: [libjvm.so+0x92d270], sa_mask[0]=11111111011111111101111111111110, sa_flags=SA_RESTART|SA_SIGINFO
SIGQUIT: [libjvm.so+0x92d270], sa_mask[0]=11111111011111111101111111111110, sa_flags=SA_RESTART|SA_SIGINFO


---------------  S Y S T E M  ---------------

OS:DISTRIB_ID=LinuxMint
DISTRIB_RELEASE=19
DISTRIB_CODENAME=tara
DISTRIB_DESCRIPTION="Linux Mint 19 Tara"

uname:Linux 4.15.0-20-generic #21-Ubuntu SMP Tue Apr 24 06:16:15 UTC 2018 x86_64
libc:glibc 2.27 NPTL 2.27 
rlimit: STACK 8192k, CORE 0k, NPROC 23310, NOFILE 1048576, AS infinity
load average:28,46 8,80 4,40

/proc/meminfo:
MemTotal:        6029428 kB
MemFree:          102056 kB
MemAvailable:          0 kB
Buffers:             284 kB
Cached:            25448 kB
SwapCached:         9856 kB
Active:          4871164 kB
Inactive:         698204 kB
Active(anon):    4870388 kB
Inactive(anon):   695836 kB
Active(file):        776 kB
Inactive(file):     2368 kB
Unevictable:         360 kB
Mlocked:             360 kB
SwapTotal:       2097148 kB
SwapFree:              0 kB
Dirty:                 8 kB
Writeback:             8 kB
AnonPages:       5537224 kB
Mapped:            64664 kB
Shmem:             22396 kB
Slab:             106808 kB
SReclaimable:      40444 kB
SUnreclaim:        66364 kB
KernelStack:       19104 kB
PageTables:        91324 kB
NFS_Unstable:          0 kB
Bounce:                0 kB
WritebackTmp:          0 kB
CommitLimit:     5111860 kB
Committed_AS:   16123924 kB
VmallocTotal:   34359738367 kB
VmallocUsed:           0 kB
VmallocChunk:          0 kB
HardwareCorrupted:     0 kB
AnonHugePages:         0 kB
ShmemHugePages:        0 kB
ShmemPmdMapped:        0 kB
CmaTotal:              0 kB
CmaFree:               0 kB
HugePages_Total:       0
HugePages_Free:        0
HugePages_Rsvd:        0
HugePages_Surp:        0
Hugepagesize:       2048 kB
DirectMap4k:      347904 kB
DirectMap2M:     5869568 kB
DirectMap1G:     1048576 kB


CPU:total 4 (initial active 4) (2 cores per cpu, 2 threads per core) family 6 model 69 stepping 1, cmov, cx8, fxsr, mmx, sse, sse2, sse3, ssse3, sse4.1, sse4.2, popcnt, avx, avx2, aes, clmul, erms, lzcnt, ht, tsc, tscinvbit, bmi1, bmi2

/proc/cpuinfo:
processor	: 0
vendor_id	: GenuineIntel
cpu family	: 6
model		: 69
model name	: Intel(R) Core(TM) i7-4510U CPU @ 2.00GHz
stepping	: 1
microcode	: 0x1c
cpu MHz		: 2729.090
cache size	: 4096 KB
physical id	: 0
siblings	: 4
core id		: 0
cpu cores	: 2
apicid		: 0
initial apicid	: 0
fpu		: yes
fpu_exception	: yes
cpuid level	: 13
wp		: yes
flags		: fpu vme de pse tsc msr pae mce cx8 apic sep mtrr pge mca cmov pat pse36 clflush dts acpi mmx fxsr sse sse2 ss ht tm pbe syscall nx pdpe1gb rdtscp lm constant_tsc arch_perfmon pebs bts rep_good nopl xtopology nonstop_tsc cpuid aperfmperf pni pclmulqdq dtes64 monitor ds_cpl vmx est tm2 ssse3 sdbg fma cx16 xtpr pdcm pcid sse4_1 sse4_2 movbe popcnt aes xsave avx f16c rdrand lahf_lm abm cpuid_fault epb invpcid_single pti tpr_shadow vnmi flexpriority ept vpid fsgsbase tsc_adjust bmi1 avx2 smep bmi2 erms invpcid xsaveopt dtherm ida arat pln pts
bugs		: cpu_meltdown spectre_v1 spectre_v2
bogomips	: 5188.16
clflush size	: 64
cache_alignment	: 64
address sizes	: 39 bits physical, 48 bits virtual
power management:

processor	: 1
vendor_id	: GenuineIntel
cpu family	: 6
model		: 69
model name	: Intel(R) Core(TM) i7-4510U CPU @ 2.00GHz
stepping	: 1
microcode	: 0x1c
cpu MHz		: 2911.907
cache size	: 4096 KB
physical id	: 0
siblings	: 4
core id		: 0
cpu cores	: 2
apicid		: 1
initial apicid	: 1
fpu		: yes
fpu_exception	: yes
cpuid level	: 13
wp		: yes
flags		: fpu vme de pse tsc msr pae mce cx8 apic sep mtrr pge mca cmov pat pse36 clflush dts acpi mmx fxsr sse sse2 ss ht tm pbe syscall nx pdpe1gb rdtscp lm constant_tsc arch_perfmon pebs bts rep_good nopl xtopology nonstop_tsc cpuid aperfmperf pni pclmulqdq dtes64 monitor ds_cpl vmx est tm2 ssse3 sdbg fma cx16 xtpr pdcm pcid sse4_1 sse4_2 movbe popcnt aes xsave avx f16c rdrand lahf_lm abm cpuid_fault epb invpcid_single pti tpr_shadow vnmi flexpriority ept vpid fsgsbase tsc_adjust bmi1 avx2 smep bmi2 erms invpcid xsaveopt dtherm ida arat pln pts
bugs		: cpu_meltdown spectre_v1 spectre_v2
bogomips	: 5188.16
clflush size	: 64
cache_alignment	: 64
address sizes	: 39 bits physical, 48 bits virtual
power management:

processor	: 2
vendor_id	: GenuineIntel
cpu family	: 6
model		: 69
model name	: Intel(R) Core(TM) i7-4510U CPU @ 2.00GHz
stepping	: 1
microcode	: 0x1c
cpu MHz		: 2736.695
cache size	: 4096 KB
physical id	: 0
siblings	: 4
core id		: 1
cpu cores	: 2
apicid		: 2
initial apicid	: 2
fpu		: yes
fpu_exception	: yes
cpuid level	: 13
wp		: yes
flags		: fpu vme de pse tsc msr pae mce cx8 apic sep mtrr pge mca cmov pat pse36 clflush dts acpi mmx fxsr sse sse2 ss ht tm pbe syscall nx pdpe1gb rdtscp lm constant_tsc arch_perfmon pebs bts rep_good nopl xtopology nonstop_tsc cpuid aperfmperf pni pclmulqdq dtes64 monitor ds_cpl vmx est tm2 ssse3 sdbg fma cx16 xtpr pdcm pcid sse4_1 sse4_2 movbe popcnt aes xsave avx f16c rdrand lahf_lm abm cpuid_fault epb invpcid_single pti tpr_shadow vnmi flexpriority ept vpid fsgsbase tsc_adjust bmi1 avx2 smep bmi2 erms invpcid xsaveopt dtherm ida arat pln pts
bugs		: cpu_meltdown spectre_v1 spectre_v2
bogomips	: 5188.16
clflush size	: 64
cache_alignment	: 64
address sizes	: 39 bits physical, 48 bits virtual
power management:

processor	: 3
vendor_id	: GenuineIntel
cpu family	: 6
model		: 69
model name	: Intel(R) Core(TM) i7-4510U CPU @ 2.00GHz
stepping	: 1
microcode	: 0x1c
cpu MHz		: 2748.617
cache size	: 4096 KB
physical id	: 0
siblings	: 4
core id		: 1
cpu cores	: 2
apicid		: 3
initial apicid	: 3
fpu		: yes
fpu_exception	: yes
cpuid level	: 13
wp		: yes
flags		: fpu vme de pse tsc msr pae mce cx8 apic sep mtrr pge mca cmov pat pse36 clflush dts acpi mmx fxsr sse sse2 ss ht tm pbe syscall nx pdpe1gb rdtscp lm constant_tsc arch_perfmon pebs bts rep_good nopl xtopology nonstop_tsc cpuid aperfmperf pni pclmulqdq dtes64 monitor ds_cpl vmx est tm2 ssse3 sdbg fma cx16 xtpr pdcm pcid sse4_1 sse4_2 movbe popcnt aes xsave avx f16c rdrand lahf_lm abm cpuid_fault epb invpcid_single pti tpr_shadow vnmi flexpriority ept vpid fsgsbase tsc_adjust bmi1 avx2 smep bmi2 erms invpcid xsaveopt dtherm ida arat pln pts
bugs		: cpu_meltdown spectre_v1 spectre_v2
bogomips	: 5188.16
clflush size	: 64
cache_alignment	: 64
address sizes	: 39 bits physical, 48 bits virtual
power management:



Memory: 4k page, physical 6029428k(99476k free), swap 2097148k(0k free)

vm_info: Java HotSpot(TM) 64-Bit Server VM (25.181-b13) for linux-amd64 JRE (1.8.0_181-b13), built on Jul  7 2018 00:56:38 by "java_re" with gcc 4.3.0 20080428 (Red Hat 4.3.0-8)

time: Sun Oct 14 00:39:24 2018
elapsed time: 190 seconds (0d 0h 3m 10s)

